/home/kronbii/github-repos/ROS2-Smart-Home-System/install/house_node/lib/python3.12/site-packages/house_node/SecurityControlService.py
/home/kronbii/github-repos/ROS2-Smart-Home-System/install/house_node/lib/python3.12/site-packages/house_node/TempControlService.py
/home/kronbii/github-repos/ROS2-Smart-Home-System/install/house_node/lib/python3.12/site-packages/house_node/LightActionClient.py
/home/kronbii/github-repos/ROS2-Smart-Home-System/install/house_node/lib/python3.12/site-packages/house_node/SecurityControlPub.py
/home/kronbii/github-repos/ROS2-Smart-Home-System/install/house_node/lib/python3.12/site-packages/house_node/LightControlService.py
/home/kronbii/github-repos/ROS2-Smart-Home-System/install/house_node/lib/python3.12/site-packages/house_node/TempActionClient.py
/home/kronbii/github-repos/ROS2-Smart-Home-System/install/house_node/lib/python3.12/site-packages/house_node/__init__.py
/home/kronbii/github-repos/ROS2-Smart-Home-System/install/house_node/lib/python3.12/site-packages/house_node/TempControlClient.py
/home/kronbii/github-repos/ROS2-Smart-Home-System/install/house_node/lib/python3.12/site-packages/house_node/LightControlClient.py
/home/kronbii/github-repos/ROS2-Smart-Home-System/install/house_node/lib/python3.12/site-packages/house_node/__pycache__/SecurityControlService.cpython-312.pyc
/home/kronbii/github-repos/ROS2-Smart-Home-System/install/house_node/lib/python3.12/site-packages/house_node/__pycache__/TempControlService.cpython-312.pyc
/home/kronbii/github-repos/ROS2-Smart-Home-System/install/house_node/lib/python3.12/site-packages/house_node/__pycache__/LightActionClient.cpython-312.pyc
/home/kronbii/github-repos/ROS2-Smart-Home-System/install/house_node/lib/python3.12/site-packages/house_node/__pycache__/SecurityControlPub.cpython-312.pyc
/home/kronbii/github-repos/ROS2-Smart-Home-System/install/house_node/lib/python3.12/site-packages/house_node/__pycache__/LightControlService.cpython-312.pyc
/home/kronbii/github-repos/ROS2-Smart-Home-System/install/house_node/lib/python3.12/site-packages/house_node/__pycache__/TempActionClient.cpython-312.pyc
/home/kronbii/github-repos/ROS2-Smart-Home-System/install/house_node/lib/python3.12/site-packages/house_node/__pycache__/__init__.cpython-312.pyc
/home/kronbii/github-repos/ROS2-Smart-Home-System/install/house_node/lib/python3.12/site-packages/house_node/__pycache__/TempControlClient.cpython-312.pyc
/home/kronbii/github-repos/ROS2-Smart-Home-System/install/house_node/lib/python3.12/site-packages/house_node/__pycache__/LightControlClient.cpython-312.pyc
/home/kronbii/github-repos/ROS2-Smart-Home-System/install/house_node/share/ament_index/resource_index/packages/house_node
/home/kronbii/github-repos/ROS2-Smart-Home-System/install/house_node/share/house_node/package.xml
/home/kronbii/github-repos/ROS2-Smart-Home-System/install/house_node/lib/python3.12/site-packages/house_node-0.0.0-py3.12.egg-info/requires.txt
/home/kronbii/github-repos/ROS2-Smart-Home-System/install/house_node/lib/python3.12/site-packages/house_node-0.0.0-py3.12.egg-info/PKG-INFO
/home/kronbii/github-repos/ROS2-Smart-Home-System/install/house_node/lib/python3.12/site-packages/house_node-0.0.0-py3.12.egg-info/zip-safe
/home/kronbii/github-repos/ROS2-Smart-Home-System/install/house_node/lib/python3.12/site-packages/house_node-0.0.0-py3.12.egg-info/top_level.txt
/home/kronbii/github-repos/ROS2-Smart-Home-System/install/house_node/lib/python3.12/site-packages/house_node-0.0.0-py3.12.egg-info/entry_points.txt
/home/kronbii/github-repos/ROS2-Smart-Home-System/install/house_node/lib/python3.12/site-packages/house_node-0.0.0-py3.12.egg-info/dependency_links.txt
/home/kronbii/github-repos/ROS2-Smart-Home-System/install/house_node/lib/python3.12/site-packages/house_node-0.0.0-py3.12.egg-info/SOURCES.txt
/home/kronbii/github-repos/ROS2-Smart-Home-System/install/house_node/lib/house_node/auto_light_control
/home/kronbii/github-repos/ROS2-Smart-Home-System/install/house_node/lib/house_node/auto_security_control
/home/kronbii/github-repos/ROS2-Smart-Home-System/install/house_node/lib/house_node/auto_temp_control
/home/kronbii/github-repos/ROS2-Smart-Home-System/install/house_node/lib/house_node/light_control_service
/home/kronbii/github-repos/ROS2-Smart-Home-System/install/house_node/lib/house_node/security_switch
/home/kronbii/github-repos/ROS2-Smart-Home-System/install/house_node/lib/house_node/switch_light
/home/kronbii/github-repos/ROS2-Smart-Home-System/install/house_node/lib/house_node/switch_thermo
/home/kronbii/github-repos/ROS2-Smart-Home-System/install/house_node/lib/house_node/temp_control_service
