-- The C compiler identification is GNU 13.3.0
-- The CXX compiler identification is GNU 13.3.0
-- Detecting C compiler ABI info
-- Detecting C compiler ABI info - done
-- Check for working C compiler: /usr/bin/cc - skipped
-- Detecting C compile features
-- Detecting C compile features - done
-- Detecting CXX compiler ABI info
-- Detecting CXX compiler ABI info - done
-- Check for working CXX compiler: /usr/bin/c++ - skipped
-- Detecting CXX compile features
-- Detecting CXX compile features - done
-- Found ament_cmake: 2.5.2 (/opt/ros/jazzy/share/ament_cmake/cmake)
-- Found Python3: /usr/bin/python3 (found version "3.12.3") found components: Interpreter 
-- Found rosidl_default_generators: 1.6.0 (/opt/ros/jazzy/share/rosidl_default_generators/cmake)
-- Using all available rosidl_typesupport_c: rosidl_typesupport_fastrtps_c;rosidl_typesupport_introspection_c
-- Using all available rosidl_typesupport_cpp: rosidl_typesupport_fastrtps_cpp;rosidl_typesupport_introspection_cpp
-- Found rosidl_adapter: 4.6.4 (/opt/ros/jazzy/share/rosidl_adapter/cmake)
-- Found ament_cmake_ros: 0.12.0 (/opt/ros/jazzy/share/ament_cmake_ros/cmake)
-- Using all available rosidl_typesupport_c: rosidl_typesupport_fastrtps_c;rosidl_typesupport_introspection_c
-- Using all available rosidl_typesupport_cpp: rosidl_typesupport_fastrtps_cpp;rosidl_typesupport_introspection_cpp
-- Found python_cmake_module: 0.11.1 (/opt/ros/jazzy/share/python_cmake_module/cmake)
-- Found PythonExtra: /usr/bin/python3  
-- Found Python3: /usr/bin/python3 (found version "3.12.3") found components: Interpreter Development NumPy Development.Module Development.Embed 
-- Found ament_lint_auto: 0.17.1 (/opt/ros/jazzy/share/ament_lint_auto/cmake)
-- Added test 'lint_cmake' to check CMake code style
-- Added test 'xmllint' to check XML markup files
-- Configuring done (2.8s)
-- Generating done (0.0s)
-- Build files have been written to: /home/kronbii/github-repos/ROS2-Smart-Home-System/build/house_interface
[  1%] [34m[1mGenerating type hashes for ROS interfaces[0m
[  1%] Built target ament_cmake_python_copy_house_interface
running egg_info
creating house_interface.egg-info
writing house_interface.egg-info/PKG-INFO
writing dependency_links to house_interface.egg-info/dependency_links.txt
writing top-level names to house_interface.egg-info/top_level.txt
writing manifest file 'house_interface.egg-info/SOURCES.txt'
[  1%] Built target house_interface__rosidl_generator_type_description
[  2%] [34m[1mGenerating C code for ROS interfaces[0m
[  2%] [34m[1mGenerating C++ code for ROS interfaces[0m
reading manifest file 'house_interface.egg-info/SOURCES.txt'
writing manifest file 'house_interface.egg-info/SOURCES.txt'
[  2%] Built target ament_cmake_python_build_house_interface_egg
[  2%] Built target house_interface__cpp
[  5%] [32mBuilding C object CMakeFiles/house_interface__rosidl_generator_c.dir/rosidl_generator_c/house_interface/msg/detail/temp_state_msg__type_support.c.o[0m
[  5%] [32mBuilding C object CMakeFiles/house_interface__rosidl_generator_c.dir/rosidl_generator_c/house_interface/msg/detail/motion_detect__type_support.c.o[0m
[  5%] [32mBuilding C object CMakeFiles/house_interface__rosidl_generator_c.dir/rosidl_generator_c/house_interface/msg/detail/temp_state_msg__description.c.o[0m
[  5%] [32mBuilding C object CMakeFiles/house_interface__rosidl_generator_c.dir/rosidl_generator_c/house_interface/msg/detail/ambient_light__functions.c.o[0m
[  6%] [32mBuilding C object CMakeFiles/house_interface__rosidl_generator_c.dir/rosidl_generator_c/house_interface/msg/detail/ambient_light__type_support.c.o[0m
[  6%] [32mBuilding C object CMakeFiles/house_interface__rosidl_generator_c.dir/rosidl_generator_c/house_interface/msg/detail/motion_detect__functions.c.o[0m
[  7%] [32mBuilding C object CMakeFiles/house_interface__rosidl_generator_c.dir/rosidl_generator_c/house_interface/msg/detail/temp_state_msg__functions.c.o[0m
[  8%] [32mBuilding C object CMakeFiles/house_interface__rosidl_generator_c.dir/rosidl_generator_c/house_interface/msg/detail/motion_detect__description.c.o[0m
[  9%] [32mBuilding C object CMakeFiles/house_interface__rosidl_generator_c.dir/rosidl_generator_c/house_interface/msg/detail/ambient_light__description.c.o[0m
[ 10%] [32mBuilding C object CMakeFiles/house_interface__rosidl_generator_c.dir/rosidl_generator_c/house_interface/msg/detail/light_state_msg__description.c.o[0m
[ 11%] [32mBuilding C object CMakeFiles/house_interface__rosidl_generator_c.dir/rosidl_generator_c/house_interface/msg/detail/light_state_msg__functions.c.o[0m
[ 12%] [32mBuilding C object CMakeFiles/house_interface__rosidl_generator_c.dir/rosidl_generator_c/house_interface/msg/detail/light_state_msg__type_support.c.o[0m
[ 12%] [32mBuilding C object CMakeFiles/house_interface__rosidl_generator_c.dir/rosidl_generator_c/house_interface/msg/detail/security_state_msg__description.c.o[0m
[ 13%] [32mBuilding C object CMakeFiles/house_interface__rosidl_generator_c.dir/rosidl_generator_c/house_interface/msg/detail/security_state_msg__functions.c.o[0m
[ 14%] [32mBuilding C object CMakeFiles/house_interface__rosidl_generator_c.dir/rosidl_generator_c/house_interface/msg/detail/security_state_msg__type_support.c.o[0m
[ 15%] [32mBuilding C object CMakeFiles/house_interface__rosidl_generator_c.dir/rosidl_generator_c/house_interface/srv/detail/light_state__description.c.o[0m
[ 18%] [32mBuilding C object CMakeFiles/house_interface__rosidl_generator_c.dir/rosidl_generator_c/house_interface/srv/detail/set_temp__functions.c.o[0m
[ 18%] [32mBuilding C object CMakeFiles/house_interface__rosidl_generator_c.dir/rosidl_generator_c/house_interface/srv/detail/set_temp__description.c.o[0m
[ 18%] [32mBuilding C object CMakeFiles/house_interface__rosidl_generator_c.dir/rosidl_generator_c/house_interface/srv/detail/light_state__type_support.c.o[0m
[ 18%] [32mBuilding C object CMakeFiles/house_interface__rosidl_generator_c.dir/rosidl_generator_c/house_interface/srv/detail/light_state__functions.c.o[0m
[ 19%] [32mBuilding C object CMakeFiles/house_interface__rosidl_generator_c.dir/rosidl_generator_c/house_interface/srv/detail/set_temp__type_support.c.o[0m
[ 22%] [32mBuilding C object CMakeFiles/house_interface__rosidl_generator_c.dir/rosidl_generator_c/house_interface/srv/detail/set_security__functions.c.o[0m
[ 22%] [32mBuilding C object CMakeFiles/house_interface__rosidl_generator_c.dir/rosidl_generator_c/house_interface/srv/detail/set_security__description.c.o[0m
[ 22%] [32mBuilding C object CMakeFiles/house_interface__rosidl_generator_c.dir/rosidl_generator_c/house_interface/srv/detail/set_security__type_support.c.o[0m
[ 22%] [32mBuilding C object CMakeFiles/house_interface__rosidl_generator_c.dir/rosidl_generator_c/house_interface/action/detail/dim_light__description.c.o[0m
[ 23%] [32mBuilding C object CMakeFiles/house_interface__rosidl_generator_c.dir/rosidl_generator_c/house_interface/action/detail/dim_light__functions.c.o[0m
[ 26%] [32mBuilding C object CMakeFiles/house_interface__rosidl_generator_c.dir/rosidl_generator_c/house_interface/action/detail/regulate_temp__type_support.c.o[0m
[ 26%] [32mBuilding C object CMakeFiles/house_interface__rosidl_generator_c.dir/rosidl_generator_c/house_interface/action/detail/regulate_temp__functions.c.o[0m
[ 26%] [32mBuilding C object CMakeFiles/house_interface__rosidl_generator_c.dir/rosidl_generator_c/house_interface/action/detail/regulate_temp__description.c.o[0m
[ 26%] [32mBuilding C object CMakeFiles/house_interface__rosidl_generator_c.dir/rosidl_generator_c/house_interface/action/detail/dim_light__type_support.c.o[0m
[ 27%] [32m[1mLinking C shared library libhouse_interface__rosidl_generator_c.so[0m
[ 27%] Built target house_interface__rosidl_generator_c
[ 30%] [34m[1mGenerating C++ type support dispatch for ROS interfaces[0m
[ 30%] [34m[1mGenerating C type support for eProsima Fast-RTPS[0m
[ 30%] [34m[1mGenerating C type support dispatch for ROS interfaces[0m
[ 30%] [34m[1mGenerating C introspection for ROS interfaces[0m
[ 30%] [34m[1mGenerating C++ type support for eProsima Fast-RTPS[0m
[ 31%] [34m[1mGenerating C++ introspection for ROS interfaces[0m
[ 32%] [32mBuilding CXX object CMakeFiles/house_interface__rosidl_typesupport_c.dir/rosidl_typesupport_c/house_interface/msg/ambient_light__type_support.cpp.o[0m
[ 33%] [32mBuilding CXX object CMakeFiles/house_interface__rosidl_typesupport_c.dir/rosidl_typesupport_c/house_interface/msg/temp_state_msg__type_support.cpp.o[0m
[ 34%] [32mBuilding CXX object CMakeFiles/house_interface__rosidl_typesupport_c.dir/rosidl_typesupport_c/house_interface/msg/motion_detect__type_support.cpp.o[0m
[ 35%] [32mBuilding CXX object CMakeFiles/house_interface__rosidl_typesupport_c.dir/rosidl_typesupport_c/house_interface/msg/security_state_msg__type_support.cpp.o[0m
[ 35%] [32mBuilding CXX object CMakeFiles/house_interface__rosidl_typesupport_c.dir/rosidl_typesupport_c/house_interface/msg/light_state_msg__type_support.cpp.o[0m
[ 36%] [32mBuilding CXX object CMakeFiles/house_interface__rosidl_typesupport_c.dir/rosidl_typesupport_c/house_interface/srv/set_temp__type_support.cpp.o[0m
[ 37%] [32mBuilding CXX object CMakeFiles/house_interface__rosidl_typesupport_c.dir/rosidl_typesupport_c/house_interface/srv/set_security__type_support.cpp.o[0m
[ 38%] [32mBuilding CXX object CMakeFiles/house_interface__rosidl_typesupport_c.dir/rosidl_typesupport_c/house_interface/srv/light_state__type_support.cpp.o[0m
[ 39%] [32mBuilding CXX object CMakeFiles/house_interface__rosidl_typesupport_c.dir/rosidl_typesupport_c/house_interface/action/dim_light__type_support.cpp.o[0m
[ 39%] [32mBuilding CXX object CMakeFiles/house_interface__rosidl_typesupport_c.dir/rosidl_typesupport_c/house_interface/action/regulate_temp__type_support.cpp.o[0m
[ 41%] [32mBuilding CXX object CMakeFiles/house_interface__rosidl_typesupport_cpp.dir/rosidl_typesupport_cpp/house_interface/msg/motion_detect__type_support.cpp.o[0m
[ 41%] [32mBuilding CXX object CMakeFiles/house_interface__rosidl_typesupport_cpp.dir/rosidl_typesupport_cpp/house_interface/msg/temp_state_msg__type_support.cpp.o[0m
[ 43%] [32mBuilding CXX object CMakeFiles/house_interface__rosidl_typesupport_cpp.dir/rosidl_typesupport_cpp/house_interface/msg/light_state_msg__type_support.cpp.o[0m
[ 43%] [32mBuilding CXX object CMakeFiles/house_interface__rosidl_typesupport_cpp.dir/rosidl_typesupport_cpp/house_interface/msg/security_state_msg__type_support.cpp.o[0m
[ 43%] [32mBuilding CXX object CMakeFiles/house_interface__rosidl_typesupport_cpp.dir/rosidl_typesupport_cpp/house_interface/msg/ambient_light__type_support.cpp.o[0m
[ 44%] [32mBuilding CXX object CMakeFiles/house_interface__rosidl_typesupport_cpp.dir/rosidl_typesupport_cpp/house_interface/srv/light_state__type_support.cpp.o[0m
[ 45%] [32mBuilding CXX object CMakeFiles/house_interface__rosidl_typesupport_cpp.dir/rosidl_typesupport_cpp/house_interface/srv/set_temp__type_support.cpp.o[0m
[ 46%] [32mBuilding CXX object CMakeFiles/house_interface__rosidl_typesupport_cpp.dir/rosidl_typesupport_cpp/house_interface/action/dim_light__type_support.cpp.o[0m
[ 46%] [32mBuilding CXX object CMakeFiles/house_interface__rosidl_typesupport_cpp.dir/rosidl_typesupport_cpp/house_interface/srv/set_security__type_support.cpp.o[0m
[ 47%] [32mBuilding CXX object CMakeFiles/house_interface__rosidl_typesupport_cpp.dir/rosidl_typesupport_cpp/house_interface/action/regulate_temp__type_support.cpp.o[0m
[ 48%] [32m[1mLinking CXX shared library libhouse_interface__rosidl_typesupport_c.so[0m
[ 48%] Built target house_interface__rosidl_typesupport_c
[ 49%] [32mBuilding CXX object CMakeFiles/house_interface__rosidl_typesupport_introspection_cpp.dir/rosidl_typesupport_introspection_cpp/house_interface/msg/detail/temp_state_msg__type_support.cpp.o[0m
[ 50%] [32mBuilding CXX object CMakeFiles/house_interface__rosidl_typesupport_introspection_cpp.dir/rosidl_typesupport_introspection_cpp/house_interface/msg/detail/ambient_light__type_support.cpp.o[0m
[ 50%] [32mBuilding CXX object CMakeFiles/house_interface__rosidl_typesupport_introspection_cpp.dir/rosidl_typesupport_introspection_cpp/house_interface/msg/detail/motion_detect__type_support.cpp.o[0m
[ 51%] [32mBuilding CXX object CMakeFiles/house_interface__rosidl_typesupport_introspection_cpp.dir/rosidl_typesupport_introspection_cpp/house_interface/msg/detail/light_state_msg__type_support.cpp.o[0m
[ 52%] [32mBuilding CXX object CMakeFiles/house_interface__rosidl_typesupport_introspection_cpp.dir/rosidl_typesupport_introspection_cpp/house_interface/msg/detail/security_state_msg__type_support.cpp.o[0m
[ 53%] [32mBuilding CXX object CMakeFiles/house_interface__rosidl_typesupport_introspection_cpp.dir/rosidl_typesupport_introspection_cpp/house_interface/srv/detail/light_state__type_support.cpp.o[0m
[ 53%] [32mBuilding CXX object CMakeFiles/house_interface__rosidl_typesupport_introspection_cpp.dir/rosidl_typesupport_introspection_cpp/house_interface/srv/detail/set_temp__type_support.cpp.o[0m
[ 54%] [32mBuilding CXX object CMakeFiles/house_interface__rosidl_typesupport_introspection_cpp.dir/rosidl_typesupport_introspection_cpp/house_interface/srv/detail/set_security__type_support.cpp.o[0m
[ 55%] [32mBuilding C object CMakeFiles/house_interface__rosidl_typesupport_introspection_c.dir/rosidl_typesupport_introspection_c/house_interface/msg/detail/temp_state_msg__type_support.c.o[0m
[ 56%] [32mBuilding C object CMakeFiles/house_interface__rosidl_typesupport_introspection_c.dir/rosidl_typesupport_introspection_c/house_interface/msg/detail/motion_detect__type_support.c.o[0m
[ 58%] [32mBuilding C object CMakeFiles/house_interface__rosidl_typesupport_introspection_c.dir/rosidl_typesupport_introspection_c/house_interface/msg/detail/ambient_light__type_support.c.o[0m
[ 58%] [32mBuilding CXX object CMakeFiles/house_interface__rosidl_typesupport_introspection_cpp.dir/rosidl_typesupport_introspection_cpp/house_interface/action/detail/dim_light__type_support.cpp.o[0m
[ 59%] [32mBuilding CXX object CMakeFiles/house_interface__rosidl_typesupport_introspection_cpp.dir/rosidl_typesupport_introspection_cpp/house_interface/action/detail/regulate_temp__type_support.cpp.o[0m
[ 59%] [32mBuilding C object CMakeFiles/house_interface__rosidl_typesupport_introspection_c.dir/rosidl_typesupport_introspection_c/house_interface/msg/detail/light_state_msg__type_support.c.o[0m
[ 60%] [32mBuilding C object CMakeFiles/house_interface__rosidl_typesupport_introspection_c.dir/rosidl_typesupport_introspection_c/house_interface/msg/detail/security_state_msg__type_support.c.o[0m
[ 61%] [32mBuilding C object CMakeFiles/house_interface__rosidl_typesupport_introspection_c.dir/rosidl_typesupport_introspection_c/house_interface/srv/detail/light_state__type_support.c.o[0m
[ 62%] [32mBuilding C object CMakeFiles/house_interface__rosidl_typesupport_introspection_c.dir/rosidl_typesupport_introspection_c/house_interface/srv/detail/set_temp__type_support.c.o[0m
[ 63%] [32mBuilding C object CMakeFiles/house_interface__rosidl_typesupport_introspection_c.dir/rosidl_typesupport_introspection_c/house_interface/srv/detail/set_security__type_support.c.o[0m
[ 63%] [32mBuilding C object CMakeFiles/house_interface__rosidl_typesupport_introspection_c.dir/rosidl_typesupport_introspection_c/house_interface/action/detail/dim_light__type_support.c.o[0m
[ 64%] [32mBuilding C object CMakeFiles/house_interface__rosidl_typesupport_introspection_c.dir/rosidl_typesupport_introspection_c/house_interface/action/detail/regulate_temp__type_support.c.o[0m
[ 65%] [32m[1mLinking C shared library libhouse_interface__rosidl_typesupport_introspection_c.so[0m
[ 67%] [32mBuilding CXX object CMakeFiles/house_interface__rosidl_typesupport_fastrtps_cpp.dir/rosidl_typesupport_fastrtps_cpp/house_interface/msg/detail/dds_fastrtps/temp_state_msg__type_support.cpp.o[0m
[ 67%] [32mBuilding CXX object CMakeFiles/house_interface__rosidl_typesupport_fastrtps_cpp.dir/rosidl_typesupport_fastrtps_cpp/house_interface/msg/detail/dds_fastrtps/ambient_light__type_support.cpp.o[0m
[ 69%] [32mBuilding CXX object CMakeFiles/house_interface__rosidl_typesupport_fastrtps_cpp.dir/rosidl_typesupport_fastrtps_cpp/house_interface/srv/detail/dds_fastrtps/light_state__type_support.cpp.o[0m
[ 69%] [32mBuilding CXX object CMakeFiles/house_interface__rosidl_typesupport_fastrtps_cpp.dir/rosidl_typesupport_fastrtps_cpp/house_interface/msg/detail/dds_fastrtps/light_state_msg__type_support.cpp.o[0m
[ 69%] [32mBuilding CXX object CMakeFiles/house_interface__rosidl_typesupport_fastrtps_cpp.dir/rosidl_typesupport_fastrtps_cpp/house_interface/msg/detail/dds_fastrtps/security_state_msg__type_support.cpp.o[0m
[ 70%] [32mBuilding CXX object CMakeFiles/house_interface__rosidl_typesupport_fastrtps_cpp.dir/rosidl_typesupport_fastrtps_cpp/house_interface/msg/detail/dds_fastrtps/motion_detect__type_support.cpp.o[0m
[ 71%] [32mBuilding CXX object CMakeFiles/house_interface__rosidl_typesupport_fastrtps_cpp.dir/rosidl_typesupport_fastrtps_cpp/house_interface/srv/detail/dds_fastrtps/set_temp__type_support.cpp.o[0m
[ 71%] Built target house_interface__rosidl_typesupport_introspection_c
[ 72%] [32mBuilding CXX object CMakeFiles/house_interface__rosidl_typesupport_fastrtps_cpp.dir/rosidl_typesupport_fastrtps_cpp/house_interface/srv/detail/dds_fastrtps/set_security__type_support.cpp.o[0m
[ 73%] [32mBuilding CXX object CMakeFiles/house_interface__rosidl_typesupport_fastrtps_cpp.dir/rosidl_typesupport_fastrtps_cpp/house_interface/action/detail/dds_fastrtps/dim_light__type_support.cpp.o[0m
[ 74%] [32m[1mLinking CXX shared library libhouse_interface__rosidl_typesupport_cpp.so[0m
[ 75%] [32mBuilding CXX object CMakeFiles/house_interface__rosidl_typesupport_fastrtps_cpp.dir/rosidl_typesupport_fastrtps_cpp/house_interface/action/detail/dds_fastrtps/regulate_temp__type_support.cpp.o[0m
[ 77%] [32mBuilding CXX object CMakeFiles/house_interface__rosidl_typesupport_fastrtps_c.dir/rosidl_typesupport_fastrtps_c/house_interface/msg/detail/motion_detect__type_support_c.cpp.o[0m
[ 77%] [32mBuilding CXX object CMakeFiles/house_interface__rosidl_typesupport_fastrtps_c.dir/rosidl_typesupport_fastrtps_c/house_interface/msg/detail/temp_state_msg__type_support_c.cpp.o[0m
[ 77%] [32mBuilding CXX object CMakeFiles/house_interface__rosidl_typesupport_fastrtps_c.dir/rosidl_typesupport_fastrtps_c/house_interface/msg/detail/ambient_light__type_support_c.cpp.o[0m
[ 77%] Built target house_interface__rosidl_typesupport_cpp
[ 78%] [32mBuilding CXX object CMakeFiles/house_interface__rosidl_typesupport_fastrtps_c.dir/rosidl_typesupport_fastrtps_c/house_interface/msg/detail/light_state_msg__type_support_c.cpp.o[0m
[ 79%] [32mBuilding CXX object CMakeFiles/house_interface__rosidl_typesupport_fastrtps_c.dir/rosidl_typesupport_fastrtps_c/house_interface/msg/detail/security_state_msg__type_support_c.cpp.o[0m
[ 80%] [32mBuilding CXX object CMakeFiles/house_interface__rosidl_typesupport_fastrtps_c.dir/rosidl_typesupport_fastrtps_c/house_interface/srv/detail/light_state__type_support_c.cpp.o[0m
[ 80%] [32mBuilding CXX object CMakeFiles/house_interface__rosidl_typesupport_fastrtps_c.dir/rosidl_typesupport_fastrtps_c/house_interface/srv/detail/set_temp__type_support_c.cpp.o[0m
[ 81%] [32mBuilding CXX object CMakeFiles/house_interface__rosidl_typesupport_fastrtps_c.dir/rosidl_typesupport_fastrtps_c/house_interface/srv/detail/set_security__type_support_c.cpp.o[0m
[ 82%] [32mBuilding CXX object CMakeFiles/house_interface__rosidl_typesupport_fastrtps_c.dir/rosidl_typesupport_fastrtps_c/house_interface/action/detail/dim_light__type_support_c.cpp.o[0m
[ 83%] [32mBuilding CXX object CMakeFiles/house_interface__rosidl_typesupport_fastrtps_c.dir/rosidl_typesupport_fastrtps_c/house_interface/action/detail/regulate_temp__type_support_c.cpp.o[0m
[ 84%] [32m[1mLinking CXX shared library libhouse_interface__rosidl_typesupport_introspection_cpp.so[0m
[ 84%] Built target house_interface__rosidl_typesupport_introspection_cpp
[ 85%] [32m[1mLinking CXX shared library libhouse_interface__rosidl_typesupport_fastrtps_c.so[0m
[ 85%] [32m[1mLinking CXX shared library libhouse_interface__rosidl_typesupport_fastrtps_cpp.so[0m
[ 85%] Built target house_interface__rosidl_typesupport_fastrtps_c
[ 85%] Built target house_interface__rosidl_typesupport_fastrtps_cpp
[ 85%] Built target house_interface
[ 86%] [34m[1mGenerating Python code for ROS interfaces[0m
[ 86%] Built target house_interface__py
[ 92%] [32mBuilding C object CMakeFiles/house_interface__rosidl_generator_py.dir/rosidl_generator_py/house_interface/msg/_temp_state_msg_s.c.o[0m
[ 92%] [32mBuilding C object CMakeFiles/house_interface__rosidl_generator_py.dir/rosidl_generator_py/house_interface/srv/_light_state_s.c.o[0m
[ 92%] [32mBuilding C object CMakeFiles/house_interface__rosidl_generator_py.dir/rosidl_generator_py/house_interface/srv/_set_temp_s.c.o[0m
[ 92%] [32mBuilding C object CMakeFiles/house_interface__rosidl_generator_py.dir/rosidl_generator_py/house_interface/msg/_security_state_msg_s.c.o[0m
[ 92%] [32mBuilding C object CMakeFiles/house_interface__rosidl_generator_py.dir/rosidl_generator_py/house_interface/msg/_motion_detect_s.c.o[0m
[ 92%] [32mBuilding C object CMakeFiles/house_interface__rosidl_generator_py.dir/rosidl_generator_py/house_interface/action/_dim_light_s.c.o[0m
[ 92%] [32mBuilding C object CMakeFiles/house_interface__rosidl_generator_py.dir/rosidl_generator_py/house_interface/msg/_ambient_light_s.c.o[0m
[ 93%] [32mBuilding C object CMakeFiles/house_interface__rosidl_generator_py.dir/rosidl_generator_py/house_interface/msg/_light_state_msg_s.c.o[0m
[ 93%] [32mBuilding C object CMakeFiles/house_interface__rosidl_generator_py.dir/rosidl_generator_py/house_interface/srv/_set_security_s.c.o[0m
[ 94%] [32mBuilding C object CMakeFiles/house_interface__rosidl_generator_py.dir/rosidl_generator_py/house_interface/action/_regulate_temp_s.c.o[0m
[ 95%] [32m[1mLinking C shared library libhouse_interface__rosidl_generator_py.so[0m
[ 95%] Built target house_interface__rosidl_generator_py
[ 97%] [32mBuilding C object CMakeFiles/house_interface_s__rosidl_typesupport_introspection_c.dir/rosidl_generator_py/house_interface/_house_interface_s.ep.rosidl_typesupport_introspection_c.c.o[0m
[ 97%] [32mBuilding C object CMakeFiles/house_interface_s__rosidl_typesupport_c.dir/rosidl_generator_py/house_interface/_house_interface_s.ep.rosidl_typesupport_c.c.o[0m
[ 97%] [32mBuilding C object CMakeFiles/house_interface_s__rosidl_typesupport_fastrtps_c.dir/rosidl_generator_py/house_interface/_house_interface_s.ep.rosidl_typesupport_fastrtps_c.c.o[0m
[ 99%] [32m[1mLinking C shared module rosidl_generator_py/house_interface/house_interface_s__rosidl_typesupport_introspection_c.so[0m
[ 99%] [32m[1mLinking C shared module rosidl_generator_py/house_interface/house_interface_s__rosidl_typesupport_c.so[0m
[100%] [32m[1mLinking C shared module rosidl_generator_py/house_interface/house_interface_s__rosidl_typesupport_fastrtps_c.so[0m
[100%] Built target house_interface_s__rosidl_typesupport_c
[100%] Built target house_interface_s__rosidl_typesupport_introspection_c
[100%] Built target house_interface_s__rosidl_typesupport_fastrtps_c
-- Install configuration: ""
-- Installing: /home/kronbii/github-repos/ROS2-Smart-Home-System/install/house_interface/share/ament_index/resource_index/rosidl_interfaces/house_interface
-- Installing: /home/kronbii/github-repos/ROS2-Smart-Home-System/install/house_interface/share/house_interface/msg/TempStateMsg.json
-- Installing: /home/kronbii/github-repos/ROS2-Smart-Home-System/install/house_interface/share/house_interface/msg/MotionDetect.json
-- Installing: /home/kronbii/github-repos/ROS2-Smart-Home-System/install/house_interface/share/house_interface/msg/AmbientLight.json
-- Installing: /home/kronbii/github-repos/ROS2-Smart-Home-System/install/house_interface/share/house_interface/msg/LightStateMsg.json
-- Installing: /home/kronbii/github-repos/ROS2-Smart-Home-System/install/house_interface/share/house_interface/msg/SecurityStateMsg.json
-- Installing: /home/kronbii/github-repos/ROS2-Smart-Home-System/install/house_interface/share/house_interface/srv/LightState.json
-- Installing: /home/kronbii/github-repos/ROS2-Smart-Home-System/install/house_interface/share/house_interface/srv/SetTemp.json
-- Installing: /home/kronbii/github-repos/ROS2-Smart-Home-System/install/house_interface/share/house_interface/srv/SetSecurity.json
-- Installing: /home/kronbii/github-repos/ROS2-Smart-Home-System/install/house_interface/share/house_interface/action/DimLight.json
-- Installing: /home/kronbii/github-repos/ROS2-Smart-Home-System/install/house_interface/share/house_interface/action/RegulateTemp.json
-- Installing: /home/kronbii/github-repos/ROS2-Smart-Home-System/install/house_interface/include/house_interface/house_interface
-- Installing: /home/kronbii/github-repos/ROS2-Smart-Home-System/install/house_interface/include/house_interface/house_interface/msg
-- Installing: /home/kronbii/github-repos/ROS2-Smart-Home-System/install/house_interface/include/house_interface/house_interface/msg/light_state_msg.h
-- Installing: /home/kronbii/github-repos/ROS2-Smart-Home-System/install/house_interface/include/house_interface/house_interface/msg/rosidl_generator_c__visibility_control.h
-- Installing: /home/kronbii/github-repos/ROS2-Smart-Home-System/install/house_interface/include/house_interface/house_interface/msg/ambient_light.h
-- Installing: /home/kronbii/github-repos/ROS2-Smart-Home-System/install/house_interface/include/house_interface/house_interface/msg/temp_state_msg.h
-- Installing: /home/kronbii/github-repos/ROS2-Smart-Home-System/install/house_interface/include/house_interface/house_interface/msg/security_state_msg.h
-- Installing: /home/kronbii/github-repos/ROS2-Smart-Home-System/install/house_interface/include/house_interface/house_interface/msg/motion_detect.h
-- Installing: /home/kronbii/github-repos/ROS2-Smart-Home-System/install/house_interface/include/house_interface/house_interface/msg/detail
-- Installing: /home/kronbii/github-repos/ROS2-Smart-Home-System/install/house_interface/include/house_interface/house_interface/msg/detail/light_state_msg__struct.h
-- Installing: /home/kronbii/github-repos/ROS2-Smart-Home-System/install/house_interface/include/house_interface/house_interface/msg/detail/light_state_msg__description.c
-- Installing: /home/kronbii/github-repos/ROS2-Smart-Home-System/install/house_interface/include/house_interface/house_interface/msg/detail/temp_state_msg__struct.h
-- Installing: /home/kronbii/github-repos/ROS2-Smart-Home-System/install/house_interface/include/house_interface/house_interface/msg/detail/motion_detect__description.c
-- Installing: /home/kronbii/github-repos/ROS2-Smart-Home-System/install/house_interface/include/house_interface/house_interface/msg/detail/temp_state_msg__type_support.h
-- Installing: /home/kronbii/github-repos/ROS2-Smart-Home-System/install/house_interface/include/house_interface/house_interface/msg/detail/temp_state_msg__description.c
-- Installing: /home/kronbii/github-repos/ROS2-Smart-Home-System/install/house_interface/include/house_interface/house_interface/msg/detail/ambient_light__functions.c
-- Installing: /home/kronbii/github-repos/ROS2-Smart-Home-System/install/house_interface/include/house_interface/house_interface/msg/detail/ambient_light__type_support.h
-- Installing: /home/kronbii/github-repos/ROS2-Smart-Home-System/install/house_interface/include/house_interface/house_interface/msg/detail/ambient_light__type_support.c
-- Installing: /home/kronbii/github-repos/ROS2-Smart-Home-System/install/house_interface/include/house_interface/house_interface/msg/detail/ambient_light__struct.h
-- Installing: /home/kronbii/github-repos/ROS2-Smart-Home-System/install/house_interface/include/house_interface/house_interface/msg/detail/security_state_msg__type_support.c
-- Installing: /home/kronbii/github-repos/ROS2-Smart-Home-System/install/house_interface/include/house_interface/house_interface/msg/detail/security_state_msg__type_support.h
-- Installing: /home/kronbii/github-repos/ROS2-Smart-Home-System/install/house_interface/include/house_interface/house_interface/msg/detail/motion_detect__functions.c
-- Installing: /home/kronbii/github-repos/ROS2-Smart-Home-System/install/house_interface/include/house_interface/house_interface/msg/detail/security_state_msg__struct.h
-- Installing: /home/kronbii/github-repos/ROS2-Smart-Home-System/install/house_interface/include/house_interface/house_interface/msg/detail/light_state_msg__type_support.c
-- Installing: /home/kronbii/github-repos/ROS2-Smart-Home-System/install/house_interface/include/house_interface/house_interface/msg/detail/light_state_msg__functions.c
-- Installing: /home/kronbii/github-repos/ROS2-Smart-Home-System/install/house_interface/include/house_interface/house_interface/msg/detail/light_state_msg__functions.h
-- Installing: /home/kronbii/github-repos/ROS2-Smart-Home-System/install/house_interface/include/house_interface/house_interface/msg/detail/temp_state_msg__type_support.c
-- Installing: /home/kronbii/github-repos/ROS2-Smart-Home-System/install/house_interface/include/house_interface/house_interface/msg/detail/security_state_msg__description.c
-- Installing: /home/kronbii/github-repos/ROS2-Smart-Home-System/install/house_interface/include/house_interface/house_interface/msg/detail/motion_detect__type_support.h
-- Installing: /home/kronbii/github-repos/ROS2-Smart-Home-System/install/house_interface/include/house_interface/house_interface/msg/detail/security_state_msg__functions.h
-- Installing: /home/kronbii/github-repos/ROS2-Smart-Home-System/install/house_interface/include/house_interface/house_interface/msg/detail/temp_state_msg__functions.h
-- Installing: /home/kronbii/github-repos/ROS2-Smart-Home-System/install/house_interface/include/house_interface/house_interface/msg/detail/motion_detect__type_support.c
-- Installing: /home/kronbii/github-repos/ROS2-Smart-Home-System/install/house_interface/include/house_interface/house_interface/msg/detail/ambient_light__functions.h
-- Installing: /home/kronbii/github-repos/ROS2-Smart-Home-System/install/house_interface/include/house_interface/house_interface/msg/detail/temp_state_msg__functions.c
-- Installing: /home/kronbii/github-repos/ROS2-Smart-Home-System/install/house_interface/include/house_interface/house_interface/msg/detail/light_state_msg__type_support.h
-- Installing: /home/kronbii/github-repos/ROS2-Smart-Home-System/install/house_interface/include/house_interface/house_interface/msg/detail/motion_detect__functions.h
-- Installing: /home/kronbii/github-repos/ROS2-Smart-Home-System/install/house_interface/include/house_interface/house_interface/msg/detail/ambient_light__description.c
-- Installing: /home/kronbii/github-repos/ROS2-Smart-Home-System/install/house_interface/include/house_interface/house_interface/msg/detail/motion_detect__struct.h
-- Installing: /home/kronbii/github-repos/ROS2-Smart-Home-System/install/house_interface/include/house_interface/house_interface/msg/detail/security_state_msg__functions.c
-- Installing: /home/kronbii/github-repos/ROS2-Smart-Home-System/install/house_interface/include/house_interface/house_interface/action
-- Installing: /home/kronbii/github-repos/ROS2-Smart-Home-System/install/house_interface/include/house_interface/house_interface/action/dim_light.h
-- Installing: /home/kronbii/github-repos/ROS2-Smart-Home-System/install/house_interface/include/house_interface/house_interface/action/detail
-- Installing: /home/kronbii/github-repos/ROS2-Smart-Home-System/install/house_interface/include/house_interface/house_interface/action/detail/dim_light__functions.c
-- Installing: /home/kronbii/github-repos/ROS2-Smart-Home-System/install/house_interface/include/house_interface/house_interface/action/detail/dim_light__struct.h
-- Installing: /home/kronbii/github-repos/ROS2-Smart-Home-System/install/house_interface/include/house_interface/house_interface/action/detail/regulate_temp__description.c
-- Installing: /home/kronbii/github-repos/ROS2-Smart-Home-System/install/house_interface/include/house_interface/house_interface/action/detail/regulate_temp__functions.h
-- Installing: /home/kronbii/github-repos/ROS2-Smart-Home-System/install/house_interface/include/house_interface/house_interface/action/detail/dim_light__type_support.h
-- Installing: /home/kronbii/github-repos/ROS2-Smart-Home-System/install/house_interface/include/house_interface/house_interface/action/detail/regulate_temp__struct.h
-- Installing: /home/kronbii/github-repos/ROS2-Smart-Home-System/install/house_interface/include/house_interface/house_interface/action/detail/regulate_temp__functions.c
-- Installing: /home/kronbii/github-repos/ROS2-Smart-Home-System/install/house_interface/include/house_interface/house_interface/action/detail/regulate_temp__type_support.c
-- Installing: /home/kronbii/github-repos/ROS2-Smart-Home-System/install/house_interface/include/house_interface/house_interface/action/detail/regulate_temp__type_support.h
-- Installing: /home/kronbii/github-repos/ROS2-Smart-Home-System/install/house_interface/include/house_interface/house_interface/action/detail/dim_light__description.c
-- Installing: /home/kronbii/github-repos/ROS2-Smart-Home-System/install/house_interface/include/house_interface/house_interface/action/detail/dim_light__type_support.c
-- Installing: /home/kronbii/github-repos/ROS2-Smart-Home-System/install/house_interface/include/house_interface/house_interface/action/detail/dim_light__functions.h
-- Installing: /home/kronbii/github-repos/ROS2-Smart-Home-System/install/house_interface/include/house_interface/house_interface/action/regulate_temp.h
-- Installing: /home/kronbii/github-repos/ROS2-Smart-Home-System/install/house_interface/include/house_interface/house_interface/srv
-- Installing: /home/kronbii/github-repos/ROS2-Smart-Home-System/install/house_interface/include/house_interface/house_interface/srv/set_temp.h
-- Installing: /home/kronbii/github-repos/ROS2-Smart-Home-System/install/house_interface/include/house_interface/house_interface/srv/light_state.h
-- Installing: /home/kronbii/github-repos/ROS2-Smart-Home-System/install/house_interface/include/house_interface/house_interface/srv/set_security.h
-- Installing: /home/kronbii/github-repos/ROS2-Smart-Home-System/install/house_interface/include/house_interface/house_interface/srv/detail
-- Installing: /home/kronbii/github-repos/ROS2-Smart-Home-System/install/house_interface/include/house_interface/house_interface/srv/detail/set_security__type_support.c
-- Installing: /home/kronbii/github-repos/ROS2-Smart-Home-System/install/house_interface/include/house_interface/house_interface/srv/detail/light_state__type_support.h
-- Installing: /home/kronbii/github-repos/ROS2-Smart-Home-System/install/house_interface/include/house_interface/house_interface/srv/detail/set_temp__functions.h
-- Installing: /home/kronbii/github-repos/ROS2-Smart-Home-System/install/house_interface/include/house_interface/house_interface/srv/detail/set_security__struct.h
-- Installing: /home/kronbii/github-repos/ROS2-Smart-Home-System/install/house_interface/include/house_interface/house_interface/srv/detail/set_security__functions.c
-- Installing: /home/kronbii/github-repos/ROS2-Smart-Home-System/install/house_interface/include/house_interface/house_interface/srv/detail/light_state__type_support.c
-- Installing: /home/kronbii/github-repos/ROS2-Smart-Home-System/install/house_interface/include/house_interface/house_interface/srv/detail/set_temp__description.c
-- Installing: /home/kronbii/github-repos/ROS2-Smart-Home-System/install/house_interface/include/house_interface/house_interface/srv/detail/set_temp__functions.c
-- Installing: /home/kronbii/github-repos/ROS2-Smart-Home-System/install/house_interface/include/house_interface/house_interface/srv/detail/light_state__functions.c
-- Installing: /home/kronbii/github-repos/ROS2-Smart-Home-System/install/house_interface/include/house_interface/house_interface/srv/detail/light_state__struct.h
-- Installing: /home/kronbii/github-repos/ROS2-Smart-Home-System/install/house_interface/include/house_interface/house_interface/srv/detail/light_state__description.c
-- Installing: /home/kronbii/github-repos/ROS2-Smart-Home-System/install/house_interface/include/house_interface/house_interface/srv/detail/set_security__description.c
-- Installing: /home/kronbii/github-repos/ROS2-Smart-Home-System/install/house_interface/include/house_interface/house_interface/srv/detail/set_temp__type_support.c
-- Installing: /home/kronbii/github-repos/ROS2-Smart-Home-System/install/house_interface/include/house_interface/house_interface/srv/detail/set_security__functions.h
-- Installing: /home/kronbii/github-repos/ROS2-Smart-Home-System/install/house_interface/include/house_interface/house_interface/srv/detail/light_state__functions.h
-- Installing: /home/kronbii/github-repos/ROS2-Smart-Home-System/install/house_interface/include/house_interface/house_interface/srv/detail/set_temp__type_support.h
-- Installing: /home/kronbii/github-repos/ROS2-Smart-Home-System/install/house_interface/include/house_interface/house_interface/srv/detail/set_security__type_support.h
-- Installing: /home/kronbii/github-repos/ROS2-Smart-Home-System/install/house_interface/include/house_interface/house_interface/srv/detail/set_temp__struct.h
-- Installing: /home/kronbii/github-repos/ROS2-Smart-Home-System/install/house_interface/share/house_interface/environment/library_path.sh
-- Installing: /home/kronbii/github-repos/ROS2-Smart-Home-System/install/house_interface/share/house_interface/environment/library_path.dsv
-- Installing: /home/kronbii/github-repos/ROS2-Smart-Home-System/install/house_interface/lib/libhouse_interface__rosidl_generator_c.so
-- Set non-toolchain portion of runtime path of "/home/kronbii/github-repos/ROS2-Smart-Home-System/install/house_interface/lib/libhouse_interface__rosidl_generator_c.so" to ""
-- Up-to-date: /home/kronbii/github-repos/ROS2-Smart-Home-System/install/house_interface/include/house_interface/house_interface
-- Up-to-date: /home/kronbii/github-repos/ROS2-Smart-Home-System/install/house_interface/include/house_interface/house_interface/msg
-- Installing: /home/kronbii/github-repos/ROS2-Smart-Home-System/install/house_interface/include/house_interface/house_interface/msg/rosidl_typesupport_fastrtps_c__visibility_control.h
-- Up-to-date: /home/kronbii/github-repos/ROS2-Smart-Home-System/install/house_interface/include/house_interface/house_interface/msg/detail
-- Installing: /home/kronbii/github-repos/ROS2-Smart-Home-System/install/house_interface/include/house_interface/house_interface/msg/detail/light_state_msg__rosidl_typesupport_fastrtps_c.h
-- Installing: /home/kronbii/github-repos/ROS2-Smart-Home-System/install/house_interface/include/house_interface/house_interface/msg/detail/temp_state_msg__rosidl_typesupport_fastrtps_c.h
-- Installing: /home/kronbii/github-repos/ROS2-Smart-Home-System/install/house_interface/include/house_interface/house_interface/msg/detail/motion_detect__rosidl_typesupport_fastrtps_c.h
-- Installing: /home/kronbii/github-repos/ROS2-Smart-Home-System/install/house_interface/include/house_interface/house_interface/msg/detail/security_state_msg__rosidl_typesupport_fastrtps_c.h
-- Installing: /home/kronbii/github-repos/ROS2-Smart-Home-System/install/house_interface/include/house_interface/house_interface/msg/detail/ambient_light__rosidl_typesupport_fastrtps_c.h
-- Up-to-date: /home/kronbii/github-repos/ROS2-Smart-Home-System/install/house_interface/include/house_interface/house_interface/action
-- Up-to-date: /home/kronbii/github-repos/ROS2-Smart-Home-System/install/house_interface/include/house_interface/house_interface/action/detail
-- Installing: /home/kronbii/github-repos/ROS2-Smart-Home-System/install/house_interface/include/house_interface/house_interface/action/detail/regulate_temp__rosidl_typesupport_fastrtps_c.h
-- Installing: /home/kronbii/github-repos/ROS2-Smart-Home-System/install/house_interface/include/house_interface/house_interface/action/detail/dim_light__rosidl_typesupport_fastrtps_c.h
-- Up-to-date: /home/kronbii/github-repos/ROS2-Smart-Home-System/install/house_interface/include/house_interface/house_interface/srv
-- Up-to-date: /home/kronbii/github-repos/ROS2-Smart-Home-System/install/house_interface/include/house_interface/house_interface/srv/detail
-- Installing: /home/kronbii/github-repos/ROS2-Smart-Home-System/install/house_interface/include/house_interface/house_interface/srv/detail/set_security__rosidl_typesupport_fastrtps_c.h
-- Installing: /home/kronbii/github-repos/ROS2-Smart-Home-System/install/house_interface/include/house_interface/house_interface/srv/detail/set_temp__rosidl_typesupport_fastrtps_c.h
-- Installing: /home/kronbii/github-repos/ROS2-Smart-Home-System/install/house_interface/include/house_interface/house_interface/srv/detail/light_state__rosidl_typesupport_fastrtps_c.h
-- Installing: /home/kronbii/github-repos/ROS2-Smart-Home-System/install/house_interface/lib/libhouse_interface__rosidl_typesupport_fastrtps_c.so
-- Set non-toolchain portion of runtime path of "/home/kronbii/github-repos/ROS2-Smart-Home-System/install/house_interface/lib/libhouse_interface__rosidl_typesupport_fastrtps_c.so" to ""
-- Up-to-date: /home/kronbii/github-repos/ROS2-Smart-Home-System/install/house_interface/include/house_interface/house_interface
-- Up-to-date: /home/kronbii/github-repos/ROS2-Smart-Home-System/install/house_interface/include/house_interface/house_interface/msg
-- Installing: /home/kronbii/github-repos/ROS2-Smart-Home-System/install/house_interface/include/house_interface/house_interface/msg/rosidl_typesupport_introspection_c__visibility_control.h
-- Up-to-date: /home/kronbii/github-repos/ROS2-Smart-Home-System/install/house_interface/include/house_interface/house_interface/msg/detail
-- Installing: /home/kronbii/github-repos/ROS2-Smart-Home-System/install/house_interface/include/house_interface/house_interface/msg/detail/motion_detect__rosidl_typesupport_introspection_c.h
-- Installing: /home/kronbii/github-repos/ROS2-Smart-Home-System/install/house_interface/include/house_interface/house_interface/msg/detail/temp_state_msg__rosidl_typesupport_introspection_c.h
-- Installing: /home/kronbii/github-repos/ROS2-Smart-Home-System/install/house_interface/include/house_interface/house_interface/msg/detail/light_state_msg__rosidl_typesupport_introspection_c.h
-- Installing: /home/kronbii/github-repos/ROS2-Smart-Home-System/install/house_interface/include/house_interface/house_interface/msg/detail/ambient_light__type_support.c
-- Installing: /home/kronbii/github-repos/ROS2-Smart-Home-System/install/house_interface/include/house_interface/house_interface/msg/detail/security_state_msg__type_support.c
-- Installing: /home/kronbii/github-repos/ROS2-Smart-Home-System/install/house_interface/include/house_interface/house_interface/msg/detail/light_state_msg__type_support.c
-- Installing: /home/kronbii/github-repos/ROS2-Smart-Home-System/install/house_interface/include/house_interface/house_interface/msg/detail/ambient_light__rosidl_typesupport_introspection_c.h
-- Installing: /home/kronbii/github-repos/ROS2-Smart-Home-System/install/house_interface/include/house_interface/house_interface/msg/detail/security_state_msg__rosidl_typesupport_introspection_c.h
-- Installing: /home/kronbii/github-repos/ROS2-Smart-Home-System/install/house_interface/include/house_interface/house_interface/msg/detail/temp_state_msg__type_support.c
-- Installing: /home/kronbii/github-repos/ROS2-Smart-Home-System/install/house_interface/include/house_interface/house_interface/msg/detail/motion_detect__type_support.c
-- Up-to-date: /home/kronbii/github-repos/ROS2-Smart-Home-System/install/house_interface/include/house_interface/house_interface/action
-- Up-to-date: /home/kronbii/github-repos/ROS2-Smart-Home-System/install/house_interface/include/house_interface/house_interface/action/detail
-- Installing: /home/kronbii/github-repos/ROS2-Smart-Home-System/install/house_interface/include/house_interface/house_interface/action/detail/dim_light__rosidl_typesupport_introspection_c.h
-- Installing: /home/kronbii/github-repos/ROS2-Smart-Home-System/install/house_interface/include/house_interface/house_interface/action/detail/regulate_temp__type_support.c
-- Installing: /home/kronbii/github-repos/ROS2-Smart-Home-System/install/house_interface/include/house_interface/house_interface/action/detail/regulate_temp__rosidl_typesupport_introspection_c.h
-- Installing: /home/kronbii/github-repos/ROS2-Smart-Home-System/install/house_interface/include/house_interface/house_interface/action/detail/dim_light__type_support.c
-- Up-to-date: /home/kronbii/github-repos/ROS2-Smart-Home-System/install/house_interface/include/house_interface/house_interface/srv
-- Up-to-date: /home/kronbii/github-repos/ROS2-Smart-Home-System/install/house_interface/include/house_interface/house_interface/srv/detail
-- Installing: /home/kronbii/github-repos/ROS2-Smart-Home-System/install/house_interface/include/house_interface/house_interface/srv/detail/set_security__type_support.c
-- Installing: /home/kronbii/github-repos/ROS2-Smart-Home-System/install/house_interface/include/house_interface/house_interface/srv/detail/set_temp__rosidl_typesupport_introspection_c.h
-- Installing: /home/kronbii/github-repos/ROS2-Smart-Home-System/install/house_interface/include/house_interface/house_interface/srv/detail/set_security__rosidl_typesupport_introspection_c.h
-- Installing: /home/kronbii/github-repos/ROS2-Smart-Home-System/install/house_interface/include/house_interface/house_interface/srv/detail/light_state__type_support.c
-- Installing: /home/kronbii/github-repos/ROS2-Smart-Home-System/install/house_interface/include/house_interface/house_interface/srv/detail/light_state__rosidl_typesupport_introspection_c.h
-- Installing: /home/kronbii/github-repos/ROS2-Smart-Home-System/install/house_interface/include/house_interface/house_interface/srv/detail/set_temp__type_support.c
-- Installing: /home/kronbii/github-repos/ROS2-Smart-Home-System/install/house_interface/lib/libhouse_interface__rosidl_typesupport_introspection_c.so
-- Set non-toolchain portion of runtime path of "/home/kronbii/github-repos/ROS2-Smart-Home-System/install/house_interface/lib/libhouse_interface__rosidl_typesupport_introspection_c.so" to ""
-- Installing: /home/kronbii/github-repos/ROS2-Smart-Home-System/install/house_interface/lib/libhouse_interface__rosidl_typesupport_c.so
-- Set non-toolchain portion of runtime path of "/home/kronbii/github-repos/ROS2-Smart-Home-System/install/house_interface/lib/libhouse_interface__rosidl_typesupport_c.so" to ""
-- Up-to-date: /home/kronbii/github-repos/ROS2-Smart-Home-System/install/house_interface/include/house_interface/house_interface
-- Up-to-date: /home/kronbii/github-repos/ROS2-Smart-Home-System/install/house_interface/include/house_interface/house_interface/msg
-- Installing: /home/kronbii/github-repos/ROS2-Smart-Home-System/install/house_interface/include/house_interface/house_interface/msg/temp_state_msg.hpp
-- Installing: /home/kronbii/github-repos/ROS2-Smart-Home-System/install/house_interface/include/house_interface/house_interface/msg/ambient_light.hpp
-- Installing: /home/kronbii/github-repos/ROS2-Smart-Home-System/install/house_interface/include/house_interface/house_interface/msg/security_state_msg.hpp
-- Installing: /home/kronbii/github-repos/ROS2-Smart-Home-System/install/house_interface/include/house_interface/house_interface/msg/light_state_msg.hpp
-- Installing: /home/kronbii/github-repos/ROS2-Smart-Home-System/install/house_interface/include/house_interface/house_interface/msg/rosidl_generator_cpp__visibility_control.hpp
-- Up-to-date: /home/kronbii/github-repos/ROS2-Smart-Home-System/install/house_interface/include/house_interface/house_interface/msg/detail
-- Installing: /home/kronbii/github-repos/ROS2-Smart-Home-System/install/house_interface/include/house_interface/house_interface/msg/detail/light_state_msg__struct.hpp
-- Installing: /home/kronbii/github-repos/ROS2-Smart-Home-System/install/house_interface/include/house_interface/house_interface/msg/detail/security_state_msg__type_support.hpp
-- Installing: /home/kronbii/github-repos/ROS2-Smart-Home-System/install/house_interface/include/house_interface/house_interface/msg/detail/ambient_light__type_support.hpp
-- Installing: /home/kronbii/github-repos/ROS2-Smart-Home-System/install/house_interface/include/house_interface/house_interface/msg/detail/ambient_light__builder.hpp
-- Installing: /home/kronbii/github-repos/ROS2-Smart-Home-System/install/house_interface/include/house_interface/house_interface/msg/detail/motion_detect__builder.hpp
-- Installing: /home/kronbii/github-repos/ROS2-Smart-Home-System/install/house_interface/include/house_interface/house_interface/msg/detail/security_state_msg__struct.hpp
-- Installing: /home/kronbii/github-repos/ROS2-Smart-Home-System/install/house_interface/include/house_interface/house_interface/msg/detail/security_state_msg__builder.hpp
-- Installing: /home/kronbii/github-repos/ROS2-Smart-Home-System/install/house_interface/include/house_interface/house_interface/msg/detail/temp_state_msg__builder.hpp
-- Installing: /home/kronbii/github-repos/ROS2-Smart-Home-System/install/house_interface/include/house_interface/house_interface/msg/detail/light_state_msg__traits.hpp
-- Installing: /home/kronbii/github-repos/ROS2-Smart-Home-System/install/house_interface/include/house_interface/house_interface/msg/detail/motion_detect__traits.hpp
-- Installing: /home/kronbii/github-repos/ROS2-Smart-Home-System/install/house_interface/include/house_interface/house_interface/msg/detail/ambient_light__struct.hpp
-- Installing: /home/kronbii/github-repos/ROS2-Smart-Home-System/install/house_interface/include/house_interface/house_interface/msg/detail/temp_state_msg__struct.hpp
-- Installing: /home/kronbii/github-repos/ROS2-Smart-Home-System/install/house_interface/include/house_interface/house_interface/msg/detail/light_state_msg__type_support.hpp
-- Installing: /home/kronbii/github-repos/ROS2-Smart-Home-System/install/house_interface/include/house_interface/house_interface/msg/detail/light_state_msg__builder.hpp
-- Installing: /home/kronbii/github-repos/ROS2-Smart-Home-System/install/house_interface/include/house_interface/house_interface/msg/detail/temp_state_msg__type_support.hpp
-- Installing: /home/kronbii/github-repos/ROS2-Smart-Home-System/install/house_interface/include/house_interface/house_interface/msg/detail/motion_detect__struct.hpp
-- Installing: /home/kronbii/github-repos/ROS2-Smart-Home-System/install/house_interface/include/house_interface/house_interface/msg/detail/temp_state_msg__traits.hpp
-- Installing: /home/kronbii/github-repos/ROS2-Smart-Home-System/install/house_interface/include/house_interface/house_interface/msg/detail/motion_detect__type_support.hpp
-- Installing: /home/kronbii/github-repos/ROS2-Smart-Home-System/install/house_interface/include/house_interface/house_interface/msg/detail/security_state_msg__traits.hpp
-- Installing: /home/kronbii/github-repos/ROS2-Smart-Home-System/install/house_interface/include/house_interface/house_interface/msg/detail/ambient_light__traits.hpp
-- Installing: /home/kronbii/github-repos/ROS2-Smart-Home-System/install/house_interface/include/house_interface/house_interface/msg/motion_detect.hpp
-- Up-to-date: /home/kronbii/github-repos/ROS2-Smart-Home-System/install/house_interface/include/house_interface/house_interface/action
-- Installing: /home/kronbii/github-repos/ROS2-Smart-Home-System/install/house_interface/include/house_interface/house_interface/action/regulate_temp.hpp
-- Installing: /home/kronbii/github-repos/ROS2-Smart-Home-System/install/house_interface/include/house_interface/house_interface/action/dim_light.hpp
-- Up-to-date: /home/kronbii/github-repos/ROS2-Smart-Home-System/install/house_interface/include/house_interface/house_interface/action/detail
-- Installing: /home/kronbii/github-repos/ROS2-Smart-Home-System/install/house_interface/include/house_interface/house_interface/action/detail/regulate_temp__builder.hpp
-- Installing: /home/kronbii/github-repos/ROS2-Smart-Home-System/install/house_interface/include/house_interface/house_interface/action/detail/dim_light__builder.hpp
-- Installing: /home/kronbii/github-repos/ROS2-Smart-Home-System/install/house_interface/include/house_interface/house_interface/action/detail/dim_light__type_support.hpp
-- Installing: /home/kronbii/github-repos/ROS2-Smart-Home-System/install/house_interface/include/house_interface/house_interface/action/detail/dim_light__traits.hpp
-- Installing: /home/kronbii/github-repos/ROS2-Smart-Home-System/install/house_interface/include/house_interface/house_interface/action/detail/regulate_temp__traits.hpp
-- Installing: /home/kronbii/github-repos/ROS2-Smart-Home-System/install/house_interface/include/house_interface/house_interface/action/detail/regulate_temp__struct.hpp
-- Installing: /home/kronbii/github-repos/ROS2-Smart-Home-System/install/house_interface/include/house_interface/house_interface/action/detail/dim_light__struct.hpp
-- Installing: /home/kronbii/github-repos/ROS2-Smart-Home-System/install/house_interface/include/house_interface/house_interface/action/detail/regulate_temp__type_support.hpp
-- Up-to-date: /home/kronbii/github-repos/ROS2-Smart-Home-System/install/house_interface/include/house_interface/house_interface/srv
-- Installing: /home/kronbii/github-repos/ROS2-Smart-Home-System/install/house_interface/include/house_interface/house_interface/srv/set_temp.hpp
-- Installing: /home/kronbii/github-repos/ROS2-Smart-Home-System/install/house_interface/include/house_interface/house_interface/srv/light_state.hpp
-- Installing: /home/kronbii/github-repos/ROS2-Smart-Home-System/install/house_interface/include/house_interface/house_interface/srv/set_security.hpp
-- Up-to-date: /home/kronbii/github-repos/ROS2-Smart-Home-System/install/house_interface/include/house_interface/house_interface/srv/detail
-- Installing: /home/kronbii/github-repos/ROS2-Smart-Home-System/install/house_interface/include/house_interface/house_interface/srv/detail/set_security__traits.hpp
-- Installing: /home/kronbii/github-repos/ROS2-Smart-Home-System/install/house_interface/include/house_interface/house_interface/srv/detail/set_security__type_support.hpp
-- Installing: /home/kronbii/github-repos/ROS2-Smart-Home-System/install/house_interface/include/house_interface/house_interface/srv/detail/light_state__builder.hpp
-- Installing: /home/kronbii/github-repos/ROS2-Smart-Home-System/install/house_interface/include/house_interface/house_interface/srv/detail/light_state__traits.hpp
-- Installing: /home/kronbii/github-repos/ROS2-Smart-Home-System/install/house_interface/include/house_interface/house_interface/srv/detail/set_temp__traits.hpp
-- Installing: /home/kronbii/github-repos/ROS2-Smart-Home-System/install/house_interface/include/house_interface/house_interface/srv/detail/set_temp__struct.hpp
-- Installing: /home/kronbii/github-repos/ROS2-Smart-Home-System/install/house_interface/include/house_interface/house_interface/srv/detail/set_temp__builder.hpp
-- Installing: /home/kronbii/github-repos/ROS2-Smart-Home-System/install/house_interface/include/house_interface/house_interface/srv/detail/set_security__struct.hpp
-- Installing: /home/kronbii/github-repos/ROS2-Smart-Home-System/install/house_interface/include/house_interface/house_interface/srv/detail/set_temp__type_support.hpp
-- Installing: /home/kronbii/github-repos/ROS2-Smart-Home-System/install/house_interface/include/house_interface/house_interface/srv/detail/light_state__type_support.hpp
-- Installing: /home/kronbii/github-repos/ROS2-Smart-Home-System/install/house_interface/include/house_interface/house_interface/srv/detail/set_security__builder.hpp
-- Installing: /home/kronbii/github-repos/ROS2-Smart-Home-System/install/house_interface/include/house_interface/house_interface/srv/detail/light_state__struct.hpp
-- Up-to-date: /home/kronbii/github-repos/ROS2-Smart-Home-System/install/house_interface/include/house_interface/house_interface
-- Up-to-date: /home/kronbii/github-repos/ROS2-Smart-Home-System/install/house_interface/include/house_interface/house_interface/msg
-- Installing: /home/kronbii/github-repos/ROS2-Smart-Home-System/install/house_interface/include/house_interface/house_interface/msg/rosidl_typesupport_fastrtps_cpp__visibility_control.h
-- Up-to-date: /home/kronbii/github-repos/ROS2-Smart-Home-System/install/house_interface/include/house_interface/house_interface/msg/detail
-- Installing: /home/kronbii/github-repos/ROS2-Smart-Home-System/install/house_interface/include/house_interface/house_interface/msg/detail/dds_fastrtps
-- Installing: /home/kronbii/github-repos/ROS2-Smart-Home-System/install/house_interface/include/house_interface/house_interface/msg/detail/temp_state_msg__rosidl_typesupport_fastrtps_cpp.hpp
-- Installing: /home/kronbii/github-repos/ROS2-Smart-Home-System/install/house_interface/include/house_interface/house_interface/msg/detail/motion_detect__rosidl_typesupport_fastrtps_cpp.hpp
-- Installing: /home/kronbii/github-repos/ROS2-Smart-Home-System/install/house_interface/include/house_interface/house_interface/msg/detail/security_state_msg__rosidl_typesupport_fastrtps_cpp.hpp
-- Installing: /home/kronbii/github-repos/ROS2-Smart-Home-System/install/house_interface/include/house_interface/house_interface/msg/detail/light_state_msg__rosidl_typesupport_fastrtps_cpp.hpp
-- Installing: /home/kronbii/github-repos/ROS2-Smart-Home-System/install/house_interface/include/house_interface/house_interface/msg/detail/ambient_light__rosidl_typesupport_fastrtps_cpp.hpp
-- Up-to-date: /home/kronbii/github-repos/ROS2-Smart-Home-System/install/house_interface/include/house_interface/house_interface/action
-- Up-to-date: /home/kronbii/github-repos/ROS2-Smart-Home-System/install/house_interface/include/house_interface/house_interface/action/detail
-- Installing: /home/kronbii/github-repos/ROS2-Smart-Home-System/install/house_interface/include/house_interface/house_interface/action/detail/dim_light__rosidl_typesupport_fastrtps_cpp.hpp
-- Installing: /home/kronbii/github-repos/ROS2-Smart-Home-System/install/house_interface/include/house_interface/house_interface/action/detail/dds_fastrtps
-- Installing: /home/kronbii/github-repos/ROS2-Smart-Home-System/install/house_interface/include/house_interface/house_interface/action/detail/regulate_temp__rosidl_typesupport_fastrtps_cpp.hpp
-- Up-to-date: /home/kronbii/github-repos/ROS2-Smart-Home-System/install/house_interface/include/house_interface/house_interface/srv
-- Up-to-date: /home/kronbii/github-repos/ROS2-Smart-Home-System/install/house_interface/include/house_interface/house_interface/srv/detail
-- Installing: /home/kronbii/github-repos/ROS2-Smart-Home-System/install/house_interface/include/house_interface/house_interface/srv/detail/dds_fastrtps
-- Installing: /home/kronbii/github-repos/ROS2-Smart-Home-System/install/house_interface/include/house_interface/house_interface/srv/detail/set_security__rosidl_typesupport_fastrtps_cpp.hpp
-- Installing: /home/kronbii/github-repos/ROS2-Smart-Home-System/install/house_interface/include/house_interface/house_interface/srv/detail/set_temp__rosidl_typesupport_fastrtps_cpp.hpp
-- Installing: /home/kronbii/github-repos/ROS2-Smart-Home-System/install/house_interface/include/house_interface/house_interface/srv/detail/light_state__rosidl_typesupport_fastrtps_cpp.hpp
-- Installing: /home/kronbii/github-repos/ROS2-Smart-Home-System/install/house_interface/lib/libhouse_interface__rosidl_typesupport_fastrtps_cpp.so
-- Set non-toolchain portion of runtime path of "/home/kronbii/github-repos/ROS2-Smart-Home-System/install/house_interface/lib/libhouse_interface__rosidl_typesupport_fastrtps_cpp.so" to ""
-- Up-to-date: /home/kronbii/github-repos/ROS2-Smart-Home-System/install/house_interface/include/house_interface/house_interface
-- Up-to-date: /home/kronbii/github-repos/ROS2-Smart-Home-System/install/house_interface/include/house_interface/house_interface/msg
-- Up-to-date: /home/kronbii/github-repos/ROS2-Smart-Home-System/install/house_interface/include/house_interface/house_interface/msg/detail
-- Installing: /home/kronbii/github-repos/ROS2-Smart-Home-System/install/house_interface/include/house_interface/house_interface/msg/detail/motion_detect__type_support.cpp
-- Installing: /home/kronbii/github-repos/ROS2-Smart-Home-System/install/house_interface/include/house_interface/house_interface/msg/detail/security_state_msg__rosidl_typesupport_introspection_cpp.hpp
-- Installing: /home/kronbii/github-repos/ROS2-Smart-Home-System/install/house_interface/include/house_interface/house_interface/msg/detail/temp_state_msg__type_support.cpp
-- Installing: /home/kronbii/github-repos/ROS2-Smart-Home-System/install/house_interface/include/house_interface/house_interface/msg/detail/temp_state_msg__rosidl_typesupport_introspection_cpp.hpp
-- Installing: /home/kronbii/github-repos/ROS2-Smart-Home-System/install/house_interface/include/house_interface/house_interface/msg/detail/light_state_msg__type_support.cpp
-- Installing: /home/kronbii/github-repos/ROS2-Smart-Home-System/install/house_interface/include/house_interface/house_interface/msg/detail/ambient_light__type_support.cpp
-- Installing: /home/kronbii/github-repos/ROS2-Smart-Home-System/install/house_interface/include/house_interface/house_interface/msg/detail/motion_detect__rosidl_typesupport_introspection_cpp.hpp
-- Installing: /home/kronbii/github-repos/ROS2-Smart-Home-System/install/house_interface/include/house_interface/house_interface/msg/detail/light_state_msg__rosidl_typesupport_introspection_cpp.hpp
-- Installing: /home/kronbii/github-repos/ROS2-Smart-Home-System/install/house_interface/include/house_interface/house_interface/msg/detail/security_state_msg__type_support.cpp
-- Installing: /home/kronbii/github-repos/ROS2-Smart-Home-System/install/house_interface/include/house_interface/house_interface/msg/detail/ambient_light__rosidl_typesupport_introspection_cpp.hpp
-- Up-to-date: /home/kronbii/github-repos/ROS2-Smart-Home-System/install/house_interface/include/house_interface/house_interface/action
-- Up-to-date: /home/kronbii/github-repos/ROS2-Smart-Home-System/install/house_interface/include/house_interface/house_interface/action/detail
-- Installing: /home/kronbii/github-repos/ROS2-Smart-Home-System/install/house_interface/include/house_interface/house_interface/action/detail/regulate_temp__type_support.cpp
-- Installing: /home/kronbii/github-repos/ROS2-Smart-Home-System/install/house_interface/include/house_interface/house_interface/action/detail/regulate_temp__rosidl_typesupport_introspection_cpp.hpp
-- Installing: /home/kronbii/github-repos/ROS2-Smart-Home-System/install/house_interface/include/house_interface/house_interface/action/detail/dim_light__rosidl_typesupport_introspection_cpp.hpp
-- Installing: /home/kronbii/github-repos/ROS2-Smart-Home-System/install/house_interface/include/house_interface/house_interface/action/detail/dim_light__type_support.cpp
-- Up-to-date: /home/kronbii/github-repos/ROS2-Smart-Home-System/install/house_interface/include/house_interface/house_interface/srv
-- Up-to-date: /home/kronbii/github-repos/ROS2-Smart-Home-System/install/house_interface/include/house_interface/house_interface/srv/detail
-- Installing: /home/kronbii/github-repos/ROS2-Smart-Home-System/install/house_interface/include/house_interface/house_interface/srv/detail/set_security__type_support.cpp
-- Installing: /home/kronbii/github-repos/ROS2-Smart-Home-System/install/house_interface/include/house_interface/house_interface/srv/detail/light_state__type_support.cpp
-- Installing: /home/kronbii/github-repos/ROS2-Smart-Home-System/install/house_interface/include/house_interface/house_interface/srv/detail/light_state__rosidl_typesupport_introspection_cpp.hpp
-- Installing: /home/kronbii/github-repos/ROS2-Smart-Home-System/install/house_interface/include/house_interface/house_interface/srv/detail/set_temp__type_support.cpp
-- Installing: /home/kronbii/github-repos/ROS2-Smart-Home-System/install/house_interface/include/house_interface/house_interface/srv/detail/set_temp__rosidl_typesupport_introspection_cpp.hpp
-- Installing: /home/kronbii/github-repos/ROS2-Smart-Home-System/install/house_interface/include/house_interface/house_interface/srv/detail/set_security__rosidl_typesupport_introspection_cpp.hpp
-- Installing: /home/kronbii/github-repos/ROS2-Smart-Home-System/install/house_interface/lib/libhouse_interface__rosidl_typesupport_introspection_cpp.so
-- Set non-toolchain portion of runtime path of "/home/kronbii/github-repos/ROS2-Smart-Home-System/install/house_interface/lib/libhouse_interface__rosidl_typesupport_introspection_cpp.so" to ""
-- Installing: /home/kronbii/github-repos/ROS2-Smart-Home-System/install/house_interface/lib/libhouse_interface__rosidl_typesupport_cpp.so
-- Set non-toolchain portion of runtime path of "/home/kronbii/github-repos/ROS2-Smart-Home-System/install/house_interface/lib/libhouse_interface__rosidl_typesupport_cpp.so" to ""
-- Installing: /home/kronbii/github-repos/ROS2-Smart-Home-System/install/house_interface/share/house_interface/environment/pythonpath.sh
-- Installing: /home/kronbii/github-repos/ROS2-Smart-Home-System/install/house_interface/share/house_interface/environment/pythonpath.dsv
-- Installing: /home/kronbii/github-repos/ROS2-Smart-Home-System/install/house_interface/lib/python3.12/site-packages/house_interface-0.0.0-py3.12.egg-info
-- Installing: /home/kronbii/github-repos/ROS2-Smart-Home-System/install/house_interface/lib/python3.12/site-packages/house_interface-0.0.0-py3.12.egg-info/PKG-INFO
-- Installing: /home/kronbii/github-repos/ROS2-Smart-Home-System/install/house_interface/lib/python3.12/site-packages/house_interface-0.0.0-py3.12.egg-info/top_level.txt
-- Installing: /home/kronbii/github-repos/ROS2-Smart-Home-System/install/house_interface/lib/python3.12/site-packages/house_interface-0.0.0-py3.12.egg-info/dependency_links.txt
-- Installing: /home/kronbii/github-repos/ROS2-Smart-Home-System/install/house_interface/lib/python3.12/site-packages/house_interface-0.0.0-py3.12.egg-info/SOURCES.txt
-- Installing: /home/kronbii/github-repos/ROS2-Smart-Home-System/install/house_interface/lib/python3.12/site-packages/house_interface
-- Installing: /home/kronbii/github-repos/ROS2-Smart-Home-System/install/house_interface/lib/python3.12/site-packages/house_interface/msg
-- Installing: /home/kronbii/github-repos/ROS2-Smart-Home-System/install/house_interface/lib/python3.12/site-packages/house_interface/msg/_ambient_light.py
-- Installing: /home/kronbii/github-repos/ROS2-Smart-Home-System/install/house_interface/lib/python3.12/site-packages/house_interface/msg/_security_state_msg_s.c
-- Installing: /home/kronbii/github-repos/ROS2-Smart-Home-System/install/house_interface/lib/python3.12/site-packages/house_interface/msg/_temp_state_msg_s.c
-- Installing: /home/kronbii/github-repos/ROS2-Smart-Home-System/install/house_interface/lib/python3.12/site-packages/house_interface/msg/_motion_detect_s.c
-- Installing: /home/kronbii/github-repos/ROS2-Smart-Home-System/install/house_interface/lib/python3.12/site-packages/house_interface/msg/_ambient_light_s.c
-- Installing: /home/kronbii/github-repos/ROS2-Smart-Home-System/install/house_interface/lib/python3.12/site-packages/house_interface/msg/_security_state_msg.py
-- Installing: /home/kronbii/github-repos/ROS2-Smart-Home-System/install/house_interface/lib/python3.12/site-packages/house_interface/msg/_light_state_msg.py
-- Installing: /home/kronbii/github-repos/ROS2-Smart-Home-System/install/house_interface/lib/python3.12/site-packages/house_interface/msg/__init__.py
-- Installing: /home/kronbii/github-repos/ROS2-Smart-Home-System/install/house_interface/lib/python3.12/site-packages/house_interface/msg/_light_state_msg_s.c
-- Installing: /home/kronbii/github-repos/ROS2-Smart-Home-System/install/house_interface/lib/python3.12/site-packages/house_interface/msg/_temp_state_msg.py
-- Installing: /home/kronbii/github-repos/ROS2-Smart-Home-System/install/house_interface/lib/python3.12/site-packages/house_interface/msg/_motion_detect.py
-- Installing: /home/kronbii/github-repos/ROS2-Smart-Home-System/install/house_interface/lib/python3.12/site-packages/house_interface/_house_interface_s.ep.rosidl_typesupport_fastrtps_c.c
-- Installing: /home/kronbii/github-repos/ROS2-Smart-Home-System/install/house_interface/lib/python3.12/site-packages/house_interface/house_interface_s__rosidl_typesupport_fastrtps_c.so
-- Installing: /home/kronbii/github-repos/ROS2-Smart-Home-System/install/house_interface/lib/python3.12/site-packages/house_interface/_house_interface_s.ep.rosidl_typesupport_c.c
-- Installing: /home/kronbii/github-repos/ROS2-Smart-Home-System/install/house_interface/lib/python3.12/site-packages/house_interface/house_interface_s__rosidl_typesupport_c.so
-- Installing: /home/kronbii/github-repos/ROS2-Smart-Home-System/install/house_interface/lib/python3.12/site-packages/house_interface/action
-- Installing: /home/kronbii/github-repos/ROS2-Smart-Home-System/install/house_interface/lib/python3.12/site-packages/house_interface/action/_regulate_temp.py
-- Installing: /home/kronbii/github-repos/ROS2-Smart-Home-System/install/house_interface/lib/python3.12/site-packages/house_interface/action/__init__.py
-- Installing: /home/kronbii/github-repos/ROS2-Smart-Home-System/install/house_interface/lib/python3.12/site-packages/house_interface/action/_dim_light_s.c
-- Installing: /home/kronbii/github-repos/ROS2-Smart-Home-System/install/house_interface/lib/python3.12/site-packages/house_interface/action/_regulate_temp_s.c
-- Installing: /home/kronbii/github-repos/ROS2-Smart-Home-System/install/house_interface/lib/python3.12/site-packages/house_interface/action/_dim_light.py
-- Installing: /home/kronbii/github-repos/ROS2-Smart-Home-System/install/house_interface/lib/python3.12/site-packages/house_interface/house_interface_s__rosidl_typesupport_introspection_c.so
-- Installing: /home/kronbii/github-repos/ROS2-Smart-Home-System/install/house_interface/lib/python3.12/site-packages/house_interface/srv
-- Installing: /home/kronbii/github-repos/ROS2-Smart-Home-System/install/house_interface/lib/python3.12/site-packages/house_interface/srv/_set_security_s.c
-- Installing: /home/kronbii/github-repos/ROS2-Smart-Home-System/install/house_interface/lib/python3.12/site-packages/house_interface/srv/_set_temp.py
-- Installing: /home/kronbii/github-repos/ROS2-Smart-Home-System/install/house_interface/lib/python3.12/site-packages/house_interface/srv/_set_temp_s.c
-- Installing: /home/kronbii/github-repos/ROS2-Smart-Home-System/install/house_interface/lib/python3.12/site-packages/house_interface/srv/_set_security.py
-- Installing: /home/kronbii/github-repos/ROS2-Smart-Home-System/install/house_interface/lib/python3.12/site-packages/house_interface/srv/_light_state.py
-- Installing: /home/kronbii/github-repos/ROS2-Smart-Home-System/install/house_interface/lib/python3.12/site-packages/house_interface/srv/__init__.py
-- Installing: /home/kronbii/github-repos/ROS2-Smart-Home-System/install/house_interface/lib/python3.12/site-packages/house_interface/srv/_light_state_s.c
-- Installing: /home/kronbii/github-repos/ROS2-Smart-Home-System/install/house_interface/lib/python3.12/site-packages/house_interface/__init__.py
-- Installing: /home/kronbii/github-repos/ROS2-Smart-Home-System/install/house_interface/lib/python3.12/site-packages/house_interface/_house_interface_s.ep.rosidl_typesupport_introspection_c.c
Listing '/home/kronbii/github-repos/ROS2-Smart-Home-System/install/house_interface/lib/python3.12/site-packages/house_interface'...
Compiling '/home/kronbii/github-repos/ROS2-Smart-Home-System/install/house_interface/lib/python3.12/site-packages/house_interface/__init__.py'...
Listing '/home/kronbii/github-repos/ROS2-Smart-Home-System/install/house_interface/lib/python3.12/site-packages/house_interface/action'...
Compiling '/home/kronbii/github-repos/ROS2-Smart-Home-System/install/house_interface/lib/python3.12/site-packages/house_interface/action/__init__.py'...
Compiling '/home/kronbii/github-repos/ROS2-Smart-Home-System/install/house_interface/lib/python3.12/site-packages/house_interface/action/_dim_light.py'...
Compiling '/home/kronbii/github-repos/ROS2-Smart-Home-System/install/house_interface/lib/python3.12/site-packages/house_interface/action/_regulate_temp.py'...
Listing '/home/kronbii/github-repos/ROS2-Smart-Home-System/install/house_interface/lib/python3.12/site-packages/house_interface/msg'...
Compiling '/home/kronbii/github-repos/ROS2-Smart-Home-System/install/house_interface/lib/python3.12/site-packages/house_interface/msg/__init__.py'...
Compiling '/home/kronbii/github-repos/ROS2-Smart-Home-System/install/house_interface/lib/python3.12/site-packages/house_interface/msg/_ambient_light.py'...
Compiling '/home/kronbii/github-repos/ROS2-Smart-Home-System/install/house_interface/lib/python3.12/site-packages/house_interface/msg/_light_state_msg.py'...
Compiling '/home/kronbii/github-repos/ROS2-Smart-Home-System/install/house_interface/lib/python3.12/site-packages/house_interface/msg/_motion_detect.py'...
Compiling '/home/kronbii/github-repos/ROS2-Smart-Home-System/install/house_interface/lib/python3.12/site-packages/house_interface/msg/_security_state_msg.py'...
Compiling '/home/kronbii/github-repos/ROS2-Smart-Home-System/install/house_interface/lib/python3.12/site-packages/house_interface/msg/_temp_state_msg.py'...
Listing '/home/kronbii/github-repos/ROS2-Smart-Home-System/install/house_interface/lib/python3.12/site-packages/house_interface/srv'...
Compiling '/home/kronbii/github-repos/ROS2-Smart-Home-System/install/house_interface/lib/python3.12/site-packages/house_interface/srv/__init__.py'...
Compiling '/home/kronbii/github-repos/ROS2-Smart-Home-System/install/house_interface/lib/python3.12/site-packages/house_interface/srv/_light_state.py'...
Compiling '/home/kronbii/github-repos/ROS2-Smart-Home-System/install/house_interface/lib/python3.12/site-packages/house_interface/srv/_set_security.py'...
Compiling '/home/kronbii/github-repos/ROS2-Smart-Home-System/install/house_interface/lib/python3.12/site-packages/house_interface/srv/_set_temp.py'...
-- Installing: /home/kronbii/github-repos/ROS2-Smart-Home-System/install/house_interface/lib/python3.12/site-packages/house_interface/house_interface_s__rosidl_typesupport_fastrtps_c.so
-- Set non-toolchain portion of runtime path of "/home/kronbii/github-repos/ROS2-Smart-Home-System/install/house_interface/lib/python3.12/site-packages/house_interface/house_interface_s__rosidl_typesupport_fastrtps_c.so" to ""
-- Installing: /home/kronbii/github-repos/ROS2-Smart-Home-System/install/house_interface/lib/python3.12/site-packages/house_interface/house_interface_s__rosidl_typesupport_introspection_c.so
-- Set non-toolchain portion of runtime path of "/home/kronbii/github-repos/ROS2-Smart-Home-System/install/house_interface/lib/python3.12/site-packages/house_interface/house_interface_s__rosidl_typesupport_introspection_c.so" to ""
-- Installing: /home/kronbii/github-repos/ROS2-Smart-Home-System/install/house_interface/lib/python3.12/site-packages/house_interface/house_interface_s__rosidl_typesupport_c.so
-- Set non-toolchain portion of runtime path of "/home/kronbii/github-repos/ROS2-Smart-Home-System/install/house_interface/lib/python3.12/site-packages/house_interface/house_interface_s__rosidl_typesupport_c.so" to ""
-- Installing: /home/kronbii/github-repos/ROS2-Smart-Home-System/install/house_interface/lib/libhouse_interface__rosidl_generator_py.so
-- Set non-toolchain portion of runtime path of "/home/kronbii/github-repos/ROS2-Smart-Home-System/install/house_interface/lib/libhouse_interface__rosidl_generator_py.so" to ""
-- Installing: /home/kronbii/github-repos/ROS2-Smart-Home-System/install/house_interface/share/house_interface/msg/TempStateMsg.idl
-- Installing: /home/kronbii/github-repos/ROS2-Smart-Home-System/install/house_interface/share/house_interface/msg/MotionDetect.idl
-- Installing: /home/kronbii/github-repos/ROS2-Smart-Home-System/install/house_interface/share/house_interface/msg/AmbientLight.idl
-- Installing: /home/kronbii/github-repos/ROS2-Smart-Home-System/install/house_interface/share/house_interface/msg/LightStateMsg.idl
-- Installing: /home/kronbii/github-repos/ROS2-Smart-Home-System/install/house_interface/share/house_interface/msg/SecurityStateMsg.idl
-- Installing: /home/kronbii/github-repos/ROS2-Smart-Home-System/install/house_interface/share/house_interface/srv/LightState.idl
-- Installing: /home/kronbii/github-repos/ROS2-Smart-Home-System/install/house_interface/share/house_interface/srv/SetTemp.idl
-- Installing: /home/kronbii/github-repos/ROS2-Smart-Home-System/install/house_interface/share/house_interface/srv/SetSecurity.idl
-- Installing: /home/kronbii/github-repos/ROS2-Smart-Home-System/install/house_interface/share/house_interface/action/DimLight.idl
-- Installing: /home/kronbii/github-repos/ROS2-Smart-Home-System/install/house_interface/share/house_interface/action/RegulateTemp.idl
-- Installing: /home/kronbii/github-repos/ROS2-Smart-Home-System/install/house_interface/share/house_interface/msg/TempStateMsg.msg
-- Installing: /home/kronbii/github-repos/ROS2-Smart-Home-System/install/house_interface/share/house_interface/msg/MotionDetect.msg
-- Installing: /home/kronbii/github-repos/ROS2-Smart-Home-System/install/house_interface/share/house_interface/msg/AmbientLight.msg
-- Installing: /home/kronbii/github-repos/ROS2-Smart-Home-System/install/house_interface/share/house_interface/msg/LightStateMsg.msg
-- Installing: /home/kronbii/github-repos/ROS2-Smart-Home-System/install/house_interface/share/house_interface/msg/SecurityStateMsg.msg
-- Installing: /home/kronbii/github-repos/ROS2-Smart-Home-System/install/house_interface/share/house_interface/srv/LightState.srv
-- Installing: /home/kronbii/github-repos/ROS2-Smart-Home-System/install/house_interface/share/house_interface/srv/SetTemp.srv
-- Installing: /home/kronbii/github-repos/ROS2-Smart-Home-System/install/house_interface/share/house_interface/srv/SetSecurity.srv
-- Installing: /home/kronbii/github-repos/ROS2-Smart-Home-System/install/house_interface/share/house_interface/action/DimLight.action
-- Installing: /home/kronbii/github-repos/ROS2-Smart-Home-System/install/house_interface/share/house_interface/action/RegulateTemp.action
-- Installing: /home/kronbii/github-repos/ROS2-Smart-Home-System/install/house_interface/share/ament_index/resource_index/package_run_dependencies/house_interface
-- Installing: /home/kronbii/github-repos/ROS2-Smart-Home-System/install/house_interface/share/ament_index/resource_index/parent_prefix_path/house_interface
-- Installing: /home/kronbii/github-repos/ROS2-Smart-Home-System/install/house_interface/share/house_interface/environment/ament_prefix_path.sh
-- Installing: /home/kronbii/github-repos/ROS2-Smart-Home-System/install/house_interface/share/house_interface/environment/ament_prefix_path.dsv
-- Installing: /home/kronbii/github-repos/ROS2-Smart-Home-System/install/house_interface/share/house_interface/environment/path.sh
-- Installing: /home/kronbii/github-repos/ROS2-Smart-Home-System/install/house_interface/share/house_interface/environment/path.dsv
-- Installing: /home/kronbii/github-repos/ROS2-Smart-Home-System/install/house_interface/share/house_interface/local_setup.bash
-- Installing: /home/kronbii/github-repos/ROS2-Smart-Home-System/install/house_interface/share/house_interface/local_setup.sh
-- Installing: /home/kronbii/github-repos/ROS2-Smart-Home-System/install/house_interface/share/house_interface/local_setup.zsh
-- Installing: /home/kronbii/github-repos/ROS2-Smart-Home-System/install/house_interface/share/house_interface/local_setup.dsv
-- Installing: /home/kronbii/github-repos/ROS2-Smart-Home-System/install/house_interface/share/house_interface/package.dsv
-- Installing: /home/kronbii/github-repos/ROS2-Smart-Home-System/install/house_interface/share/ament_index/resource_index/packages/house_interface
-- Installing: /home/kronbii/github-repos/ROS2-Smart-Home-System/install/house_interface/share/house_interface/cmake/export_house_interface__rosidl_generator_cExport.cmake
-- Installing: /home/kronbii/github-repos/ROS2-Smart-Home-System/install/house_interface/share/house_interface/cmake/export_house_interface__rosidl_generator_cExport-noconfig.cmake
-- Installing: /home/kronbii/github-repos/ROS2-Smart-Home-System/install/house_interface/share/house_interface/cmake/export_house_interface__rosidl_typesupport_fastrtps_cExport.cmake
-- Installing: /home/kronbii/github-repos/ROS2-Smart-Home-System/install/house_interface/share/house_interface/cmake/export_house_interface__rosidl_typesupport_fastrtps_cExport-noconfig.cmake
-- Installing: /home/kronbii/github-repos/ROS2-Smart-Home-System/install/house_interface/share/house_interface/cmake/house_interface__rosidl_typesupport_introspection_cExport.cmake
-- Installing: /home/kronbii/github-repos/ROS2-Smart-Home-System/install/house_interface/share/house_interface/cmake/house_interface__rosidl_typesupport_introspection_cExport-noconfig.cmake
-- Installing: /home/kronbii/github-repos/ROS2-Smart-Home-System/install/house_interface/share/house_interface/cmake/house_interface__rosidl_typesupport_cExport.cmake
-- Installing: /home/kronbii/github-repos/ROS2-Smart-Home-System/install/house_interface/share/house_interface/cmake/house_interface__rosidl_typesupport_cExport-noconfig.cmake
-- Installing: /home/kronbii/github-repos/ROS2-Smart-Home-System/install/house_interface/share/house_interface/cmake/export_house_interface__rosidl_generator_cppExport.cmake
-- Installing: /home/kronbii/github-repos/ROS2-Smart-Home-System/install/house_interface/share/house_interface/cmake/export_house_interface__rosidl_typesupport_fastrtps_cppExport.cmake
-- Installing: /home/kronbii/github-repos/ROS2-Smart-Home-System/install/house_interface/share/house_interface/cmake/export_house_interface__rosidl_typesupport_fastrtps_cppExport-noconfig.cmake
-- Installing: /home/kronbii/github-repos/ROS2-Smart-Home-System/install/house_interface/share/house_interface/cmake/house_interface__rosidl_typesupport_introspection_cppExport.cmake
-- Installing: /home/kronbii/github-repos/ROS2-Smart-Home-System/install/house_interface/share/house_interface/cmake/house_interface__rosidl_typesupport_introspection_cppExport-noconfig.cmake
-- Installing: /home/kronbii/github-repos/ROS2-Smart-Home-System/install/house_interface/share/house_interface/cmake/house_interface__rosidl_typesupport_cppExport.cmake
-- Installing: /home/kronbii/github-repos/ROS2-Smart-Home-System/install/house_interface/share/house_interface/cmake/house_interface__rosidl_typesupport_cppExport-noconfig.cmake
-- Installing: /home/kronbii/github-repos/ROS2-Smart-Home-System/install/house_interface/share/house_interface/cmake/export_house_interface__rosidl_generator_pyExport.cmake
-- Installing: /home/kronbii/github-repos/ROS2-Smart-Home-System/install/house_interface/share/house_interface/cmake/export_house_interface__rosidl_generator_pyExport-noconfig.cmake
-- Installing: /home/kronbii/github-repos/ROS2-Smart-Home-System/install/house_interface/share/house_interface/cmake/rosidl_cmake-extras.cmake
-- Installing: /home/kronbii/github-repos/ROS2-Smart-Home-System/install/house_interface/share/house_interface/cmake/ament_cmake_export_dependencies-extras.cmake
-- Installing: /home/kronbii/github-repos/ROS2-Smart-Home-System/install/house_interface/share/house_interface/cmake/ament_cmake_export_include_directories-extras.cmake
-- Installing: /home/kronbii/github-repos/ROS2-Smart-Home-System/install/house_interface/share/house_interface/cmake/ament_cmake_export_libraries-extras.cmake
-- Installing: /home/kronbii/github-repos/ROS2-Smart-Home-System/install/house_interface/share/house_interface/cmake/ament_cmake_export_targets-extras.cmake
-- Installing: /home/kronbii/github-repos/ROS2-Smart-Home-System/install/house_interface/share/house_interface/cmake/rosidl_cmake_export_typesupport_targets-extras.cmake
-- Installing: /home/kronbii/github-repos/ROS2-Smart-Home-System/install/house_interface/share/house_interface/cmake/rosidl_cmake_export_typesupport_libraries-extras.cmake
-- Installing: /home/kronbii/github-repos/ROS2-Smart-Home-System/install/house_interface/share/house_interface/cmake/house_interfaceConfig.cmake
-- Installing: /home/kronbii/github-repos/ROS2-Smart-Home-System/install/house_interface/share/house_interface/cmake/house_interfaceConfig-version.cmake
-- Installing: /home/kronbii/github-repos/ROS2-Smart-Home-System/install/house_interface/share/house_interface/package.xml
