[0.018s] Invoking command in '/home/kronbii/github-repos/ROS2-Smart-Home-System/build/house_interface': CMAKE_PREFIX_PATH=${CMAKE_PREFIX_PATH}:/opt/ros/jazzy DEBUGINFOD_URLS=https://debuginfod.ubuntu.com /usr/bin/cmake /home/kronbii/github-repos/ROS2-Smart-Home-System/house_interface -DCMAKE_INSTALL_PREFIX=/home/kronbii/github-repos/ROS2-Smart-Home-System/install/house_interface
[0.099s] -- The C compiler identification is GNU 13.3.0
[0.150s] -- The CXX compiler identification is GNU 13.3.0
[0.168s] -- Detecting C compiler ABI info
[0.247s] -- Detecting C compiler ABI info - done
[0.254s] -- Check for working C compiler: /usr/bin/cc - skipped
[0.254s] -- Detecting C compile features
[0.255s] -- Detecting C compile features - done
[0.264s] -- Detecting CXX compiler ABI info
[0.346s] -- Detecting CXX compiler ABI info - done
[0.354s] -- Check for working CXX compiler: /usr/bin/c++ - skipped
[0.354s] -- Detecting CXX compile features
[0.354s] -- Detecting CXX compile features - done
[0.360s] -- Found ament_cmake: 2.5.2 (/opt/ros/jazzy/share/ament_cmake/cmake)
[0.486s] -- Found Python3: /usr/bin/python3 (found version "3.12.3") found components: Interpreter 
[0.592s] -- Found rosidl_default_generators: 1.6.0 (/opt/ros/jazzy/share/rosidl_default_generators/cmake)
[0.598s] -- Using all available rosidl_typesupport_c: rosidl_typesupport_fastrtps_c;rosidl_typesupport_introspection_c
[0.647s] -- Using all available rosidl_typesupport_cpp: rosidl_typesupport_fastrtps_cpp;rosidl_typesupport_introspection_cpp
[0.687s] -- Found rosidl_adapter: 4.6.4 (/opt/ros/jazzy/share/rosidl_adapter/cmake)
[1.300s] -- Found ament_cmake_ros: 0.12.0 (/opt/ros/jazzy/share/ament_cmake_ros/cmake)
[1.692s] -- Using all available rosidl_typesupport_c: rosidl_typesupport_fastrtps_c;rosidl_typesupport_introspection_c
[2.213s] -- Using all available rosidl_typesupport_cpp: rosidl_typesupport_fastrtps_cpp;rosidl_typesupport_introspection_cpp
[2.226s] -- Found python_cmake_module: 0.11.1 (/opt/ros/jazzy/share/python_cmake_module/cmake)
[2.341s] -- Found PythonExtra: /usr/bin/python3  
[2.755s] -- Found Python3: /usr/bin/python3 (found version "3.12.3") found components: Interpreter Development NumPy Development.Module Development.Embed 
[2.788s] -- Found ament_lint_auto: 0.17.1 (/opt/ros/jazzy/share/ament_lint_auto/cmake)
[2.811s] -- Added test 'lint_cmake' to check CMake code style
[2.812s] -- Added test 'xmllint' to check XML markup files
[2.815s] -- Configuring done (2.8s)
[2.862s] -- Generating done (0.0s)
[2.864s] -- Build files have been written to: /home/kronbii/github-repos/ROS2-Smart-Home-System/build/house_interface
[2.873s] Invoked command in '/home/kronbii/github-repos/ROS2-Smart-Home-System/build/house_interface' returned '0': CMAKE_PREFIX_PATH=${CMAKE_PREFIX_PATH}:/opt/ros/jazzy DEBUGINFOD_URLS=https://debuginfod.ubuntu.com /usr/bin/cmake /home/kronbii/github-repos/ROS2-Smart-Home-System/house_interface -DCMAKE_INSTALL_PREFIX=/home/kronbii/github-repos/ROS2-Smart-Home-System/install/house_interface
[2.874s] Invoking command in '/home/kronbii/github-repos/ROS2-Smart-Home-System/build/house_interface': CMAKE_PREFIX_PATH=${CMAKE_PREFIX_PATH}:/opt/ros/jazzy DEBUGINFOD_URLS=https://debuginfod.ubuntu.com /usr/bin/cmake --build /home/kronbii/github-repos/ROS2-Smart-Home-System/build/house_interface -- -j16 -l16
[2.921s] [  1%] [34m[1mGenerating type hashes for ROS interfaces[0m
[2.928s] [  1%] Built target ament_cmake_python_copy_house_interface
[3.152s] running egg_info
[3.152s] creating house_interface.egg-info
[3.175s] writing house_interface.egg-info/PKG-INFO
[3.176s] writing dependency_links to house_interface.egg-info/dependency_links.txt
[3.176s] writing top-level names to house_interface.egg-info/top_level.txt
[3.176s] writing manifest file 'house_interface.egg-info/SOURCES.txt'
[3.187s] [  1%] Built target house_interface__rosidl_generator_type_description
[3.197s] [  2%] [34m[1mGenerating C code for ROS interfaces[0m
[3.207s] [  2%] [34m[1mGenerating C++ code for ROS interfaces[0m
[3.250s] reading manifest file 'house_interface.egg-info/SOURCES.txt'
[3.251s] writing manifest file 'house_interface.egg-info/SOURCES.txt'
[3.278s] [  2%] Built target ament_cmake_python_build_house_interface_egg
[4.030s] [  2%] Built target house_interface__cpp
[4.216s] [  5%] [32mBuilding C object CMakeFiles/house_interface__rosidl_generator_c.dir/rosidl_generator_c/house_interface/msg/detail/temp_state_msg__type_support.c.o[0m
[4.216s] [  5%] [32mBuilding C object CMakeFiles/house_interface__rosidl_generator_c.dir/rosidl_generator_c/house_interface/msg/detail/motion_detect__type_support.c.o[0m
[4.216s] [  5%] [32mBuilding C object CMakeFiles/house_interface__rosidl_generator_c.dir/rosidl_generator_c/house_interface/msg/detail/temp_state_msg__description.c.o[0m
[4.216s] [  5%] [32mBuilding C object CMakeFiles/house_interface__rosidl_generator_c.dir/rosidl_generator_c/house_interface/msg/detail/ambient_light__functions.c.o[0m
[4.217s] [  6%] [32mBuilding C object CMakeFiles/house_interface__rosidl_generator_c.dir/rosidl_generator_c/house_interface/msg/detail/ambient_light__type_support.c.o[0m
[4.217s] [  6%] [32mBuilding C object CMakeFiles/house_interface__rosidl_generator_c.dir/rosidl_generator_c/house_interface/msg/detail/motion_detect__functions.c.o[0m
[4.217s] [  7%] [32mBuilding C object CMakeFiles/house_interface__rosidl_generator_c.dir/rosidl_generator_c/house_interface/msg/detail/temp_state_msg__functions.c.o[0m
[4.217s] [  8%] [32mBuilding C object CMakeFiles/house_interface__rosidl_generator_c.dir/rosidl_generator_c/house_interface/msg/detail/motion_detect__description.c.o[0m
[4.217s] [  9%] [32mBuilding C object CMakeFiles/house_interface__rosidl_generator_c.dir/rosidl_generator_c/house_interface/msg/detail/ambient_light__description.c.o[0m
[4.217s] [ 10%] [32mBuilding C object CMakeFiles/house_interface__rosidl_generator_c.dir/rosidl_generator_c/house_interface/msg/detail/light_state_msg__description.c.o[0m
[4.217s] [ 11%] [32mBuilding C object CMakeFiles/house_interface__rosidl_generator_c.dir/rosidl_generator_c/house_interface/msg/detail/light_state_msg__functions.c.o[0m
[4.217s] [ 12%] [32mBuilding C object CMakeFiles/house_interface__rosidl_generator_c.dir/rosidl_generator_c/house_interface/msg/detail/light_state_msg__type_support.c.o[0m
[4.217s] [ 12%] [32mBuilding C object CMakeFiles/house_interface__rosidl_generator_c.dir/rosidl_generator_c/house_interface/msg/detail/security_state_msg__description.c.o[0m
[4.217s] [ 13%] [32mBuilding C object CMakeFiles/house_interface__rosidl_generator_c.dir/rosidl_generator_c/house_interface/msg/detail/security_state_msg__functions.c.o[0m
[4.218s] [ 14%] [32mBuilding C object CMakeFiles/house_interface__rosidl_generator_c.dir/rosidl_generator_c/house_interface/msg/detail/security_state_msg__type_support.c.o[0m
[4.218s] [ 15%] [32mBuilding C object CMakeFiles/house_interface__rosidl_generator_c.dir/rosidl_generator_c/house_interface/srv/detail/light_state__description.c.o[0m
[4.275s] [ 18%] [32mBuilding C object CMakeFiles/house_interface__rosidl_generator_c.dir/rosidl_generator_c/house_interface/srv/detail/set_temp__functions.c.o[0m
[4.276s] [ 18%] [32mBuilding C object CMakeFiles/house_interface__rosidl_generator_c.dir/rosidl_generator_c/house_interface/srv/detail/set_temp__description.c.o[0m
[4.276s] [ 18%] [32mBuilding C object CMakeFiles/house_interface__rosidl_generator_c.dir/rosidl_generator_c/house_interface/srv/detail/light_state__type_support.c.o[0m
[4.276s] [ 18%] [32mBuilding C object CMakeFiles/house_interface__rosidl_generator_c.dir/rosidl_generator_c/house_interface/srv/detail/light_state__functions.c.o[0m
[4.276s] [ 19%] [32mBuilding C object CMakeFiles/house_interface__rosidl_generator_c.dir/rosidl_generator_c/house_interface/srv/detail/set_temp__type_support.c.o[0m
[4.288s] [ 22%] [32mBuilding C object CMakeFiles/house_interface__rosidl_generator_c.dir/rosidl_generator_c/house_interface/srv/detail/set_security__functions.c.o[0m
[4.288s] [ 22%] [32mBuilding C object CMakeFiles/house_interface__rosidl_generator_c.dir/rosidl_generator_c/house_interface/srv/detail/set_security__description.c.o[0m
[4.288s] [ 22%] [32mBuilding C object CMakeFiles/house_interface__rosidl_generator_c.dir/rosidl_generator_c/house_interface/srv/detail/set_security__type_support.c.o[0m
[4.289s] [ 22%] [32mBuilding C object CMakeFiles/house_interface__rosidl_generator_c.dir/rosidl_generator_c/house_interface/action/detail/dim_light__description.c.o[0m
[4.289s] [ 23%] [32mBuilding C object CMakeFiles/house_interface__rosidl_generator_c.dir/rosidl_generator_c/house_interface/action/detail/dim_light__functions.c.o[0m
[4.298s] [ 26%] [32mBuilding C object CMakeFiles/house_interface__rosidl_generator_c.dir/rosidl_generator_c/house_interface/action/detail/regulate_temp__type_support.c.o[0m
[4.298s] [ 26%] [32mBuilding C object CMakeFiles/house_interface__rosidl_generator_c.dir/rosidl_generator_c/house_interface/action/detail/regulate_temp__functions.c.o[0m
[4.298s] [ 26%] [32mBuilding C object CMakeFiles/house_interface__rosidl_generator_c.dir/rosidl_generator_c/house_interface/action/detail/regulate_temp__description.c.o[0m
[4.299s] [ 26%] [32mBuilding C object CMakeFiles/house_interface__rosidl_generator_c.dir/rosidl_generator_c/house_interface/action/detail/dim_light__type_support.c.o[0m
[4.437s] [ 27%] [32m[1mLinking C shared library libhouse_interface__rosidl_generator_c.so[0m
[4.478s] [ 27%] Built target house_interface__rosidl_generator_c
[4.488s] [ 30%] [34m[1mGenerating C++ type support dispatch for ROS interfaces[0m
[4.488s] [ 30%] [34m[1mGenerating C type support for eProsima Fast-RTPS[0m
[4.488s] [ 30%] [34m[1mGenerating C type support dispatch for ROS interfaces[0m
[4.488s] [ 30%] [34m[1mGenerating C introspection for ROS interfaces[0m
[4.488s] [ 30%] [34m[1mGenerating C++ type support for eProsima Fast-RTPS[0m
[4.488s] [ 31%] [34m[1mGenerating C++ introspection for ROS interfaces[0m
[4.956s] [ 32%] [32mBuilding CXX object CMakeFiles/house_interface__rosidl_typesupport_c.dir/rosidl_typesupport_c/house_interface/msg/ambient_light__type_support.cpp.o[0m
[4.957s] [ 33%] [32mBuilding CXX object CMakeFiles/house_interface__rosidl_typesupport_c.dir/rosidl_typesupport_c/house_interface/msg/temp_state_msg__type_support.cpp.o[0m
[4.957s] [ 34%] [32mBuilding CXX object CMakeFiles/house_interface__rosidl_typesupport_c.dir/rosidl_typesupport_c/house_interface/msg/motion_detect__type_support.cpp.o[0m
[4.957s] [ 35%] [32mBuilding CXX object CMakeFiles/house_interface__rosidl_typesupport_c.dir/rosidl_typesupport_c/house_interface/msg/security_state_msg__type_support.cpp.o[0m
[4.957s] [ 35%] [32mBuilding CXX object CMakeFiles/house_interface__rosidl_typesupport_c.dir/rosidl_typesupport_c/house_interface/msg/light_state_msg__type_support.cpp.o[0m
[4.957s] [ 36%] [32mBuilding CXX object CMakeFiles/house_interface__rosidl_typesupport_c.dir/rosidl_typesupport_c/house_interface/srv/set_temp__type_support.cpp.o[0m
[4.957s] [ 37%] [32mBuilding CXX object CMakeFiles/house_interface__rosidl_typesupport_c.dir/rosidl_typesupport_c/house_interface/srv/set_security__type_support.cpp.o[0m
[4.958s] [ 38%] [32mBuilding CXX object CMakeFiles/house_interface__rosidl_typesupport_c.dir/rosidl_typesupport_c/house_interface/srv/light_state__type_support.cpp.o[0m
[4.958s] [ 39%] [32mBuilding CXX object CMakeFiles/house_interface__rosidl_typesupport_c.dir/rosidl_typesupport_c/house_interface/action/dim_light__type_support.cpp.o[0m
[4.958s] [ 39%] [32mBuilding CXX object CMakeFiles/house_interface__rosidl_typesupport_c.dir/rosidl_typesupport_c/house_interface/action/regulate_temp__type_support.cpp.o[0m
[4.972s] [ 41%] [32mBuilding CXX object CMakeFiles/house_interface__rosidl_typesupport_cpp.dir/rosidl_typesupport_cpp/house_interface/msg/motion_detect__type_support.cpp.o[0m
[4.973s] [ 41%] [32mBuilding CXX object CMakeFiles/house_interface__rosidl_typesupport_cpp.dir/rosidl_typesupport_cpp/house_interface/msg/temp_state_msg__type_support.cpp.o[0m
[5.026s] [ 43%] [32mBuilding CXX object CMakeFiles/house_interface__rosidl_typesupport_cpp.dir/rosidl_typesupport_cpp/house_interface/msg/light_state_msg__type_support.cpp.o[0m
[5.026s] [ 43%] [32mBuilding CXX object CMakeFiles/house_interface__rosidl_typesupport_cpp.dir/rosidl_typesupport_cpp/house_interface/msg/security_state_msg__type_support.cpp.o[0m
[5.026s] [ 43%] [32mBuilding CXX object CMakeFiles/house_interface__rosidl_typesupport_cpp.dir/rosidl_typesupport_cpp/house_interface/msg/ambient_light__type_support.cpp.o[0m
[5.026s] [ 44%] [32mBuilding CXX object CMakeFiles/house_interface__rosidl_typesupport_cpp.dir/rosidl_typesupport_cpp/house_interface/srv/light_state__type_support.cpp.o[0m
[5.027s] [ 45%] [32mBuilding CXX object CMakeFiles/house_interface__rosidl_typesupport_cpp.dir/rosidl_typesupport_cpp/house_interface/srv/set_temp__type_support.cpp.o[0m
[5.030s] [ 46%] [32mBuilding CXX object CMakeFiles/house_interface__rosidl_typesupport_cpp.dir/rosidl_typesupport_cpp/house_interface/action/dim_light__type_support.cpp.o[0m
[5.030s] [ 46%] [32mBuilding CXX object CMakeFiles/house_interface__rosidl_typesupport_cpp.dir/rosidl_typesupport_cpp/house_interface/srv/set_security__type_support.cpp.o[0m
[5.030s] [ 47%] [32mBuilding CXX object CMakeFiles/house_interface__rosidl_typesupport_cpp.dir/rosidl_typesupport_cpp/house_interface/action/regulate_temp__type_support.cpp.o[0m
[5.047s] [ 48%] [32m[1mLinking CXX shared library libhouse_interface__rosidl_typesupport_c.so[0m
[5.116s] [ 48%] Built target house_interface__rosidl_typesupport_c
[5.301s] [ 49%] [32mBuilding CXX object CMakeFiles/house_interface__rosidl_typesupport_introspection_cpp.dir/rosidl_typesupport_introspection_cpp/house_interface/msg/detail/temp_state_msg__type_support.cpp.o[0m
[5.311s] [ 50%] [32mBuilding CXX object CMakeFiles/house_interface__rosidl_typesupport_introspection_cpp.dir/rosidl_typesupport_introspection_cpp/house_interface/msg/detail/ambient_light__type_support.cpp.o[0m
[5.313s] [ 50%] [32mBuilding CXX object CMakeFiles/house_interface__rosidl_typesupport_introspection_cpp.dir/rosidl_typesupport_introspection_cpp/house_interface/msg/detail/motion_detect__type_support.cpp.o[0m
[5.412s] [ 51%] [32mBuilding CXX object CMakeFiles/house_interface__rosidl_typesupport_introspection_cpp.dir/rosidl_typesupport_introspection_cpp/house_interface/msg/detail/light_state_msg__type_support.cpp.o[0m
[5.418s] [ 52%] [32mBuilding CXX object CMakeFiles/house_interface__rosidl_typesupport_introspection_cpp.dir/rosidl_typesupport_introspection_cpp/house_interface/msg/detail/security_state_msg__type_support.cpp.o[0m
[5.442s] [ 53%] [32mBuilding CXX object CMakeFiles/house_interface__rosidl_typesupport_introspection_cpp.dir/rosidl_typesupport_introspection_cpp/house_interface/srv/detail/light_state__type_support.cpp.o[0m
[5.460s] [ 53%] [32mBuilding CXX object CMakeFiles/house_interface__rosidl_typesupport_introspection_cpp.dir/rosidl_typesupport_introspection_cpp/house_interface/srv/detail/set_temp__type_support.cpp.o[0m
[5.479s] [ 54%] [32mBuilding CXX object CMakeFiles/house_interface__rosidl_typesupport_introspection_cpp.dir/rosidl_typesupport_introspection_cpp/house_interface/srv/detail/set_security__type_support.cpp.o[0m
[5.493s] [ 55%] [32mBuilding C object CMakeFiles/house_interface__rosidl_typesupport_introspection_c.dir/rosidl_typesupport_introspection_c/house_interface/msg/detail/temp_state_msg__type_support.c.o[0m
[5.547s] [ 56%] [32mBuilding C object CMakeFiles/house_interface__rosidl_typesupport_introspection_c.dir/rosidl_typesupport_introspection_c/house_interface/msg/detail/motion_detect__type_support.c.o[0m
[5.564s] [ 58%] [32mBuilding C object CMakeFiles/house_interface__rosidl_typesupport_introspection_c.dir/rosidl_typesupport_introspection_c/house_interface/msg/detail/ambient_light__type_support.c.o[0m
[5.564s] [ 58%] [32mBuilding CXX object CMakeFiles/house_interface__rosidl_typesupport_introspection_cpp.dir/rosidl_typesupport_introspection_cpp/house_interface/action/detail/dim_light__type_support.cpp.o[0m
[5.603s] [ 59%] [32mBuilding CXX object CMakeFiles/house_interface__rosidl_typesupport_introspection_cpp.dir/rosidl_typesupport_introspection_cpp/house_interface/action/detail/regulate_temp__type_support.cpp.o[0m
[5.619s] [ 59%] [32mBuilding C object CMakeFiles/house_interface__rosidl_typesupport_introspection_c.dir/rosidl_typesupport_introspection_c/house_interface/msg/detail/light_state_msg__type_support.c.o[0m
[5.622s] [ 60%] [32mBuilding C object CMakeFiles/house_interface__rosidl_typesupport_introspection_c.dir/rosidl_typesupport_introspection_c/house_interface/msg/detail/security_state_msg__type_support.c.o[0m
[5.675s] [ 61%] [32mBuilding C object CMakeFiles/house_interface__rosidl_typesupport_introspection_c.dir/rosidl_typesupport_introspection_c/house_interface/srv/detail/light_state__type_support.c.o[0m
[5.681s] [ 62%] [32mBuilding C object CMakeFiles/house_interface__rosidl_typesupport_introspection_c.dir/rosidl_typesupport_introspection_c/house_interface/srv/detail/set_temp__type_support.c.o[0m
[5.751s] [ 63%] [32mBuilding C object CMakeFiles/house_interface__rosidl_typesupport_introspection_c.dir/rosidl_typesupport_introspection_c/house_interface/srv/detail/set_security__type_support.c.o[0m
[5.757s] [ 63%] [32mBuilding C object CMakeFiles/house_interface__rosidl_typesupport_introspection_c.dir/rosidl_typesupport_introspection_c/house_interface/action/detail/dim_light__type_support.c.o[0m
[5.782s] [ 64%] [32mBuilding C object CMakeFiles/house_interface__rosidl_typesupport_introspection_c.dir/rosidl_typesupport_introspection_c/house_interface/action/detail/regulate_temp__type_support.c.o[0m
[5.879s] [ 65%] [32m[1mLinking C shared library libhouse_interface__rosidl_typesupport_introspection_c.so[0m
[5.924s] [ 67%] [32mBuilding CXX object CMakeFiles/house_interface__rosidl_typesupport_fastrtps_cpp.dir/rosidl_typesupport_fastrtps_cpp/house_interface/msg/detail/dds_fastrtps/temp_state_msg__type_support.cpp.o[0m
[5.924s] [ 67%] [32mBuilding CXX object CMakeFiles/house_interface__rosidl_typesupport_fastrtps_cpp.dir/rosidl_typesupport_fastrtps_cpp/house_interface/msg/detail/dds_fastrtps/ambient_light__type_support.cpp.o[0m
[5.925s] [ 69%] [32mBuilding CXX object CMakeFiles/house_interface__rosidl_typesupport_fastrtps_cpp.dir/rosidl_typesupport_fastrtps_cpp/house_interface/srv/detail/dds_fastrtps/light_state__type_support.cpp.o[0m
[5.925s] [ 69%] [32mBuilding CXX object CMakeFiles/house_interface__rosidl_typesupport_fastrtps_cpp.dir/rosidl_typesupport_fastrtps_cpp/house_interface/msg/detail/dds_fastrtps/light_state_msg__type_support.cpp.o[0m
[5.925s] [ 69%] [32mBuilding CXX object CMakeFiles/house_interface__rosidl_typesupport_fastrtps_cpp.dir/rosidl_typesupport_fastrtps_cpp/house_interface/msg/detail/dds_fastrtps/security_state_msg__type_support.cpp.o[0m
[5.925s] [ 70%] [32mBuilding CXX object CMakeFiles/house_interface__rosidl_typesupport_fastrtps_cpp.dir/rosidl_typesupport_fastrtps_cpp/house_interface/msg/detail/dds_fastrtps/motion_detect__type_support.cpp.o[0m
[5.928s] [ 71%] [32mBuilding CXX object CMakeFiles/house_interface__rosidl_typesupport_fastrtps_cpp.dir/rosidl_typesupport_fastrtps_cpp/house_interface/srv/detail/dds_fastrtps/set_temp__type_support.cpp.o[0m
[5.935s] [ 71%] Built target house_interface__rosidl_typesupport_introspection_c
[5.955s] [ 72%] [32mBuilding CXX object CMakeFiles/house_interface__rosidl_typesupport_fastrtps_cpp.dir/rosidl_typesupport_fastrtps_cpp/house_interface/srv/detail/dds_fastrtps/set_security__type_support.cpp.o[0m
[6.000s] [ 73%] [32mBuilding CXX object CMakeFiles/house_interface__rosidl_typesupport_fastrtps_cpp.dir/rosidl_typesupport_fastrtps_cpp/house_interface/action/detail/dds_fastrtps/dim_light__type_support.cpp.o[0m
[6.018s] [ 74%] [32m[1mLinking CXX shared library libhouse_interface__rosidl_typesupport_cpp.so[0m
[6.026s] [ 75%] [32mBuilding CXX object CMakeFiles/house_interface__rosidl_typesupport_fastrtps_cpp.dir/rosidl_typesupport_fastrtps_cpp/house_interface/action/detail/dds_fastrtps/regulate_temp__type_support.cpp.o[0m
[6.142s] [ 77%] [32mBuilding CXX object CMakeFiles/house_interface__rosidl_typesupport_fastrtps_c.dir/rosidl_typesupport_fastrtps_c/house_interface/msg/detail/motion_detect__type_support_c.cpp.o[0m
[6.143s] [ 77%] [32mBuilding CXX object CMakeFiles/house_interface__rosidl_typesupport_fastrtps_c.dir/rosidl_typesupport_fastrtps_c/house_interface/msg/detail/temp_state_msg__type_support_c.cpp.o[0m
[6.143s] [ 77%] [32mBuilding CXX object CMakeFiles/house_interface__rosidl_typesupport_fastrtps_c.dir/rosidl_typesupport_fastrtps_c/house_interface/msg/detail/ambient_light__type_support_c.cpp.o[0m
[6.204s] [ 77%] Built target house_interface__rosidl_typesupport_cpp
[6.220s] [ 78%] [32mBuilding CXX object CMakeFiles/house_interface__rosidl_typesupport_fastrtps_c.dir/rosidl_typesupport_fastrtps_c/house_interface/msg/detail/light_state_msg__type_support_c.cpp.o[0m
[6.594s] [ 79%] [32mBuilding CXX object CMakeFiles/house_interface__rosidl_typesupport_fastrtps_c.dir/rosidl_typesupport_fastrtps_c/house_interface/msg/detail/security_state_msg__type_support_c.cpp.o[0m
[6.600s] [ 80%] [32mBuilding CXX object CMakeFiles/house_interface__rosidl_typesupport_fastrtps_c.dir/rosidl_typesupport_fastrtps_c/house_interface/srv/detail/light_state__type_support_c.cpp.o[0m
[6.628s] [ 80%] [32mBuilding CXX object CMakeFiles/house_interface__rosidl_typesupport_fastrtps_c.dir/rosidl_typesupport_fastrtps_c/house_interface/srv/detail/set_temp__type_support_c.cpp.o[0m
[6.635s] [ 81%] [32mBuilding CXX object CMakeFiles/house_interface__rosidl_typesupport_fastrtps_c.dir/rosidl_typesupport_fastrtps_c/house_interface/srv/detail/set_security__type_support_c.cpp.o[0m
[6.640s] [ 82%] [32mBuilding CXX object CMakeFiles/house_interface__rosidl_typesupport_fastrtps_c.dir/rosidl_typesupport_fastrtps_c/house_interface/action/detail/dim_light__type_support_c.cpp.o[0m
[6.641s] [ 83%] [32mBuilding CXX object CMakeFiles/house_interface__rosidl_typesupport_fastrtps_c.dir/rosidl_typesupport_fastrtps_c/house_interface/action/detail/regulate_temp__type_support_c.cpp.o[0m
[6.662s] [ 84%] [32m[1mLinking CXX shared library libhouse_interface__rosidl_typesupport_introspection_cpp.so[0m
[6.844s] [ 84%] Built target house_interface__rosidl_typesupport_introspection_cpp
[7.222s] [ 85%] [32m[1mLinking CXX shared library libhouse_interface__rosidl_typesupport_fastrtps_c.so[0m
[7.271s] [ 85%] [32m[1mLinking CXX shared library libhouse_interface__rosidl_typesupport_fastrtps_cpp.so[0m
[7.292s] [ 85%] Built target house_interface__rosidl_typesupport_fastrtps_c
[7.346s] [ 85%] Built target house_interface__rosidl_typesupport_fastrtps_cpp
[7.363s] [ 85%] Built target house_interface
[7.381s] [ 86%] [34m[1mGenerating Python code for ROS interfaces[0m
[8.793s] [ 86%] Built target house_interface__py
[8.815s] [ 92%] [32mBuilding C object CMakeFiles/house_interface__rosidl_generator_py.dir/rosidl_generator_py/house_interface/msg/_temp_state_msg_s.c.o[0m
[8.815s] [ 92%] [32mBuilding C object CMakeFiles/house_interface__rosidl_generator_py.dir/rosidl_generator_py/house_interface/srv/_light_state_s.c.o[0m
[8.815s] [ 92%] [32mBuilding C object CMakeFiles/house_interface__rosidl_generator_py.dir/rosidl_generator_py/house_interface/srv/_set_temp_s.c.o[0m
[8.815s] [ 92%] [32mBuilding C object CMakeFiles/house_interface__rosidl_generator_py.dir/rosidl_generator_py/house_interface/msg/_security_state_msg_s.c.o[0m
[8.815s] [ 92%] [32mBuilding C object CMakeFiles/house_interface__rosidl_generator_py.dir/rosidl_generator_py/house_interface/msg/_motion_detect_s.c.o[0m
[8.815s] [ 92%] [32mBuilding C object CMakeFiles/house_interface__rosidl_generator_py.dir/rosidl_generator_py/house_interface/action/_dim_light_s.c.o[0m
[8.815s] [ 92%] [32mBuilding C object CMakeFiles/house_interface__rosidl_generator_py.dir/rosidl_generator_py/house_interface/msg/_ambient_light_s.c.o[0m
[8.815s] [ 93%] [32mBuilding C object CMakeFiles/house_interface__rosidl_generator_py.dir/rosidl_generator_py/house_interface/msg/_light_state_msg_s.c.o[0m
[8.816s] [ 93%] [32mBuilding C object CMakeFiles/house_interface__rosidl_generator_py.dir/rosidl_generator_py/house_interface/srv/_set_security_s.c.o[0m
[8.817s] [ 94%] [32mBuilding C object CMakeFiles/house_interface__rosidl_generator_py.dir/rosidl_generator_py/house_interface/action/_regulate_temp_s.c.o[0m
[9.031s] [ 95%] [32m[1mLinking C shared library libhouse_interface__rosidl_generator_py.so[0m
[9.075s] [ 95%] Built target house_interface__rosidl_generator_py
[9.093s] [ 97%] [32mBuilding C object CMakeFiles/house_interface_s__rosidl_typesupport_introspection_c.dir/rosidl_generator_py/house_interface/_house_interface_s.ep.rosidl_typesupport_introspection_c.c.o[0m
[9.093s] [ 97%] [32mBuilding C object CMakeFiles/house_interface_s__rosidl_typesupport_c.dir/rosidl_generator_py/house_interface/_house_interface_s.ep.rosidl_typesupport_c.c.o[0m
[9.093s] [ 97%] [32mBuilding C object CMakeFiles/house_interface_s__rosidl_typesupport_fastrtps_c.dir/rosidl_generator_py/house_interface/_house_interface_s.ep.rosidl_typesupport_fastrtps_c.c.o[0m
[9.257s] [ 99%] [32m[1mLinking C shared module rosidl_generator_py/house_interface/house_interface_s__rosidl_typesupport_introspection_c.so[0m
[9.257s] [ 99%] [32m[1mLinking C shared module rosidl_generator_py/house_interface/house_interface_s__rosidl_typesupport_c.so[0m
[9.259s] [100%] [32m[1mLinking C shared module rosidl_generator_py/house_interface/house_interface_s__rosidl_typesupport_fastrtps_c.so[0m
[9.287s] [100%] Built target house_interface_s__rosidl_typesupport_c
[9.287s] [100%] Built target house_interface_s__rosidl_typesupport_introspection_c
[9.288s] [100%] Built target house_interface_s__rosidl_typesupport_fastrtps_c
[9.301s] Invoked command in '/home/kronbii/github-repos/ROS2-Smart-Home-System/build/house_interface' returned '0': CMAKE_PREFIX_PATH=${CMAKE_PREFIX_PATH}:/opt/ros/jazzy DEBUGINFOD_URLS=https://debuginfod.ubuntu.com /usr/bin/cmake --build /home/kronbii/github-repos/ROS2-Smart-Home-System/build/house_interface -- -j16 -l16
[9.535s] Invoking command in '/home/kronbii/github-repos/ROS2-Smart-Home-System/build/house_interface': CMAKE_PREFIX_PATH=${CMAKE_PREFIX_PATH}:/opt/ros/jazzy DEBUGINFOD_URLS=https://debuginfod.ubuntu.com /usr/bin/cmake --install /home/kronbii/github-repos/ROS2-Smart-Home-System/build/house_interface
[9.542s] -- Install configuration: ""
[9.542s] -- Installing: /home/kronbii/github-repos/ROS2-Smart-Home-System/install/house_interface/share/ament_index/resource_index/rosidl_interfaces/house_interface
[9.542s] -- Installing: /home/kronbii/github-repos/ROS2-Smart-Home-System/install/house_interface/share/house_interface/msg/TempStateMsg.json
[9.542s] -- Installing: /home/kronbii/github-repos/ROS2-Smart-Home-System/install/house_interface/share/house_interface/msg/MotionDetect.json
[9.543s] -- Installing: /home/kronbii/github-repos/ROS2-Smart-Home-System/install/house_interface/share/house_interface/msg/AmbientLight.json
[9.543s] -- Installing: /home/kronbii/github-repos/ROS2-Smart-Home-System/install/house_interface/share/house_interface/msg/LightStateMsg.json
[9.543s] -- Installing: /home/kronbii/github-repos/ROS2-Smart-Home-System/install/house_interface/share/house_interface/msg/SecurityStateMsg.json
[9.543s] -- Installing: /home/kronbii/github-repos/ROS2-Smart-Home-System/install/house_interface/share/house_interface/srv/LightState.json
[9.543s] -- Installing: /home/kronbii/github-repos/ROS2-Smart-Home-System/install/house_interface/share/house_interface/srv/SetTemp.json
[9.543s] -- Installing: /home/kronbii/github-repos/ROS2-Smart-Home-System/install/house_interface/share/house_interface/srv/SetSecurity.json
[9.543s] -- Installing: /home/kronbii/github-repos/ROS2-Smart-Home-System/install/house_interface/share/house_interface/action/DimLight.json
[9.544s] -- Installing: /home/kronbii/github-repos/ROS2-Smart-Home-System/install/house_interface/share/house_interface/action/RegulateTemp.json
[9.544s] -- Installing: /home/kronbii/github-repos/ROS2-Smart-Home-System/install/house_interface/include/house_interface/house_interface
[9.544s] -- Installing: /home/kronbii/github-repos/ROS2-Smart-Home-System/install/house_interface/include/house_interface/house_interface/msg
[9.544s] -- Installing: /home/kronbii/github-repos/ROS2-Smart-Home-System/install/house_interface/include/house_interface/house_interface/msg/light_state_msg.h
[9.544s] -- Installing: /home/kronbii/github-repos/ROS2-Smart-Home-System/install/house_interface/include/house_interface/house_interface/msg/rosidl_generator_c__visibility_control.h
[9.544s] -- Installing: /home/kronbii/github-repos/ROS2-Smart-Home-System/install/house_interface/include/house_interface/house_interface/msg/ambient_light.h
[9.544s] -- Installing: /home/kronbii/github-repos/ROS2-Smart-Home-System/install/house_interface/include/house_interface/house_interface/msg/temp_state_msg.h
[9.544s] -- Installing: /home/kronbii/github-repos/ROS2-Smart-Home-System/install/house_interface/include/house_interface/house_interface/msg/security_state_msg.h
[9.544s] -- Installing: /home/kronbii/github-repos/ROS2-Smart-Home-System/install/house_interface/include/house_interface/house_interface/msg/motion_detect.h
[9.545s] -- Installing: /home/kronbii/github-repos/ROS2-Smart-Home-System/install/house_interface/include/house_interface/house_interface/msg/detail
[9.545s] -- Installing: /home/kronbii/github-repos/ROS2-Smart-Home-System/install/house_interface/include/house_interface/house_interface/msg/detail/light_state_msg__struct.h
[9.545s] -- Installing: /home/kronbii/github-repos/ROS2-Smart-Home-System/install/house_interface/include/house_interface/house_interface/msg/detail/light_state_msg__description.c
[9.545s] -- Installing: /home/kronbii/github-repos/ROS2-Smart-Home-System/install/house_interface/include/house_interface/house_interface/msg/detail/temp_state_msg__struct.h
[9.545s] -- Installing: /home/kronbii/github-repos/ROS2-Smart-Home-System/install/house_interface/include/house_interface/house_interface/msg/detail/motion_detect__description.c
[9.545s] -- Installing: /home/kronbii/github-repos/ROS2-Smart-Home-System/install/house_interface/include/house_interface/house_interface/msg/detail/temp_state_msg__type_support.h
[9.545s] -- Installing: /home/kronbii/github-repos/ROS2-Smart-Home-System/install/house_interface/include/house_interface/house_interface/msg/detail/temp_state_msg__description.c
[9.545s] -- Installing: /home/kronbii/github-repos/ROS2-Smart-Home-System/install/house_interface/include/house_interface/house_interface/msg/detail/ambient_light__functions.c
[9.545s] -- Installing: /home/kronbii/github-repos/ROS2-Smart-Home-System/install/house_interface/include/house_interface/house_interface/msg/detail/ambient_light__type_support.h
[9.546s] -- Installing: /home/kronbii/github-repos/ROS2-Smart-Home-System/install/house_interface/include/house_interface/house_interface/msg/detail/ambient_light__type_support.c
[9.546s] -- Installing: /home/kronbii/github-repos/ROS2-Smart-Home-System/install/house_interface/include/house_interface/house_interface/msg/detail/ambient_light__struct.h
[9.546s] -- Installing: /home/kronbii/github-repos/ROS2-Smart-Home-System/install/house_interface/include/house_interface/house_interface/msg/detail/security_state_msg__type_support.c
[9.546s] -- Installing: /home/kronbii/github-repos/ROS2-Smart-Home-System/install/house_interface/include/house_interface/house_interface/msg/detail/security_state_msg__type_support.h
[9.546s] -- Installing: /home/kronbii/github-repos/ROS2-Smart-Home-System/install/house_interface/include/house_interface/house_interface/msg/detail/motion_detect__functions.c
[9.546s] -- Installing: /home/kronbii/github-repos/ROS2-Smart-Home-System/install/house_interface/include/house_interface/house_interface/msg/detail/security_state_msg__struct.h
[9.546s] -- Installing: /home/kronbii/github-repos/ROS2-Smart-Home-System/install/house_interface/include/house_interface/house_interface/msg/detail/light_state_msg__type_support.c
[9.546s] -- Installing: /home/kronbii/github-repos/ROS2-Smart-Home-System/install/house_interface/include/house_interface/house_interface/msg/detail/light_state_msg__functions.c
[9.546s] -- Installing: /home/kronbii/github-repos/ROS2-Smart-Home-System/install/house_interface/include/house_interface/house_interface/msg/detail/light_state_msg__functions.h
[9.547s] -- Installing: /home/kronbii/github-repos/ROS2-Smart-Home-System/install/house_interface/include/house_interface/house_interface/msg/detail/temp_state_msg__type_support.c
[9.547s] -- Installing: /home/kronbii/github-repos/ROS2-Smart-Home-System/install/house_interface/include/house_interface/house_interface/msg/detail/security_state_msg__description.c
[9.547s] -- Installing: /home/kronbii/github-repos/ROS2-Smart-Home-System/install/house_interface/include/house_interface/house_interface/msg/detail/motion_detect__type_support.h
[9.547s] -- Installing: /home/kronbii/github-repos/ROS2-Smart-Home-System/install/house_interface/include/house_interface/house_interface/msg/detail/security_state_msg__functions.h
[9.547s] -- Installing: /home/kronbii/github-repos/ROS2-Smart-Home-System/install/house_interface/include/house_interface/house_interface/msg/detail/temp_state_msg__functions.h
[9.547s] -- Installing: /home/kronbii/github-repos/ROS2-Smart-Home-System/install/house_interface/include/house_interface/house_interface/msg/detail/motion_detect__type_support.c
[9.547s] -- Installing: /home/kronbii/github-repos/ROS2-Smart-Home-System/install/house_interface/include/house_interface/house_interface/msg/detail/ambient_light__functions.h
[9.547s] -- Installing: /home/kronbii/github-repos/ROS2-Smart-Home-System/install/house_interface/include/house_interface/house_interface/msg/detail/temp_state_msg__functions.c
[9.548s] -- Installing: /home/kronbii/github-repos/ROS2-Smart-Home-System/install/house_interface/include/house_interface/house_interface/msg/detail/light_state_msg__type_support.h
[9.548s] -- Installing: /home/kronbii/github-repos/ROS2-Smart-Home-System/install/house_interface/include/house_interface/house_interface/msg/detail/motion_detect__functions.h
[9.548s] -- Installing: /home/kronbii/github-repos/ROS2-Smart-Home-System/install/house_interface/include/house_interface/house_interface/msg/detail/ambient_light__description.c
[9.548s] -- Installing: /home/kronbii/github-repos/ROS2-Smart-Home-System/install/house_interface/include/house_interface/house_interface/msg/detail/motion_detect__struct.h
[9.548s] -- Installing: /home/kronbii/github-repos/ROS2-Smart-Home-System/install/house_interface/include/house_interface/house_interface/msg/detail/security_state_msg__functions.c
[9.548s] -- Installing: /home/kronbii/github-repos/ROS2-Smart-Home-System/install/house_interface/include/house_interface/house_interface/action
[9.548s] -- Installing: /home/kronbii/github-repos/ROS2-Smart-Home-System/install/house_interface/include/house_interface/house_interface/action/dim_light.h
[9.548s] -- Installing: /home/kronbii/github-repos/ROS2-Smart-Home-System/install/house_interface/include/house_interface/house_interface/action/detail
[9.548s] -- Installing: /home/kronbii/github-repos/ROS2-Smart-Home-System/install/house_interface/include/house_interface/house_interface/action/detail/dim_light__functions.c
[9.549s] -- Installing: /home/kronbii/github-repos/ROS2-Smart-Home-System/install/house_interface/include/house_interface/house_interface/action/detail/dim_light__struct.h
[9.549s] -- Installing: /home/kronbii/github-repos/ROS2-Smart-Home-System/install/house_interface/include/house_interface/house_interface/action/detail/regulate_temp__description.c
[9.549s] -- Installing: /home/kronbii/github-repos/ROS2-Smart-Home-System/install/house_interface/include/house_interface/house_interface/action/detail/regulate_temp__functions.h
[9.549s] -- Installing: /home/kronbii/github-repos/ROS2-Smart-Home-System/install/house_interface/include/house_interface/house_interface/action/detail/dim_light__type_support.h
[9.549s] -- Installing: /home/kronbii/github-repos/ROS2-Smart-Home-System/install/house_interface/include/house_interface/house_interface/action/detail/regulate_temp__struct.h
[9.549s] -- Installing: /home/kronbii/github-repos/ROS2-Smart-Home-System/install/house_interface/include/house_interface/house_interface/action/detail/regulate_temp__functions.c
[9.549s] -- Installing: /home/kronbii/github-repos/ROS2-Smart-Home-System/install/house_interface/include/house_interface/house_interface/action/detail/regulate_temp__type_support.c
[9.550s] -- Installing: /home/kronbii/github-repos/ROS2-Smart-Home-System/install/house_interface/include/house_interface/house_interface/action/detail/regulate_temp__type_support.h
[9.550s] -- Installing: /home/kronbii/github-repos/ROS2-Smart-Home-System/install/house_interface/include/house_interface/house_interface/action/detail/dim_light__description.c
[9.550s] -- Installing: /home/kronbii/github-repos/ROS2-Smart-Home-System/install/house_interface/include/house_interface/house_interface/action/detail/dim_light__type_support.c
[9.550s] -- Installing: /home/kronbii/github-repos/ROS2-Smart-Home-System/install/house_interface/include/house_interface/house_interface/action/detail/dim_light__functions.h
[9.550s] -- Installing: /home/kronbii/github-repos/ROS2-Smart-Home-System/install/house_interface/include/house_interface/house_interface/action/regulate_temp.h
[9.550s] -- Installing: /home/kronbii/github-repos/ROS2-Smart-Home-System/install/house_interface/include/house_interface/house_interface/srv
[9.550s] -- Installing: /home/kronbii/github-repos/ROS2-Smart-Home-System/install/house_interface/include/house_interface/house_interface/srv/set_temp.h
[9.550s] -- Installing: /home/kronbii/github-repos/ROS2-Smart-Home-System/install/house_interface/include/house_interface/house_interface/srv/light_state.h
[9.551s] -- Installing: /home/kronbii/github-repos/ROS2-Smart-Home-System/install/house_interface/include/house_interface/house_interface/srv/set_security.h
[9.551s] -- Installing: /home/kronbii/github-repos/ROS2-Smart-Home-System/install/house_interface/include/house_interface/house_interface/srv/detail
[9.551s] -- Installing: /home/kronbii/github-repos/ROS2-Smart-Home-System/install/house_interface/include/house_interface/house_interface/srv/detail/set_security__type_support.c
[9.551s] -- Installing: /home/kronbii/github-repos/ROS2-Smart-Home-System/install/house_interface/include/house_interface/house_interface/srv/detail/light_state__type_support.h
[9.551s] -- Installing: /home/kronbii/github-repos/ROS2-Smart-Home-System/install/house_interface/include/house_interface/house_interface/srv/detail/set_temp__functions.h
[9.551s] -- Installing: /home/kronbii/github-repos/ROS2-Smart-Home-System/install/house_interface/include/house_interface/house_interface/srv/detail/set_security__struct.h
[9.551s] -- Installing: /home/kronbii/github-repos/ROS2-Smart-Home-System/install/house_interface/include/house_interface/house_interface/srv/detail/set_security__functions.c
[9.551s] -- Installing: /home/kronbii/github-repos/ROS2-Smart-Home-System/install/house_interface/include/house_interface/house_interface/srv/detail/light_state__type_support.c
[9.551s] -- Installing: /home/kronbii/github-repos/ROS2-Smart-Home-System/install/house_interface/include/house_interface/house_interface/srv/detail/set_temp__description.c
[9.552s] -- Installing: /home/kronbii/github-repos/ROS2-Smart-Home-System/install/house_interface/include/house_interface/house_interface/srv/detail/set_temp__functions.c
[9.552s] -- Installing: /home/kronbii/github-repos/ROS2-Smart-Home-System/install/house_interface/include/house_interface/house_interface/srv/detail/light_state__functions.c
[9.552s] -- Installing: /home/kronbii/github-repos/ROS2-Smart-Home-System/install/house_interface/include/house_interface/house_interface/srv/detail/light_state__struct.h
[9.552s] -- Installing: /home/kronbii/github-repos/ROS2-Smart-Home-System/install/house_interface/include/house_interface/house_interface/srv/detail/light_state__description.c
[9.552s] -- Installing: /home/kronbii/github-repos/ROS2-Smart-Home-System/install/house_interface/include/house_interface/house_interface/srv/detail/set_security__description.c
[9.552s] -- Installing: /home/kronbii/github-repos/ROS2-Smart-Home-System/install/house_interface/include/house_interface/house_interface/srv/detail/set_temp__type_support.c
[9.552s] -- Installing: /home/kronbii/github-repos/ROS2-Smart-Home-System/install/house_interface/include/house_interface/house_interface/srv/detail/set_security__functions.h
[9.552s] -- Installing: /home/kronbii/github-repos/ROS2-Smart-Home-System/install/house_interface/include/house_interface/house_interface/srv/detail/light_state__functions.h
[9.553s] -- Installing: /home/kronbii/github-repos/ROS2-Smart-Home-System/install/house_interface/include/house_interface/house_interface/srv/detail/set_temp__type_support.h
[9.553s] -- Installing: /home/kronbii/github-repos/ROS2-Smart-Home-System/install/house_interface/include/house_interface/house_interface/srv/detail/set_security__type_support.h
[9.553s] -- Installing: /home/kronbii/github-repos/ROS2-Smart-Home-System/install/house_interface/include/house_interface/house_interface/srv/detail/set_temp__struct.h
[9.553s] -- Installing: /home/kronbii/github-repos/ROS2-Smart-Home-System/install/house_interface/share/house_interface/environment/library_path.sh
[9.553s] -- Installing: /home/kronbii/github-repos/ROS2-Smart-Home-System/install/house_interface/share/house_interface/environment/library_path.dsv
[9.553s] -- Installing: /home/kronbii/github-repos/ROS2-Smart-Home-System/install/house_interface/lib/libhouse_interface__rosidl_generator_c.so
[9.554s] -- Set non-toolchain portion of runtime path of "/home/kronbii/github-repos/ROS2-Smart-Home-System/install/house_interface/lib/libhouse_interface__rosidl_generator_c.so" to ""
[9.554s] -- Up-to-date: /home/kronbii/github-repos/ROS2-Smart-Home-System/install/house_interface/include/house_interface/house_interface
[9.554s] -- Up-to-date: /home/kronbii/github-repos/ROS2-Smart-Home-System/install/house_interface/include/house_interface/house_interface/msg
[9.554s] -- Installing: /home/kronbii/github-repos/ROS2-Smart-Home-System/install/house_interface/include/house_interface/house_interface/msg/rosidl_typesupport_fastrtps_c__visibility_control.h
[9.554s] -- Up-to-date: /home/kronbii/github-repos/ROS2-Smart-Home-System/install/house_interface/include/house_interface/house_interface/msg/detail
[9.554s] -- Installing: /home/kronbii/github-repos/ROS2-Smart-Home-System/install/house_interface/include/house_interface/house_interface/msg/detail/light_state_msg__rosidl_typesupport_fastrtps_c.h
[9.555s] -- Installing: /home/kronbii/github-repos/ROS2-Smart-Home-System/install/house_interface/include/house_interface/house_interface/msg/detail/temp_state_msg__rosidl_typesupport_fastrtps_c.h
[9.555s] -- Installing: /home/kronbii/github-repos/ROS2-Smart-Home-System/install/house_interface/include/house_interface/house_interface/msg/detail/motion_detect__rosidl_typesupport_fastrtps_c.h
[9.555s] -- Installing: /home/kronbii/github-repos/ROS2-Smart-Home-System/install/house_interface/include/house_interface/house_interface/msg/detail/security_state_msg__rosidl_typesupport_fastrtps_c.h
[9.555s] -- Installing: /home/kronbii/github-repos/ROS2-Smart-Home-System/install/house_interface/include/house_interface/house_interface/msg/detail/ambient_light__rosidl_typesupport_fastrtps_c.h
[9.555s] -- Up-to-date: /home/kronbii/github-repos/ROS2-Smart-Home-System/install/house_interface/include/house_interface/house_interface/action
[9.555s] -- Up-to-date: /home/kronbii/github-repos/ROS2-Smart-Home-System/install/house_interface/include/house_interface/house_interface/action/detail
[9.555s] -- Installing: /home/kronbii/github-repos/ROS2-Smart-Home-System/install/house_interface/include/house_interface/house_interface/action/detail/regulate_temp__rosidl_typesupport_fastrtps_c.h
[9.555s] -- Installing: /home/kronbii/github-repos/ROS2-Smart-Home-System/install/house_interface/include/house_interface/house_interface/action/detail/dim_light__rosidl_typesupport_fastrtps_c.h
[9.555s] -- Up-to-date: /home/kronbii/github-repos/ROS2-Smart-Home-System/install/house_interface/include/house_interface/house_interface/srv
[9.555s] -- Up-to-date: /home/kronbii/github-repos/ROS2-Smart-Home-System/install/house_interface/include/house_interface/house_interface/srv/detail
[9.555s] -- Installing: /home/kronbii/github-repos/ROS2-Smart-Home-System/install/house_interface/include/house_interface/house_interface/srv/detail/set_security__rosidl_typesupport_fastrtps_c.h
[9.556s] -- Installing: /home/kronbii/github-repos/ROS2-Smart-Home-System/install/house_interface/include/house_interface/house_interface/srv/detail/set_temp__rosidl_typesupport_fastrtps_c.h
[9.556s] -- Installing: /home/kronbii/github-repos/ROS2-Smart-Home-System/install/house_interface/include/house_interface/house_interface/srv/detail/light_state__rosidl_typesupport_fastrtps_c.h
[9.556s] -- Installing: /home/kronbii/github-repos/ROS2-Smart-Home-System/install/house_interface/lib/libhouse_interface__rosidl_typesupport_fastrtps_c.so
[9.556s] -- Set non-toolchain portion of runtime path of "/home/kronbii/github-repos/ROS2-Smart-Home-System/install/house_interface/lib/libhouse_interface__rosidl_typesupport_fastrtps_c.so" to ""
[9.556s] -- Up-to-date: /home/kronbii/github-repos/ROS2-Smart-Home-System/install/house_interface/include/house_interface/house_interface
[9.556s] -- Up-to-date: /home/kronbii/github-repos/ROS2-Smart-Home-System/install/house_interface/include/house_interface/house_interface/msg
[9.556s] -- Installing: /home/kronbii/github-repos/ROS2-Smart-Home-System/install/house_interface/include/house_interface/house_interface/msg/rosidl_typesupport_introspection_c__visibility_control.h
[9.557s] -- Up-to-date: /home/kronbii/github-repos/ROS2-Smart-Home-System/install/house_interface/include/house_interface/house_interface/msg/detail
[9.557s] -- Installing: /home/kronbii/github-repos/ROS2-Smart-Home-System/install/house_interface/include/house_interface/house_interface/msg/detail/motion_detect__rosidl_typesupport_introspection_c.h
[9.557s] -- Installing: /home/kronbii/github-repos/ROS2-Smart-Home-System/install/house_interface/include/house_interface/house_interface/msg/detail/temp_state_msg__rosidl_typesupport_introspection_c.h
[9.557s] -- Installing: /home/kronbii/github-repos/ROS2-Smart-Home-System/install/house_interface/include/house_interface/house_interface/msg/detail/light_state_msg__rosidl_typesupport_introspection_c.h
[9.557s] -- Installing: /home/kronbii/github-repos/ROS2-Smart-Home-System/install/house_interface/include/house_interface/house_interface/msg/detail/ambient_light__type_support.c
[9.557s] -- Installing: /home/kronbii/github-repos/ROS2-Smart-Home-System/install/house_interface/include/house_interface/house_interface/msg/detail/security_state_msg__type_support.c
[9.557s] -- Installing: /home/kronbii/github-repos/ROS2-Smart-Home-System/install/house_interface/include/house_interface/house_interface/msg/detail/light_state_msg__type_support.c
[9.557s] -- Installing: /home/kronbii/github-repos/ROS2-Smart-Home-System/install/house_interface/include/house_interface/house_interface/msg/detail/ambient_light__rosidl_typesupport_introspection_c.h
[9.557s] -- Installing: /home/kronbii/github-repos/ROS2-Smart-Home-System/install/house_interface/include/house_interface/house_interface/msg/detail/security_state_msg__rosidl_typesupport_introspection_c.h
[9.557s] -- Installing: /home/kronbii/github-repos/ROS2-Smart-Home-System/install/house_interface/include/house_interface/house_interface/msg/detail/temp_state_msg__type_support.c
[9.558s] -- Installing: /home/kronbii/github-repos/ROS2-Smart-Home-System/install/house_interface/include/house_interface/house_interface/msg/detail/motion_detect__type_support.c
[9.558s] -- Up-to-date: /home/kronbii/github-repos/ROS2-Smart-Home-System/install/house_interface/include/house_interface/house_interface/action
[9.558s] -- Up-to-date: /home/kronbii/github-repos/ROS2-Smart-Home-System/install/house_interface/include/house_interface/house_interface/action/detail
[9.558s] -- Installing: /home/kronbii/github-repos/ROS2-Smart-Home-System/install/house_interface/include/house_interface/house_interface/action/detail/dim_light__rosidl_typesupport_introspection_c.h
[9.558s] -- Installing: /home/kronbii/github-repos/ROS2-Smart-Home-System/install/house_interface/include/house_interface/house_interface/action/detail/regulate_temp__type_support.c
[9.558s] -- Installing: /home/kronbii/github-repos/ROS2-Smart-Home-System/install/house_interface/include/house_interface/house_interface/action/detail/regulate_temp__rosidl_typesupport_introspection_c.h
[9.558s] -- Installing: /home/kronbii/github-repos/ROS2-Smart-Home-System/install/house_interface/include/house_interface/house_interface/action/detail/dim_light__type_support.c
[9.558s] -- Up-to-date: /home/kronbii/github-repos/ROS2-Smart-Home-System/install/house_interface/include/house_interface/house_interface/srv
[9.558s] -- Up-to-date: /home/kronbii/github-repos/ROS2-Smart-Home-System/install/house_interface/include/house_interface/house_interface/srv/detail
[9.559s] -- Installing: /home/kronbii/github-repos/ROS2-Smart-Home-System/install/house_interface/include/house_interface/house_interface/srv/detail/set_security__type_support.c
[9.559s] -- Installing: /home/kronbii/github-repos/ROS2-Smart-Home-System/install/house_interface/include/house_interface/house_interface/srv/detail/set_temp__rosidl_typesupport_introspection_c.h
[9.559s] -- Installing: /home/kronbii/github-repos/ROS2-Smart-Home-System/install/house_interface/include/house_interface/house_interface/srv/detail/set_security__rosidl_typesupport_introspection_c.h
[9.559s] -- Installing: /home/kronbii/github-repos/ROS2-Smart-Home-System/install/house_interface/include/house_interface/house_interface/srv/detail/light_state__type_support.c
[9.559s] -- Installing: /home/kronbii/github-repos/ROS2-Smart-Home-System/install/house_interface/include/house_interface/house_interface/srv/detail/light_state__rosidl_typesupport_introspection_c.h
[9.559s] -- Installing: /home/kronbii/github-repos/ROS2-Smart-Home-System/install/house_interface/include/house_interface/house_interface/srv/detail/set_temp__type_support.c
[9.559s] -- Installing: /home/kronbii/github-repos/ROS2-Smart-Home-System/install/house_interface/lib/libhouse_interface__rosidl_typesupport_introspection_c.so
[9.560s] -- Set non-toolchain portion of runtime path of "/home/kronbii/github-repos/ROS2-Smart-Home-System/install/house_interface/lib/libhouse_interface__rosidl_typesupport_introspection_c.so" to ""
[9.560s] -- Installing: /home/kronbii/github-repos/ROS2-Smart-Home-System/install/house_interface/lib/libhouse_interface__rosidl_typesupport_c.so
[9.560s] -- Set non-toolchain portion of runtime path of "/home/kronbii/github-repos/ROS2-Smart-Home-System/install/house_interface/lib/libhouse_interface__rosidl_typesupport_c.so" to ""
[9.560s] -- Up-to-date: /home/kronbii/github-repos/ROS2-Smart-Home-System/install/house_interface/include/house_interface/house_interface
[9.560s] -- Up-to-date: /home/kronbii/github-repos/ROS2-Smart-Home-System/install/house_interface/include/house_interface/house_interface/msg
[9.560s] -- Installing: /home/kronbii/github-repos/ROS2-Smart-Home-System/install/house_interface/include/house_interface/house_interface/msg/temp_state_msg.hpp
[9.561s] -- Installing: /home/kronbii/github-repos/ROS2-Smart-Home-System/install/house_interface/include/house_interface/house_interface/msg/ambient_light.hpp
[9.561s] -- Installing: /home/kronbii/github-repos/ROS2-Smart-Home-System/install/house_interface/include/house_interface/house_interface/msg/security_state_msg.hpp
[9.561s] -- Installing: /home/kronbii/github-repos/ROS2-Smart-Home-System/install/house_interface/include/house_interface/house_interface/msg/light_state_msg.hpp
[9.561s] -- Installing: /home/kronbii/github-repos/ROS2-Smart-Home-System/install/house_interface/include/house_interface/house_interface/msg/rosidl_generator_cpp__visibility_control.hpp
[9.561s] -- Up-to-date: /home/kronbii/github-repos/ROS2-Smart-Home-System/install/house_interface/include/house_interface/house_interface/msg/detail
[9.561s] -- Installing: /home/kronbii/github-repos/ROS2-Smart-Home-System/install/house_interface/include/house_interface/house_interface/msg/detail/light_state_msg__struct.hpp
[9.561s] -- Installing: /home/kronbii/github-repos/ROS2-Smart-Home-System/install/house_interface/include/house_interface/house_interface/msg/detail/security_state_msg__type_support.hpp
[9.561s] -- Installing: /home/kronbii/github-repos/ROS2-Smart-Home-System/install/house_interface/include/house_interface/house_interface/msg/detail/ambient_light__type_support.hpp
[9.561s] -- Installing: /home/kronbii/github-repos/ROS2-Smart-Home-System/install/house_interface/include/house_interface/house_interface/msg/detail/ambient_light__builder.hpp
[9.562s] -- Installing: /home/kronbii/github-repos/ROS2-Smart-Home-System/install/house_interface/include/house_interface/house_interface/msg/detail/motion_detect__builder.hpp
[9.562s] -- Installing: /home/kronbii/github-repos/ROS2-Smart-Home-System/install/house_interface/include/house_interface/house_interface/msg/detail/security_state_msg__struct.hpp
[9.562s] -- Installing: /home/kronbii/github-repos/ROS2-Smart-Home-System/install/house_interface/include/house_interface/house_interface/msg/detail/security_state_msg__builder.hpp
[9.562s] -- Installing: /home/kronbii/github-repos/ROS2-Smart-Home-System/install/house_interface/include/house_interface/house_interface/msg/detail/temp_state_msg__builder.hpp
[9.562s] -- Installing: /home/kronbii/github-repos/ROS2-Smart-Home-System/install/house_interface/include/house_interface/house_interface/msg/detail/light_state_msg__traits.hpp
[9.562s] -- Installing: /home/kronbii/github-repos/ROS2-Smart-Home-System/install/house_interface/include/house_interface/house_interface/msg/detail/motion_detect__traits.hpp
[9.562s] -- Installing: /home/kronbii/github-repos/ROS2-Smart-Home-System/install/house_interface/include/house_interface/house_interface/msg/detail/ambient_light__struct.hpp
[9.562s] -- Installing: /home/kronbii/github-repos/ROS2-Smart-Home-System/install/house_interface/include/house_interface/house_interface/msg/detail/temp_state_msg__struct.hpp
[9.562s] -- Installing: /home/kronbii/github-repos/ROS2-Smart-Home-System/install/house_interface/include/house_interface/house_interface/msg/detail/light_state_msg__type_support.hpp
[9.563s] -- Installing: /home/kronbii/github-repos/ROS2-Smart-Home-System/install/house_interface/include/house_interface/house_interface/msg/detail/light_state_msg__builder.hpp
[9.563s] -- Installing: /home/kronbii/github-repos/ROS2-Smart-Home-System/install/house_interface/include/house_interface/house_interface/msg/detail/temp_state_msg__type_support.hpp
[9.563s] -- Installing: /home/kronbii/github-repos/ROS2-Smart-Home-System/install/house_interface/include/house_interface/house_interface/msg/detail/motion_detect__struct.hpp
[9.563s] -- Installing: /home/kronbii/github-repos/ROS2-Smart-Home-System/install/house_interface/include/house_interface/house_interface/msg/detail/temp_state_msg__traits.hpp
[9.563s] -- Installing: /home/kronbii/github-repos/ROS2-Smart-Home-System/install/house_interface/include/house_interface/house_interface/msg/detail/motion_detect__type_support.hpp
[9.563s] -- Installing: /home/kronbii/github-repos/ROS2-Smart-Home-System/install/house_interface/include/house_interface/house_interface/msg/detail/security_state_msg__traits.hpp
[9.563s] -- Installing: /home/kronbii/github-repos/ROS2-Smart-Home-System/install/house_interface/include/house_interface/house_interface/msg/detail/ambient_light__traits.hpp
[9.563s] -- Installing: /home/kronbii/github-repos/ROS2-Smart-Home-System/install/house_interface/include/house_interface/house_interface/msg/motion_detect.hpp
[9.563s] -- Up-to-date: /home/kronbii/github-repos/ROS2-Smart-Home-System/install/house_interface/include/house_interface/house_interface/action
[9.564s] -- Installing: /home/kronbii/github-repos/ROS2-Smart-Home-System/install/house_interface/include/house_interface/house_interface/action/regulate_temp.hpp
[9.564s] -- Installing: /home/kronbii/github-repos/ROS2-Smart-Home-System/install/house_interface/include/house_interface/house_interface/action/dim_light.hpp
[9.564s] -- Up-to-date: /home/kronbii/github-repos/ROS2-Smart-Home-System/install/house_interface/include/house_interface/house_interface/action/detail
[9.564s] -- Installing: /home/kronbii/github-repos/ROS2-Smart-Home-System/install/house_interface/include/house_interface/house_interface/action/detail/regulate_temp__builder.hpp
[9.564s] -- Installing: /home/kronbii/github-repos/ROS2-Smart-Home-System/install/house_interface/include/house_interface/house_interface/action/detail/dim_light__builder.hpp
[9.564s] -- Installing: /home/kronbii/github-repos/ROS2-Smart-Home-System/install/house_interface/include/house_interface/house_interface/action/detail/dim_light__type_support.hpp
[9.564s] -- Installing: /home/kronbii/github-repos/ROS2-Smart-Home-System/install/house_interface/include/house_interface/house_interface/action/detail/dim_light__traits.hpp
[9.564s] -- Installing: /home/kronbii/github-repos/ROS2-Smart-Home-System/install/house_interface/include/house_interface/house_interface/action/detail/regulate_temp__traits.hpp
[9.564s] -- Installing: /home/kronbii/github-repos/ROS2-Smart-Home-System/install/house_interface/include/house_interface/house_interface/action/detail/regulate_temp__struct.hpp
[9.565s] -- Installing: /home/kronbii/github-repos/ROS2-Smart-Home-System/install/house_interface/include/house_interface/house_interface/action/detail/dim_light__struct.hpp
[9.565s] -- Installing: /home/kronbii/github-repos/ROS2-Smart-Home-System/install/house_interface/include/house_interface/house_interface/action/detail/regulate_temp__type_support.hpp
[9.565s] -- Up-to-date: /home/kronbii/github-repos/ROS2-Smart-Home-System/install/house_interface/include/house_interface/house_interface/srv
[9.565s] -- Installing: /home/kronbii/github-repos/ROS2-Smart-Home-System/install/house_interface/include/house_interface/house_interface/srv/set_temp.hpp
[9.565s] -- Installing: /home/kronbii/github-repos/ROS2-Smart-Home-System/install/house_interface/include/house_interface/house_interface/srv/light_state.hpp
[9.565s] -- Installing: /home/kronbii/github-repos/ROS2-Smart-Home-System/install/house_interface/include/house_interface/house_interface/srv/set_security.hpp
[9.565s] -- Up-to-date: /home/kronbii/github-repos/ROS2-Smart-Home-System/install/house_interface/include/house_interface/house_interface/srv/detail
[9.565s] -- Installing: /home/kronbii/github-repos/ROS2-Smart-Home-System/install/house_interface/include/house_interface/house_interface/srv/detail/set_security__traits.hpp
[9.565s] -- Installing: /home/kronbii/github-repos/ROS2-Smart-Home-System/install/house_interface/include/house_interface/house_interface/srv/detail/set_security__type_support.hpp
[9.566s] -- Installing: /home/kronbii/github-repos/ROS2-Smart-Home-System/install/house_interface/include/house_interface/house_interface/srv/detail/light_state__builder.hpp
[9.566s] -- Installing: /home/kronbii/github-repos/ROS2-Smart-Home-System/install/house_interface/include/house_interface/house_interface/srv/detail/light_state__traits.hpp
[9.566s] -- Installing: /home/kronbii/github-repos/ROS2-Smart-Home-System/install/house_interface/include/house_interface/house_interface/srv/detail/set_temp__traits.hpp
[9.566s] -- Installing: /home/kronbii/github-repos/ROS2-Smart-Home-System/install/house_interface/include/house_interface/house_interface/srv/detail/set_temp__struct.hpp
[9.566s] -- Installing: /home/kronbii/github-repos/ROS2-Smart-Home-System/install/house_interface/include/house_interface/house_interface/srv/detail/set_temp__builder.hpp
[9.566s] -- Installing: /home/kronbii/github-repos/ROS2-Smart-Home-System/install/house_interface/include/house_interface/house_interface/srv/detail/set_security__struct.hpp
[9.566s] -- Installing: /home/kronbii/github-repos/ROS2-Smart-Home-System/install/house_interface/include/house_interface/house_interface/srv/detail/set_temp__type_support.hpp
[9.566s] -- Installing: /home/kronbii/github-repos/ROS2-Smart-Home-System/install/house_interface/include/house_interface/house_interface/srv/detail/light_state__type_support.hpp
[9.566s] -- Installing: /home/kronbii/github-repos/ROS2-Smart-Home-System/install/house_interface/include/house_interface/house_interface/srv/detail/set_security__builder.hpp
[9.567s] -- Installing: /home/kronbii/github-repos/ROS2-Smart-Home-System/install/house_interface/include/house_interface/house_interface/srv/detail/light_state__struct.hpp
[9.567s] -- Up-to-date: /home/kronbii/github-repos/ROS2-Smart-Home-System/install/house_interface/include/house_interface/house_interface
[9.567s] -- Up-to-date: /home/kronbii/github-repos/ROS2-Smart-Home-System/install/house_interface/include/house_interface/house_interface/msg
[9.567s] -- Installing: /home/kronbii/github-repos/ROS2-Smart-Home-System/install/house_interface/include/house_interface/house_interface/msg/rosidl_typesupport_fastrtps_cpp__visibility_control.h
[9.567s] -- Up-to-date: /home/kronbii/github-repos/ROS2-Smart-Home-System/install/house_interface/include/house_interface/house_interface/msg/detail
[9.567s] -- Installing: /home/kronbii/github-repos/ROS2-Smart-Home-System/install/house_interface/include/house_interface/house_interface/msg/detail/dds_fastrtps
[9.567s] -- Installing: /home/kronbii/github-repos/ROS2-Smart-Home-System/install/house_interface/include/house_interface/house_interface/msg/detail/temp_state_msg__rosidl_typesupport_fastrtps_cpp.hpp
[9.567s] -- Installing: /home/kronbii/github-repos/ROS2-Smart-Home-System/install/house_interface/include/house_interface/house_interface/msg/detail/motion_detect__rosidl_typesupport_fastrtps_cpp.hpp
[9.567s] -- Installing: /home/kronbii/github-repos/ROS2-Smart-Home-System/install/house_interface/include/house_interface/house_interface/msg/detail/security_state_msg__rosidl_typesupport_fastrtps_cpp.hpp
[9.567s] -- Installing: /home/kronbii/github-repos/ROS2-Smart-Home-System/install/house_interface/include/house_interface/house_interface/msg/detail/light_state_msg__rosidl_typesupport_fastrtps_cpp.hpp
[9.568s] -- Installing: /home/kronbii/github-repos/ROS2-Smart-Home-System/install/house_interface/include/house_interface/house_interface/msg/detail/ambient_light__rosidl_typesupport_fastrtps_cpp.hpp
[9.568s] -- Up-to-date: /home/kronbii/github-repos/ROS2-Smart-Home-System/install/house_interface/include/house_interface/house_interface/action
[9.568s] -- Up-to-date: /home/kronbii/github-repos/ROS2-Smart-Home-System/install/house_interface/include/house_interface/house_interface/action/detail
[9.568s] -- Installing: /home/kronbii/github-repos/ROS2-Smart-Home-System/install/house_interface/include/house_interface/house_interface/action/detail/dim_light__rosidl_typesupport_fastrtps_cpp.hpp
[9.568s] -- Installing: /home/kronbii/github-repos/ROS2-Smart-Home-System/install/house_interface/include/house_interface/house_interface/action/detail/dds_fastrtps
[9.568s] -- Installing: /home/kronbii/github-repos/ROS2-Smart-Home-System/install/house_interface/include/house_interface/house_interface/action/detail/regulate_temp__rosidl_typesupport_fastrtps_cpp.hpp
[9.568s] -- Up-to-date: /home/kronbii/github-repos/ROS2-Smart-Home-System/install/house_interface/include/house_interface/house_interface/srv
[9.568s] -- Up-to-date: /home/kronbii/github-repos/ROS2-Smart-Home-System/install/house_interface/include/house_interface/house_interface/srv/detail
[9.568s] -- Installing: /home/kronbii/github-repos/ROS2-Smart-Home-System/install/house_interface/include/house_interface/house_interface/srv/detail/dds_fastrtps
[9.568s] -- Installing: /home/kronbii/github-repos/ROS2-Smart-Home-System/install/house_interface/include/house_interface/house_interface/srv/detail/set_security__rosidl_typesupport_fastrtps_cpp.hpp
[9.569s] -- Installing: /home/kronbii/github-repos/ROS2-Smart-Home-System/install/house_interface/include/house_interface/house_interface/srv/detail/set_temp__rosidl_typesupport_fastrtps_cpp.hpp
[9.569s] -- Installing: /home/kronbii/github-repos/ROS2-Smart-Home-System/install/house_interface/include/house_interface/house_interface/srv/detail/light_state__rosidl_typesupport_fastrtps_cpp.hpp
[9.569s] -- Installing: /home/kronbii/github-repos/ROS2-Smart-Home-System/install/house_interface/lib/libhouse_interface__rosidl_typesupport_fastrtps_cpp.so
[9.570s] -- Set non-toolchain portion of runtime path of "/home/kronbii/github-repos/ROS2-Smart-Home-System/install/house_interface/lib/libhouse_interface__rosidl_typesupport_fastrtps_cpp.so" to ""
[9.570s] -- Up-to-date: /home/kronbii/github-repos/ROS2-Smart-Home-System/install/house_interface/include/house_interface/house_interface
[9.570s] -- Up-to-date: /home/kronbii/github-repos/ROS2-Smart-Home-System/install/house_interface/include/house_interface/house_interface/msg
[9.570s] -- Up-to-date: /home/kronbii/github-repos/ROS2-Smart-Home-System/install/house_interface/include/house_interface/house_interface/msg/detail
[9.570s] -- Installing: /home/kronbii/github-repos/ROS2-Smart-Home-System/install/house_interface/include/house_interface/house_interface/msg/detail/motion_detect__type_support.cpp
[9.570s] -- Installing: /home/kronbii/github-repos/ROS2-Smart-Home-System/install/house_interface/include/house_interface/house_interface/msg/detail/security_state_msg__rosidl_typesupport_introspection_cpp.hpp
[9.570s] -- Installing: /home/kronbii/github-repos/ROS2-Smart-Home-System/install/house_interface/include/house_interface/house_interface/msg/detail/temp_state_msg__type_support.cpp
[9.570s] -- Installing: /home/kronbii/github-repos/ROS2-Smart-Home-System/install/house_interface/include/house_interface/house_interface/msg/detail/temp_state_msg__rosidl_typesupport_introspection_cpp.hpp
[9.570s] -- Installing: /home/kronbii/github-repos/ROS2-Smart-Home-System/install/house_interface/include/house_interface/house_interface/msg/detail/light_state_msg__type_support.cpp
[9.570s] -- Installing: /home/kronbii/github-repos/ROS2-Smart-Home-System/install/house_interface/include/house_interface/house_interface/msg/detail/ambient_light__type_support.cpp
[9.571s] -- Installing: /home/kronbii/github-repos/ROS2-Smart-Home-System/install/house_interface/include/house_interface/house_interface/msg/detail/motion_detect__rosidl_typesupport_introspection_cpp.hpp
[9.571s] -- Installing: /home/kronbii/github-repos/ROS2-Smart-Home-System/install/house_interface/include/house_interface/house_interface/msg/detail/light_state_msg__rosidl_typesupport_introspection_cpp.hpp
[9.571s] -- Installing: /home/kronbii/github-repos/ROS2-Smart-Home-System/install/house_interface/include/house_interface/house_interface/msg/detail/security_state_msg__type_support.cpp
[9.571s] -- Installing: /home/kronbii/github-repos/ROS2-Smart-Home-System/install/house_interface/include/house_interface/house_interface/msg/detail/ambient_light__rosidl_typesupport_introspection_cpp.hpp
[9.571s] -- Up-to-date: /home/kronbii/github-repos/ROS2-Smart-Home-System/install/house_interface/include/house_interface/house_interface/action
[9.571s] -- Up-to-date: /home/kronbii/github-repos/ROS2-Smart-Home-System/install/house_interface/include/house_interface/house_interface/action/detail
[9.571s] -- Installing: /home/kronbii/github-repos/ROS2-Smart-Home-System/install/house_interface/include/house_interface/house_interface/action/detail/regulate_temp__type_support.cpp
[9.571s] -- Installing: /home/kronbii/github-repos/ROS2-Smart-Home-System/install/house_interface/include/house_interface/house_interface/action/detail/regulate_temp__rosidl_typesupport_introspection_cpp.hpp
[9.571s] -- Installing: /home/kronbii/github-repos/ROS2-Smart-Home-System/install/house_interface/include/house_interface/house_interface/action/detail/dim_light__rosidl_typesupport_introspection_cpp.hpp
[9.571s] -- Installing: /home/kronbii/github-repos/ROS2-Smart-Home-System/install/house_interface/include/house_interface/house_interface/action/detail/dim_light__type_support.cpp
[9.572s] -- Up-to-date: /home/kronbii/github-repos/ROS2-Smart-Home-System/install/house_interface/include/house_interface/house_interface/srv
[9.572s] -- Up-to-date: /home/kronbii/github-repos/ROS2-Smart-Home-System/install/house_interface/include/house_interface/house_interface/srv/detail
[9.572s] -- Installing: /home/kronbii/github-repos/ROS2-Smart-Home-System/install/house_interface/include/house_interface/house_interface/srv/detail/set_security__type_support.cpp
[9.572s] -- Installing: /home/kronbii/github-repos/ROS2-Smart-Home-System/install/house_interface/include/house_interface/house_interface/srv/detail/light_state__type_support.cpp
[9.572s] -- Installing: /home/kronbii/github-repos/ROS2-Smart-Home-System/install/house_interface/include/house_interface/house_interface/srv/detail/light_state__rosidl_typesupport_introspection_cpp.hpp
[9.572s] -- Installing: /home/kronbii/github-repos/ROS2-Smart-Home-System/install/house_interface/include/house_interface/house_interface/srv/detail/set_temp__type_support.cpp
[9.572s] -- Installing: /home/kronbii/github-repos/ROS2-Smart-Home-System/install/house_interface/include/house_interface/house_interface/srv/detail/set_temp__rosidl_typesupport_introspection_cpp.hpp
[9.572s] -- Installing: /home/kronbii/github-repos/ROS2-Smart-Home-System/install/house_interface/include/house_interface/house_interface/srv/detail/set_security__rosidl_typesupport_introspection_cpp.hpp
[9.572s] -- Installing: /home/kronbii/github-repos/ROS2-Smart-Home-System/install/house_interface/lib/libhouse_interface__rosidl_typesupport_introspection_cpp.so
[9.573s] -- Set non-toolchain portion of runtime path of "/home/kronbii/github-repos/ROS2-Smart-Home-System/install/house_interface/lib/libhouse_interface__rosidl_typesupport_introspection_cpp.so" to ""
[9.573s] -- Installing: /home/kronbii/github-repos/ROS2-Smart-Home-System/install/house_interface/lib/libhouse_interface__rosidl_typesupport_cpp.so
[9.574s] -- Set non-toolchain portion of runtime path of "/home/kronbii/github-repos/ROS2-Smart-Home-System/install/house_interface/lib/libhouse_interface__rosidl_typesupport_cpp.so" to ""
[9.574s] -- Installing: /home/kronbii/github-repos/ROS2-Smart-Home-System/install/house_interface/share/house_interface/environment/pythonpath.sh
[9.574s] -- Installing: /home/kronbii/github-repos/ROS2-Smart-Home-System/install/house_interface/share/house_interface/environment/pythonpath.dsv
[9.574s] -- Installing: /home/kronbii/github-repos/ROS2-Smart-Home-System/install/house_interface/lib/python3.12/site-packages/house_interface-0.0.0-py3.12.egg-info
[9.575s] -- Installing: /home/kronbii/github-repos/ROS2-Smart-Home-System/install/house_interface/lib/python3.12/site-packages/house_interface-0.0.0-py3.12.egg-info/PKG-INFO
[9.575s] -- Installing: /home/kronbii/github-repos/ROS2-Smart-Home-System/install/house_interface/lib/python3.12/site-packages/house_interface-0.0.0-py3.12.egg-info/top_level.txt
[9.575s] -- Installing: /home/kronbii/github-repos/ROS2-Smart-Home-System/install/house_interface/lib/python3.12/site-packages/house_interface-0.0.0-py3.12.egg-info/dependency_links.txt
[9.575s] -- Installing: /home/kronbii/github-repos/ROS2-Smart-Home-System/install/house_interface/lib/python3.12/site-packages/house_interface-0.0.0-py3.12.egg-info/SOURCES.txt
[9.575s] -- Installing: /home/kronbii/github-repos/ROS2-Smart-Home-System/install/house_interface/lib/python3.12/site-packages/house_interface
[9.575s] -- Installing: /home/kronbii/github-repos/ROS2-Smart-Home-System/install/house_interface/lib/python3.12/site-packages/house_interface/msg
[9.575s] -- Installing: /home/kronbii/github-repos/ROS2-Smart-Home-System/install/house_interface/lib/python3.12/site-packages/house_interface/msg/_ambient_light.py
[9.575s] -- Installing: /home/kronbii/github-repos/ROS2-Smart-Home-System/install/house_interface/lib/python3.12/site-packages/house_interface/msg/_security_state_msg_s.c
[9.575s] -- Installing: /home/kronbii/github-repos/ROS2-Smart-Home-System/install/house_interface/lib/python3.12/site-packages/house_interface/msg/_temp_state_msg_s.c
[9.576s] -- Installing: /home/kronbii/github-repos/ROS2-Smart-Home-System/install/house_interface/lib/python3.12/site-packages/house_interface/msg/_motion_detect_s.c
[9.576s] -- Installing: /home/kronbii/github-repos/ROS2-Smart-Home-System/install/house_interface/lib/python3.12/site-packages/house_interface/msg/_ambient_light_s.c
[9.576s] -- Installing: /home/kronbii/github-repos/ROS2-Smart-Home-System/install/house_interface/lib/python3.12/site-packages/house_interface/msg/_security_state_msg.py
[9.576s] -- Installing: /home/kronbii/github-repos/ROS2-Smart-Home-System/install/house_interface/lib/python3.12/site-packages/house_interface/msg/_light_state_msg.py
[9.576s] -- Installing: /home/kronbii/github-repos/ROS2-Smart-Home-System/install/house_interface/lib/python3.12/site-packages/house_interface/msg/__init__.py
[9.576s] -- Installing: /home/kronbii/github-repos/ROS2-Smart-Home-System/install/house_interface/lib/python3.12/site-packages/house_interface/msg/_light_state_msg_s.c
[9.576s] -- Installing: /home/kronbii/github-repos/ROS2-Smart-Home-System/install/house_interface/lib/python3.12/site-packages/house_interface/msg/_temp_state_msg.py
[9.576s] -- Installing: /home/kronbii/github-repos/ROS2-Smart-Home-System/install/house_interface/lib/python3.12/site-packages/house_interface/msg/_motion_detect.py
[9.576s] -- Installing: /home/kronbii/github-repos/ROS2-Smart-Home-System/install/house_interface/lib/python3.12/site-packages/house_interface/_house_interface_s.ep.rosidl_typesupport_fastrtps_c.c
[9.577s] -- Installing: /home/kronbii/github-repos/ROS2-Smart-Home-System/install/house_interface/lib/python3.12/site-packages/house_interface/house_interface_s__rosidl_typesupport_fastrtps_c.so
[9.577s] -- Installing: /home/kronbii/github-repos/ROS2-Smart-Home-System/install/house_interface/lib/python3.12/site-packages/house_interface/_house_interface_s.ep.rosidl_typesupport_c.c
[9.577s] -- Installing: /home/kronbii/github-repos/ROS2-Smart-Home-System/install/house_interface/lib/python3.12/site-packages/house_interface/house_interface_s__rosidl_typesupport_c.so
[9.577s] -- Installing: /home/kronbii/github-repos/ROS2-Smart-Home-System/install/house_interface/lib/python3.12/site-packages/house_interface/action
[9.577s] -- Installing: /home/kronbii/github-repos/ROS2-Smart-Home-System/install/house_interface/lib/python3.12/site-packages/house_interface/action/_regulate_temp.py
[9.578s] -- Installing: /home/kronbii/github-repos/ROS2-Smart-Home-System/install/house_interface/lib/python3.12/site-packages/house_interface/action/__init__.py
[9.578s] -- Installing: /home/kronbii/github-repos/ROS2-Smart-Home-System/install/house_interface/lib/python3.12/site-packages/house_interface/action/_dim_light_s.c
[9.578s] -- Installing: /home/kronbii/github-repos/ROS2-Smart-Home-System/install/house_interface/lib/python3.12/site-packages/house_interface/action/_regulate_temp_s.c
[9.578s] -- Installing: /home/kronbii/github-repos/ROS2-Smart-Home-System/install/house_interface/lib/python3.12/site-packages/house_interface/action/_dim_light.py
[9.578s] -- Installing: /home/kronbii/github-repos/ROS2-Smart-Home-System/install/house_interface/lib/python3.12/site-packages/house_interface/house_interface_s__rosidl_typesupport_introspection_c.so
[9.578s] -- Installing: /home/kronbii/github-repos/ROS2-Smart-Home-System/install/house_interface/lib/python3.12/site-packages/house_interface/srv
[9.578s] -- Installing: /home/kronbii/github-repos/ROS2-Smart-Home-System/install/house_interface/lib/python3.12/site-packages/house_interface/srv/_set_security_s.c
[9.579s] -- Installing: /home/kronbii/github-repos/ROS2-Smart-Home-System/install/house_interface/lib/python3.12/site-packages/house_interface/srv/_set_temp.py
[9.579s] -- Installing: /home/kronbii/github-repos/ROS2-Smart-Home-System/install/house_interface/lib/python3.12/site-packages/house_interface/srv/_set_temp_s.c
[9.579s] -- Installing: /home/kronbii/github-repos/ROS2-Smart-Home-System/install/house_interface/lib/python3.12/site-packages/house_interface/srv/_set_security.py
[9.579s] -- Installing: /home/kronbii/github-repos/ROS2-Smart-Home-System/install/house_interface/lib/python3.12/site-packages/house_interface/srv/_light_state.py
[9.579s] -- Installing: /home/kronbii/github-repos/ROS2-Smart-Home-System/install/house_interface/lib/python3.12/site-packages/house_interface/srv/__init__.py
[9.579s] -- Installing: /home/kronbii/github-repos/ROS2-Smart-Home-System/install/house_interface/lib/python3.12/site-packages/house_interface/srv/_light_state_s.c
[9.579s] -- Installing: /home/kronbii/github-repos/ROS2-Smart-Home-System/install/house_interface/lib/python3.12/site-packages/house_interface/__init__.py
[9.579s] -- Installing: /home/kronbii/github-repos/ROS2-Smart-Home-System/install/house_interface/lib/python3.12/site-packages/house_interface/_house_interface_s.ep.rosidl_typesupport_introspection_c.c
[9.647s] Listing '/home/kronbii/github-repos/ROS2-Smart-Home-System/install/house_interface/lib/python3.12/site-packages/house_interface'...
[9.647s] Compiling '/home/kronbii/github-repos/ROS2-Smart-Home-System/install/house_interface/lib/python3.12/site-packages/house_interface/__init__.py'...
[9.647s] Listing '/home/kronbii/github-repos/ROS2-Smart-Home-System/install/house_interface/lib/python3.12/site-packages/house_interface/action'...
[9.647s] Compiling '/home/kronbii/github-repos/ROS2-Smart-Home-System/install/house_interface/lib/python3.12/site-packages/house_interface/action/__init__.py'...
[9.647s] Compiling '/home/kronbii/github-repos/ROS2-Smart-Home-System/install/house_interface/lib/python3.12/site-packages/house_interface/action/_dim_light.py'...
[9.648s] Compiling '/home/kronbii/github-repos/ROS2-Smart-Home-System/install/house_interface/lib/python3.12/site-packages/house_interface/action/_regulate_temp.py'...
[9.648s] Listing '/home/kronbii/github-repos/ROS2-Smart-Home-System/install/house_interface/lib/python3.12/site-packages/house_interface/msg'...
[9.648s] Compiling '/home/kronbii/github-repos/ROS2-Smart-Home-System/install/house_interface/lib/python3.12/site-packages/house_interface/msg/__init__.py'...
[9.648s] Compiling '/home/kronbii/github-repos/ROS2-Smart-Home-System/install/house_interface/lib/python3.12/site-packages/house_interface/msg/_ambient_light.py'...
[9.648s] Compiling '/home/kronbii/github-repos/ROS2-Smart-Home-System/install/house_interface/lib/python3.12/site-packages/house_interface/msg/_light_state_msg.py'...
[9.648s] Compiling '/home/kronbii/github-repos/ROS2-Smart-Home-System/install/house_interface/lib/python3.12/site-packages/house_interface/msg/_motion_detect.py'...
[9.648s] Compiling '/home/kronbii/github-repos/ROS2-Smart-Home-System/install/house_interface/lib/python3.12/site-packages/house_interface/msg/_security_state_msg.py'...
[9.648s] Compiling '/home/kronbii/github-repos/ROS2-Smart-Home-System/install/house_interface/lib/python3.12/site-packages/house_interface/msg/_temp_state_msg.py'...
[9.648s] Listing '/home/kronbii/github-repos/ROS2-Smart-Home-System/install/house_interface/lib/python3.12/site-packages/house_interface/srv'...
[9.648s] Compiling '/home/kronbii/github-repos/ROS2-Smart-Home-System/install/house_interface/lib/python3.12/site-packages/house_interface/srv/__init__.py'...
[9.648s] Compiling '/home/kronbii/github-repos/ROS2-Smart-Home-System/install/house_interface/lib/python3.12/site-packages/house_interface/srv/_light_state.py'...
[9.648s] Compiling '/home/kronbii/github-repos/ROS2-Smart-Home-System/install/house_interface/lib/python3.12/site-packages/house_interface/srv/_set_security.py'...
[9.648s] Compiling '/home/kronbii/github-repos/ROS2-Smart-Home-System/install/house_interface/lib/python3.12/site-packages/house_interface/srv/_set_temp.py'...
[9.652s] -- Installing: /home/kronbii/github-repos/ROS2-Smart-Home-System/install/house_interface/lib/python3.12/site-packages/house_interface/house_interface_s__rosidl_typesupport_fastrtps_c.so
[9.652s] -- Set non-toolchain portion of runtime path of "/home/kronbii/github-repos/ROS2-Smart-Home-System/install/house_interface/lib/python3.12/site-packages/house_interface/house_interface_s__rosidl_typesupport_fastrtps_c.so" to ""
[9.653s] -- Installing: /home/kronbii/github-repos/ROS2-Smart-Home-System/install/house_interface/lib/python3.12/site-packages/house_interface/house_interface_s__rosidl_typesupport_introspection_c.so
[9.653s] -- Set non-toolchain portion of runtime path of "/home/kronbii/github-repos/ROS2-Smart-Home-System/install/house_interface/lib/python3.12/site-packages/house_interface/house_interface_s__rosidl_typesupport_introspection_c.so" to ""
[9.653s] -- Installing: /home/kronbii/github-repos/ROS2-Smart-Home-System/install/house_interface/lib/python3.12/site-packages/house_interface/house_interface_s__rosidl_typesupport_c.so
[9.654s] -- Set non-toolchain portion of runtime path of "/home/kronbii/github-repos/ROS2-Smart-Home-System/install/house_interface/lib/python3.12/site-packages/house_interface/house_interface_s__rosidl_typesupport_c.so" to ""
[9.654s] -- Installing: /home/kronbii/github-repos/ROS2-Smart-Home-System/install/house_interface/lib/libhouse_interface__rosidl_generator_py.so
[9.654s] -- Set non-toolchain portion of runtime path of "/home/kronbii/github-repos/ROS2-Smart-Home-System/install/house_interface/lib/libhouse_interface__rosidl_generator_py.so" to ""
[9.654s] -- Installing: /home/kronbii/github-repos/ROS2-Smart-Home-System/install/house_interface/share/house_interface/msg/TempStateMsg.idl
[9.655s] -- Installing: /home/kronbii/github-repos/ROS2-Smart-Home-System/install/house_interface/share/house_interface/msg/MotionDetect.idl
[9.655s] -- Installing: /home/kronbii/github-repos/ROS2-Smart-Home-System/install/house_interface/share/house_interface/msg/AmbientLight.idl
[9.655s] -- Installing: /home/kronbii/github-repos/ROS2-Smart-Home-System/install/house_interface/share/house_interface/msg/LightStateMsg.idl
[9.655s] -- Installing: /home/kronbii/github-repos/ROS2-Smart-Home-System/install/house_interface/share/house_interface/msg/SecurityStateMsg.idl
[9.655s] -- Installing: /home/kronbii/github-repos/ROS2-Smart-Home-System/install/house_interface/share/house_interface/srv/LightState.idl
[9.655s] -- Installing: /home/kronbii/github-repos/ROS2-Smart-Home-System/install/house_interface/share/house_interface/srv/SetTemp.idl
[9.655s] -- Installing: /home/kronbii/github-repos/ROS2-Smart-Home-System/install/house_interface/share/house_interface/srv/SetSecurity.idl
[9.656s] -- Installing: /home/kronbii/github-repos/ROS2-Smart-Home-System/install/house_interface/share/house_interface/action/DimLight.idl
[9.656s] -- Installing: /home/kronbii/github-repos/ROS2-Smart-Home-System/install/house_interface/share/house_interface/action/RegulateTemp.idl
[9.656s] -- Installing: /home/kronbii/github-repos/ROS2-Smart-Home-System/install/house_interface/share/house_interface/msg/TempStateMsg.msg
[9.656s] -- Installing: /home/kronbii/github-repos/ROS2-Smart-Home-System/install/house_interface/share/house_interface/msg/MotionDetect.msg
[9.656s] -- Installing: /home/kronbii/github-repos/ROS2-Smart-Home-System/install/house_interface/share/house_interface/msg/AmbientLight.msg
[9.656s] -- Installing: /home/kronbii/github-repos/ROS2-Smart-Home-System/install/house_interface/share/house_interface/msg/LightStateMsg.msg
[9.657s] -- Installing: /home/kronbii/github-repos/ROS2-Smart-Home-System/install/house_interface/share/house_interface/msg/SecurityStateMsg.msg
[9.657s] -- Installing: /home/kronbii/github-repos/ROS2-Smart-Home-System/install/house_interface/share/house_interface/srv/LightState.srv
[9.657s] -- Installing: /home/kronbii/github-repos/ROS2-Smart-Home-System/install/house_interface/share/house_interface/srv/SetTemp.srv
[9.657s] -- Installing: /home/kronbii/github-repos/ROS2-Smart-Home-System/install/house_interface/share/house_interface/srv/SetSecurity.srv
[9.657s] -- Installing: /home/kronbii/github-repos/ROS2-Smart-Home-System/install/house_interface/share/house_interface/action/DimLight.action
[9.657s] -- Installing: /home/kronbii/github-repos/ROS2-Smart-Home-System/install/house_interface/share/house_interface/action/RegulateTemp.action
[9.657s] -- Installing: /home/kronbii/github-repos/ROS2-Smart-Home-System/install/house_interface/share/ament_index/resource_index/package_run_dependencies/house_interface
[9.658s] -- Installing: /home/kronbii/github-repos/ROS2-Smart-Home-System/install/house_interface/share/ament_index/resource_index/parent_prefix_path/house_interface
[9.658s] -- Installing: /home/kronbii/github-repos/ROS2-Smart-Home-System/install/house_interface/share/house_interface/environment/ament_prefix_path.sh
[9.658s] -- Installing: /home/kronbii/github-repos/ROS2-Smart-Home-System/install/house_interface/share/house_interface/environment/ament_prefix_path.dsv
[9.658s] -- Installing: /home/kronbii/github-repos/ROS2-Smart-Home-System/install/house_interface/share/house_interface/environment/path.sh
[9.658s] -- Installing: /home/kronbii/github-repos/ROS2-Smart-Home-System/install/house_interface/share/house_interface/environment/path.dsv
[9.658s] -- Installing: /home/kronbii/github-repos/ROS2-Smart-Home-System/install/house_interface/share/house_interface/local_setup.bash
[9.659s] -- Installing: /home/kronbii/github-repos/ROS2-Smart-Home-System/install/house_interface/share/house_interface/local_setup.sh
[9.659s] -- Installing: /home/kronbii/github-repos/ROS2-Smart-Home-System/install/house_interface/share/house_interface/local_setup.zsh
[9.659s] -- Installing: /home/kronbii/github-repos/ROS2-Smart-Home-System/install/house_interface/share/house_interface/local_setup.dsv
[9.659s] -- Installing: /home/kronbii/github-repos/ROS2-Smart-Home-System/install/house_interface/share/house_interface/package.dsv
[9.659s] -- Installing: /home/kronbii/github-repos/ROS2-Smart-Home-System/install/house_interface/share/ament_index/resource_index/packages/house_interface
[9.659s] -- Installing: /home/kronbii/github-repos/ROS2-Smart-Home-System/install/house_interface/share/house_interface/cmake/export_house_interface__rosidl_generator_cExport.cmake
[9.660s] -- Installing: /home/kronbii/github-repos/ROS2-Smart-Home-System/install/house_interface/share/house_interface/cmake/export_house_interface__rosidl_generator_cExport-noconfig.cmake
[9.660s] -- Installing: /home/kronbii/github-repos/ROS2-Smart-Home-System/install/house_interface/share/house_interface/cmake/export_house_interface__rosidl_typesupport_fastrtps_cExport.cmake
[9.660s] -- Installing: /home/kronbii/github-repos/ROS2-Smart-Home-System/install/house_interface/share/house_interface/cmake/export_house_interface__rosidl_typesupport_fastrtps_cExport-noconfig.cmake
[9.660s] -- Installing: /home/kronbii/github-repos/ROS2-Smart-Home-System/install/house_interface/share/house_interface/cmake/house_interface__rosidl_typesupport_introspection_cExport.cmake
[9.660s] -- Installing: /home/kronbii/github-repos/ROS2-Smart-Home-System/install/house_interface/share/house_interface/cmake/house_interface__rosidl_typesupport_introspection_cExport-noconfig.cmake
[9.661s] -- Installing: /home/kronbii/github-repos/ROS2-Smart-Home-System/install/house_interface/share/house_interface/cmake/house_interface__rosidl_typesupport_cExport.cmake
[9.661s] -- Installing: /home/kronbii/github-repos/ROS2-Smart-Home-System/install/house_interface/share/house_interface/cmake/house_interface__rosidl_typesupport_cExport-noconfig.cmake
[9.661s] -- Installing: /home/kronbii/github-repos/ROS2-Smart-Home-System/install/house_interface/share/house_interface/cmake/export_house_interface__rosidl_generator_cppExport.cmake
[9.661s] -- Installing: /home/kronbii/github-repos/ROS2-Smart-Home-System/install/house_interface/share/house_interface/cmake/export_house_interface__rosidl_typesupport_fastrtps_cppExport.cmake
[9.661s] -- Installing: /home/kronbii/github-repos/ROS2-Smart-Home-System/install/house_interface/share/house_interface/cmake/export_house_interface__rosidl_typesupport_fastrtps_cppExport-noconfig.cmake
[9.661s] -- Installing: /home/kronbii/github-repos/ROS2-Smart-Home-System/install/house_interface/share/house_interface/cmake/house_interface__rosidl_typesupport_introspection_cppExport.cmake
[9.662s] -- Installing: /home/kronbii/github-repos/ROS2-Smart-Home-System/install/house_interface/share/house_interface/cmake/house_interface__rosidl_typesupport_introspection_cppExport-noconfig.cmake
[9.662s] -- Installing: /home/kronbii/github-repos/ROS2-Smart-Home-System/install/house_interface/share/house_interface/cmake/house_interface__rosidl_typesupport_cppExport.cmake
[9.662s] -- Installing: /home/kronbii/github-repos/ROS2-Smart-Home-System/install/house_interface/share/house_interface/cmake/house_interface__rosidl_typesupport_cppExport-noconfig.cmake
[9.662s] -- Installing: /home/kronbii/github-repos/ROS2-Smart-Home-System/install/house_interface/share/house_interface/cmake/export_house_interface__rosidl_generator_pyExport.cmake
[9.662s] -- Installing: /home/kronbii/github-repos/ROS2-Smart-Home-System/install/house_interface/share/house_interface/cmake/export_house_interface__rosidl_generator_pyExport-noconfig.cmake
[9.662s] -- Installing: /home/kronbii/github-repos/ROS2-Smart-Home-System/install/house_interface/share/house_interface/cmake/rosidl_cmake-extras.cmake
[9.663s] -- Installing: /home/kronbii/github-repos/ROS2-Smart-Home-System/install/house_interface/share/house_interface/cmake/ament_cmake_export_dependencies-extras.cmake
[9.663s] -- Installing: /home/kronbii/github-repos/ROS2-Smart-Home-System/install/house_interface/share/house_interface/cmake/ament_cmake_export_include_directories-extras.cmake
[9.663s] -- Installing: /home/kronbii/github-repos/ROS2-Smart-Home-System/install/house_interface/share/house_interface/cmake/ament_cmake_export_libraries-extras.cmake
[9.663s] -- Installing: /home/kronbii/github-repos/ROS2-Smart-Home-System/install/house_interface/share/house_interface/cmake/ament_cmake_export_targets-extras.cmake
[9.663s] -- Installing: /home/kronbii/github-repos/ROS2-Smart-Home-System/install/house_interface/share/house_interface/cmake/rosidl_cmake_export_typesupport_targets-extras.cmake
[9.663s] -- Installing: /home/kronbii/github-repos/ROS2-Smart-Home-System/install/house_interface/share/house_interface/cmake/rosidl_cmake_export_typesupport_libraries-extras.cmake
[9.663s] -- Installing: /home/kronbii/github-repos/ROS2-Smart-Home-System/install/house_interface/share/house_interface/cmake/house_interfaceConfig.cmake
[9.664s] -- Installing: /home/kronbii/github-repos/ROS2-Smart-Home-System/install/house_interface/share/house_interface/cmake/house_interfaceConfig-version.cmake
[9.664s] -- Installing: /home/kronbii/github-repos/ROS2-Smart-Home-System/install/house_interface/share/house_interface/package.xml
[9.666s] Invoked command in '/home/kronbii/github-repos/ROS2-Smart-Home-System/build/house_interface' returned '0': CMAKE_PREFIX_PATH=${CMAKE_PREFIX_PATH}:/opt/ros/jazzy DEBUGINFOD_URLS=https://debuginfod.ubuntu.com /usr/bin/cmake --install /home/kronbii/github-repos/ROS2-Smart-Home-System/build/house_interface
