[0.093s] DEBUG:colcon:Command line arguments: ['/usr/bin/colcon', 'build', '--packages-select', 'house_interface']
[0.093s] DEBUG:colcon:Parsed command line arguments: Namespace(log_base=None, log_level=None, verb_name='build', build_base='build', install_base='install', merge_install=False, symlink_install=False, test_result_base=None, continue_on_error=False, executor='parallel', parallel_workers=16, event_handlers=None, ignore_user_meta=False, metas=['./colcon.meta'], base_paths=['.'], packages_ignore=None, packages_ignore_regex=None, paths=None, packages_up_to=None, packages_up_to_regex=None, packages_above=None, packages_above_and_dependencies=None, packages_above_depth=None, packages_select_by_dep=None, packages_skip_by_dep=None, packages_skip_up_to=None, packages_select_build_failed=False, packages_skip_build_finished=False, packages_select_test_failures=False, packages_skip_test_passed=False, packages_select=['house_interface'], packages_skip=None, packages_select_regex=None, packages_skip_regex=None, packages_start=None, packages_end=None, allow_overriding=[], cmake_args=None, cmake_target=None, cmake_target_skip_unavailable=False, cmake_clean_cache=False, cmake_clean_first=False, cmake_force_configure=False, ament_cmake_args=None, catkin_cmake_args=None, catkin_skip_building_tests=False, mixin_files=None, mixin=None, verb_parser=<colcon_mixin.mixin.mixin_argument.MixinArgumentDecorator object at 0x7cd2a9ca18b0>, verb_extension=<colcon_core.verb.build.BuildVerb object at 0x7cd2a9c46e40>, main=<bound method BuildVerb.main of <colcon_core.verb.build.BuildVerb object at 0x7cd2a9c46e40>>, mixin_verb=('build',))
[0.122s] Level 1:colcon.colcon_core.package_discovery:discover_packages(colcon_meta) check parameters
[0.122s] Level 1:colcon.colcon_core.package_discovery:discover_packages(recursive) check parameters
[0.122s] Level 1:colcon.colcon_core.package_discovery:discover_packages(ignore) check parameters
[0.122s] Level 1:colcon.colcon_core.package_discovery:discover_packages(path) check parameters
[0.122s] Level 1:colcon.colcon_core.package_discovery:discover_packages(colcon_meta) discover
[0.122s] Level 1:colcon.colcon_core.package_discovery:discover_packages(recursive) discover
[0.122s] INFO:colcon.colcon_core.package_discovery:Crawling recursively for packages in '/home/kronbii/github-repos/ROS2-Smart-Home-System'
[0.122s] Level 1:colcon.colcon_core.package_identification:_identify(.) by extensions ['ignore', 'ignore_ament_install']
[0.122s] Level 1:colcon.colcon_core.package_identification:_identify(.) by extension 'ignore'
[0.122s] Level 1:colcon.colcon_core.package_identification:_identify(.) by extension 'ignore_ament_install'
[0.122s] Level 1:colcon.colcon_core.package_identification:_identify(.) by extensions ['colcon_pkg']
[0.123s] Level 1:colcon.colcon_core.package_identification:_identify(.) by extension 'colcon_pkg'
[0.123s] Level 1:colcon.colcon_core.package_identification:_identify(.) by extensions ['colcon_meta']
[0.123s] Level 1:colcon.colcon_core.package_identification:_identify(.) by extension 'colcon_meta'
[0.123s] Level 1:colcon.colcon_core.package_identification:_identify(.) by extensions ['ros']
[0.123s] Level 1:colcon.colcon_core.package_identification:_identify(.) by extension 'ros'
[0.141s] Level 1:colcon.colcon_core.package_identification:_identify(.) by extensions ['cmake', 'python']
[0.141s] Level 1:colcon.colcon_core.package_identification:_identify(.) by extension 'cmake'
[0.142s] Level 1:colcon.colcon_core.package_identification:_identify(.) by extension 'python'
[0.142s] Level 1:colcon.colcon_core.package_identification:_identify(.) by extensions ['python_setup_py']
[0.142s] Level 1:colcon.colcon_core.package_identification:_identify(.) by extension 'python_setup_py'
[0.142s] Level 1:colcon.colcon_core.package_identification:_identify(build) by extensions ['ignore', 'ignore_ament_install']
[0.142s] Level 1:colcon.colcon_core.package_identification:_identify(build) by extension 'ignore'
[0.142s] Level 1:colcon.colcon_core.package_identification:_identify(build) ignored
[0.142s] Level 1:colcon.colcon_core.package_identification:_identify(house_interface) by extensions ['ignore', 'ignore_ament_install']
[0.142s] Level 1:colcon.colcon_core.package_identification:_identify(house_interface) by extension 'ignore'
[0.142s] Level 1:colcon.colcon_core.package_identification:_identify(house_interface) by extension 'ignore_ament_install'
[0.142s] Level 1:colcon.colcon_core.package_identification:_identify(house_interface) by extensions ['colcon_pkg']
[0.142s] Level 1:colcon.colcon_core.package_identification:_identify(house_interface) by extension 'colcon_pkg'
[0.142s] Level 1:colcon.colcon_core.package_identification:_identify(house_interface) by extensions ['colcon_meta']
[0.142s] Level 1:colcon.colcon_core.package_identification:_identify(house_interface) by extension 'colcon_meta'
[0.142s] Level 1:colcon.colcon_core.package_identification:_identify(house_interface) by extensions ['ros']
[0.142s] Level 1:colcon.colcon_core.package_identification:_identify(house_interface) by extension 'ros'
[0.144s] DEBUG:colcon.colcon_core.package_identification:Package 'house_interface' with type 'ros.ament_cmake' and name 'house_interface'
[0.144s] Level 1:colcon.colcon_core.package_identification:_identify(house_node) by extensions ['ignore', 'ignore_ament_install']
[0.144s] Level 1:colcon.colcon_core.package_identification:_identify(house_node) by extension 'ignore'
[0.144s] Level 1:colcon.colcon_core.package_identification:_identify(house_node) by extension 'ignore_ament_install'
[0.144s] Level 1:colcon.colcon_core.package_identification:_identify(house_node) by extensions ['colcon_pkg']
[0.144s] Level 1:colcon.colcon_core.package_identification:_identify(house_node) by extension 'colcon_pkg'
[0.144s] Level 1:colcon.colcon_core.package_identification:_identify(house_node) by extensions ['colcon_meta']
[0.144s] Level 1:colcon.colcon_core.package_identification:_identify(house_node) by extension 'colcon_meta'
[0.144s] Level 1:colcon.colcon_core.package_identification:_identify(house_node) by extensions ['ros']
[0.144s] Level 1:colcon.colcon_core.package_identification:_identify(house_node) by extension 'ros'
[0.145s] DEBUG:colcon.colcon_core.package_identification:Package 'house_node' with type 'ros.ament_python' and name 'house_node'
[0.145s] Level 1:colcon.colcon_core.package_identification:_identify(install) by extensions ['ignore', 'ignore_ament_install']
[0.145s] Level 1:colcon.colcon_core.package_identification:_identify(install) by extension 'ignore'
[0.145s] Level 1:colcon.colcon_core.package_identification:_identify(install) ignored
[0.145s] Level 1:colcon.colcon_core.package_identification:_identify(log) by extensions ['ignore', 'ignore_ament_install']
[0.145s] Level 1:colcon.colcon_core.package_identification:_identify(log) by extension 'ignore'
[0.145s] Level 1:colcon.colcon_core.package_identification:_identify(log) ignored
[0.145s] Level 1:colcon.colcon_core.package_discovery:discover_packages(recursive) using defaults
[0.145s] Level 1:colcon.colcon_core.package_discovery:discover_packages(ignore) discover
[0.145s] Level 1:colcon.colcon_core.package_discovery:discover_packages(ignore) using defaults
[0.145s] Level 1:colcon.colcon_core.package_discovery:discover_packages(path) discover
[0.145s] Level 1:colcon.colcon_core.package_discovery:discover_packages(path) using defaults
[0.158s] INFO:colcon.colcon_core.package_selection:Skipping not selected package 'house_node' in 'house_node'
[0.159s] Level 1:colcon.colcon_core.package_discovery:discover_packages(prefix_path) check parameters
[0.159s] Level 1:colcon.colcon_core.package_discovery:discover_packages(prefix_path) discover
[0.161s] DEBUG:colcon.colcon_installed_package_information.package_discovery:Found 308 installed packages in /opt/ros/jazzy
[0.162s] Level 1:colcon.colcon_core.package_discovery:discover_packages(prefix_path) using defaults
[0.197s] Level 5:colcon.colcon_core.verb:set package 'house_interface' build argument 'cmake_args' from command line to 'None'
[0.197s] Level 5:colcon.colcon_core.verb:set package 'house_interface' build argument 'cmake_target' from command line to 'None'
[0.197s] Level 5:colcon.colcon_core.verb:set package 'house_interface' build argument 'cmake_target_skip_unavailable' from command line to 'False'
[0.197s] Level 5:colcon.colcon_core.verb:set package 'house_interface' build argument 'cmake_clean_cache' from command line to 'False'
[0.197s] Level 5:colcon.colcon_core.verb:set package 'house_interface' build argument 'cmake_clean_first' from command line to 'False'
[0.197s] Level 5:colcon.colcon_core.verb:set package 'house_interface' build argument 'cmake_force_configure' from command line to 'False'
[0.197s] Level 5:colcon.colcon_core.verb:set package 'house_interface' build argument 'ament_cmake_args' from command line to 'None'
[0.197s] Level 5:colcon.colcon_core.verb:set package 'house_interface' build argument 'catkin_cmake_args' from command line to 'None'
[0.197s] Level 5:colcon.colcon_core.verb:set package 'house_interface' build argument 'catkin_skip_building_tests' from command line to 'False'
[0.197s] DEBUG:colcon.colcon_core.verb:Building package 'house_interface' with the following arguments: {'ament_cmake_args': None, 'build_base': '/home/kronbii/github-repos/ROS2-Smart-Home-System/build/house_interface', 'catkin_cmake_args': None, 'catkin_skip_building_tests': False, 'cmake_args': None, 'cmake_clean_cache': False, 'cmake_clean_first': False, 'cmake_force_configure': False, 'cmake_target': None, 'cmake_target_skip_unavailable': False, 'install_base': '/home/kronbii/github-repos/ROS2-Smart-Home-System/install/house_interface', 'merge_install': False, 'path': '/home/kronbii/github-repos/ROS2-Smart-Home-System/house_interface', 'symlink_install': False, 'test_result_base': None}
[0.197s] INFO:colcon.colcon_core.executor:Executing jobs using 'parallel' executor
[0.198s] DEBUG:colcon.colcon_parallel_executor.executor.parallel:run_until_complete
[0.198s] INFO:colcon.colcon_ros.task.ament_cmake.build:Building ROS package in '/home/kronbii/github-repos/ROS2-Smart-Home-System/house_interface' with build type 'ament_cmake'
[0.198s] INFO:colcon.colcon_cmake.task.cmake.build:Building CMake package in '/home/kronbii/github-repos/ROS2-Smart-Home-System/house_interface'
[0.200s] INFO:colcon.colcon_core.plugin_system:Skipping extension 'colcon_core.shell.bat': Not used on non-Windows systems
[0.200s] INFO:colcon.colcon_core.shell:Skip shell extension 'powershell' for command environment: Not usable outside of PowerShell
[0.200s] DEBUG:colcon.colcon_core.shell:Skip shell extension 'dsv' for command environment
[0.217s] DEBUG:colcon.colcon_core.event_handler.log_command:Invoking command in '/home/kronbii/github-repos/ROS2-Smart-Home-System/build/house_interface': CMAKE_PREFIX_PATH=${CMAKE_PREFIX_PATH}:/opt/ros/jazzy DEBUGINFOD_URLS=https://debuginfod.ubuntu.com /usr/bin/cmake /home/kronbii/github-repos/ROS2-Smart-Home-System/house_interface -DCMAKE_INSTALL_PREFIX=/home/kronbii/github-repos/ROS2-Smart-Home-System/install/house_interface
[3.072s] DEBUG:colcon.colcon_core.event_handler.log_command:Invoked command in '/home/kronbii/github-repos/ROS2-Smart-Home-System/build/house_interface' returned '0': CMAKE_PREFIX_PATH=${CMAKE_PREFIX_PATH}:/opt/ros/jazzy DEBUGINFOD_URLS=https://debuginfod.ubuntu.com /usr/bin/cmake /home/kronbii/github-repos/ROS2-Smart-Home-System/house_interface -DCMAKE_INSTALL_PREFIX=/home/kronbii/github-repos/ROS2-Smart-Home-System/install/house_interface
[3.073s] DEBUG:colcon.colcon_core.event_handler.log_command:Invoking command in '/home/kronbii/github-repos/ROS2-Smart-Home-System/build/house_interface': CMAKE_PREFIX_PATH=${CMAKE_PREFIX_PATH}:/opt/ros/jazzy DEBUGINFOD_URLS=https://debuginfod.ubuntu.com /usr/bin/cmake --build /home/kronbii/github-repos/ROS2-Smart-Home-System/build/house_interface -- -j16 -l16
[9.499s] DEBUG:colcon.colcon_core.event_handler.log_command:Invoked command in '/home/kronbii/github-repos/ROS2-Smart-Home-System/build/house_interface' returned '0': CMAKE_PREFIX_PATH=${CMAKE_PREFIX_PATH}:/opt/ros/jazzy DEBUGINFOD_URLS=https://debuginfod.ubuntu.com /usr/bin/cmake --build /home/kronbii/github-repos/ROS2-Smart-Home-System/build/house_interface -- -j16 -l16
[9.733s] DEBUG:colcon.colcon_core.event_handler.log_command:Invoking command in '/home/kronbii/github-repos/ROS2-Smart-Home-System/build/house_interface': CMAKE_PREFIX_PATH=${CMAKE_PREFIX_PATH}:/opt/ros/jazzy DEBUGINFOD_URLS=https://debuginfod.ubuntu.com /usr/bin/cmake --install /home/kronbii/github-repos/ROS2-Smart-Home-System/build/house_interface
[9.864s] Level 1:colcon.colcon_core.environment:create_environment_scripts_only(house_interface)
[9.865s] DEBUG:colcon.colcon_core.event_handler.log_command:Invoked command in '/home/kronbii/github-repos/ROS2-Smart-Home-System/build/house_interface' returned '0': CMAKE_PREFIX_PATH=${CMAKE_PREFIX_PATH}:/opt/ros/jazzy DEBUGINFOD_URLS=https://debuginfod.ubuntu.com /usr/bin/cmake --install /home/kronbii/github-repos/ROS2-Smart-Home-System/build/house_interface
[9.869s] Level 1:colcon.colcon_core.environment:checking '/home/kronbii/github-repos/ROS2-Smart-Home-System/install/house_interface' for CMake module files
[9.870s] Level 1:colcon.colcon_core.environment:checking '/home/kronbii/github-repos/ROS2-Smart-Home-System/install/house_interface' for CMake config files
[9.871s] Level 1:colcon.colcon_core.shell:create_environment_hook('house_interface', 'cmake_prefix_path')
[9.871s] INFO:colcon.colcon_core.shell:Creating environment hook '/home/kronbii/github-repos/ROS2-Smart-Home-System/install/house_interface/share/house_interface/hook/cmake_prefix_path.ps1'
[9.872s] INFO:colcon.colcon_core.shell:Creating environment descriptor '/home/kronbii/github-repos/ROS2-Smart-Home-System/install/house_interface/share/house_interface/hook/cmake_prefix_path.dsv'
[9.872s] INFO:colcon.colcon_core.shell:Creating environment hook '/home/kronbii/github-repos/ROS2-Smart-Home-System/install/house_interface/share/house_interface/hook/cmake_prefix_path.sh'
[9.873s] Level 1:colcon.colcon_core.environment:checking '/home/kronbii/github-repos/ROS2-Smart-Home-System/install/house_interface/lib'
[9.873s] Level 1:colcon.colcon_core.shell:create_environment_hook('house_interface', 'ld_library_path_lib')
[9.873s] INFO:colcon.colcon_core.shell:Creating environment hook '/home/kronbii/github-repos/ROS2-Smart-Home-System/install/house_interface/share/house_interface/hook/ld_library_path_lib.ps1'
[9.873s] INFO:colcon.colcon_core.shell:Creating environment descriptor '/home/kronbii/github-repos/ROS2-Smart-Home-System/install/house_interface/share/house_interface/hook/ld_library_path_lib.dsv'
[9.874s] INFO:colcon.colcon_core.shell:Creating environment hook '/home/kronbii/github-repos/ROS2-Smart-Home-System/install/house_interface/share/house_interface/hook/ld_library_path_lib.sh'
[9.874s] Level 1:colcon.colcon_core.environment:checking '/home/kronbii/github-repos/ROS2-Smart-Home-System/install/house_interface/bin'
[9.874s] Level 1:colcon.colcon_core.environment:checking '/home/kronbii/github-repos/ROS2-Smart-Home-System/install/house_interface/lib/pkgconfig/house_interface.pc'
[9.874s] Level 1:colcon.colcon_core.environment:checking '/home/kronbii/github-repos/ROS2-Smart-Home-System/install/house_interface/lib/python3.12/site-packages'
[9.874s] Level 1:colcon.colcon_core.shell:create_environment_hook('house_interface', 'pythonpath')
[9.874s] INFO:colcon.colcon_core.shell:Creating environment hook '/home/kronbii/github-repos/ROS2-Smart-Home-System/install/house_interface/share/house_interface/hook/pythonpath.ps1'
[9.875s] INFO:colcon.colcon_core.shell:Creating environment descriptor '/home/kronbii/github-repos/ROS2-Smart-Home-System/install/house_interface/share/house_interface/hook/pythonpath.dsv'
[9.875s] INFO:colcon.colcon_core.shell:Creating environment hook '/home/kronbii/github-repos/ROS2-Smart-Home-System/install/house_interface/share/house_interface/hook/pythonpath.sh'
[9.875s] Level 1:colcon.colcon_core.environment:checking '/home/kronbii/github-repos/ROS2-Smart-Home-System/install/house_interface/bin'
[9.875s] INFO:colcon.colcon_core.shell:Creating package script '/home/kronbii/github-repos/ROS2-Smart-Home-System/install/house_interface/share/house_interface/package.ps1'
[9.876s] INFO:colcon.colcon_core.shell:Creating package descriptor '/home/kronbii/github-repos/ROS2-Smart-Home-System/install/house_interface/share/house_interface/package.dsv'
[9.877s] INFO:colcon.colcon_core.shell:Creating package script '/home/kronbii/github-repos/ROS2-Smart-Home-System/install/house_interface/share/house_interface/package.sh'
[9.877s] INFO:colcon.colcon_core.shell:Creating package script '/home/kronbii/github-repos/ROS2-Smart-Home-System/install/house_interface/share/house_interface/package.bash'
[9.878s] INFO:colcon.colcon_core.shell:Creating package script '/home/kronbii/github-repos/ROS2-Smart-Home-System/install/house_interface/share/house_interface/package.zsh'
[9.878s] Level 1:colcon.colcon_core.environment:create_file_with_runtime_dependencies(/home/kronbii/github-repos/ROS2-Smart-Home-System/install/house_interface/share/colcon-core/packages/house_interface)
[10.104s] Level 1:colcon.colcon_core.environment:create_environment_scripts_only(house_interface)
[10.104s] Level 1:colcon.colcon_core.environment:checking '/home/kronbii/github-repos/ROS2-Smart-Home-System/install/house_interface' for CMake module files
[10.105s] Level 1:colcon.colcon_core.environment:checking '/home/kronbii/github-repos/ROS2-Smart-Home-System/install/house_interface' for CMake config files
[10.105s] Level 1:colcon.colcon_core.shell:create_environment_hook('house_interface', 'cmake_prefix_path')
[10.105s] INFO:colcon.colcon_core.shell:Creating environment hook '/home/kronbii/github-repos/ROS2-Smart-Home-System/install/house_interface/share/house_interface/hook/cmake_prefix_path.ps1'
[10.106s] INFO:colcon.colcon_core.shell:Creating environment descriptor '/home/kronbii/github-repos/ROS2-Smart-Home-System/install/house_interface/share/house_interface/hook/cmake_prefix_path.dsv'
[10.106s] INFO:colcon.colcon_core.shell:Creating environment hook '/home/kronbii/github-repos/ROS2-Smart-Home-System/install/house_interface/share/house_interface/hook/cmake_prefix_path.sh'
[10.107s] Level 1:colcon.colcon_core.environment:checking '/home/kronbii/github-repos/ROS2-Smart-Home-System/install/house_interface/lib'
[10.107s] Level 1:colcon.colcon_core.shell:create_environment_hook('house_interface', 'ld_library_path_lib')
[10.107s] INFO:colcon.colcon_core.shell:Creating environment hook '/home/kronbii/github-repos/ROS2-Smart-Home-System/install/house_interface/share/house_interface/hook/ld_library_path_lib.ps1'
[10.107s] INFO:colcon.colcon_core.shell:Creating environment descriptor '/home/kronbii/github-repos/ROS2-Smart-Home-System/install/house_interface/share/house_interface/hook/ld_library_path_lib.dsv'
[10.107s] INFO:colcon.colcon_core.shell:Creating environment hook '/home/kronbii/github-repos/ROS2-Smart-Home-System/install/house_interface/share/house_interface/hook/ld_library_path_lib.sh'
[10.107s] Level 1:colcon.colcon_core.environment:checking '/home/kronbii/github-repos/ROS2-Smart-Home-System/install/house_interface/bin'
[10.108s] Level 1:colcon.colcon_core.environment:checking '/home/kronbii/github-repos/ROS2-Smart-Home-System/install/house_interface/lib/pkgconfig/house_interface.pc'
[10.108s] Level 1:colcon.colcon_core.environment:checking '/home/kronbii/github-repos/ROS2-Smart-Home-System/install/house_interface/lib/python3.12/site-packages'
[10.108s] Level 1:colcon.colcon_core.shell:create_environment_hook('house_interface', 'pythonpath')
[10.108s] INFO:colcon.colcon_core.shell:Creating environment hook '/home/kronbii/github-repos/ROS2-Smart-Home-System/install/house_interface/share/house_interface/hook/pythonpath.ps1'
[10.108s] INFO:colcon.colcon_core.shell:Creating environment descriptor '/home/kronbii/github-repos/ROS2-Smart-Home-System/install/house_interface/share/house_interface/hook/pythonpath.dsv'
[10.108s] INFO:colcon.colcon_core.shell:Creating environment hook '/home/kronbii/github-repos/ROS2-Smart-Home-System/install/house_interface/share/house_interface/hook/pythonpath.sh'
[10.109s] Level 1:colcon.colcon_core.environment:checking '/home/kronbii/github-repos/ROS2-Smart-Home-System/install/house_interface/bin'
[10.109s] INFO:colcon.colcon_core.shell:Creating package script '/home/kronbii/github-repos/ROS2-Smart-Home-System/install/house_interface/share/house_interface/package.ps1'
[10.110s] INFO:colcon.colcon_core.shell:Creating package descriptor '/home/kronbii/github-repos/ROS2-Smart-Home-System/install/house_interface/share/house_interface/package.dsv'
[10.110s] INFO:colcon.colcon_core.shell:Creating package script '/home/kronbii/github-repos/ROS2-Smart-Home-System/install/house_interface/share/house_interface/package.sh'
[10.110s] INFO:colcon.colcon_core.shell:Creating package script '/home/kronbii/github-repos/ROS2-Smart-Home-System/install/house_interface/share/house_interface/package.bash'
[10.111s] INFO:colcon.colcon_core.shell:Creating package script '/home/kronbii/github-repos/ROS2-Smart-Home-System/install/house_interface/share/house_interface/package.zsh'
[10.111s] Level 1:colcon.colcon_core.environment:create_file_with_runtime_dependencies(/home/kronbii/github-repos/ROS2-Smart-Home-System/install/house_interface/share/colcon-core/packages/house_interface)
[10.111s] DEBUG:colcon.colcon_parallel_executor.executor.parallel:closing loop
[10.111s] DEBUG:colcon.colcon_parallel_executor.executor.parallel:loop closed
[10.112s] DEBUG:colcon.colcon_parallel_executor.executor.parallel:run_until_complete finished with '0'
[10.112s] DEBUG:colcon.colcon_core.event_reactor:joining thread
[10.116s] INFO:colcon.colcon_core.plugin_system:Skipping extension 'colcon_notification.desktop_notification.terminal_notifier': Not used on non-Darwin systems
[10.116s] INFO:colcon.colcon_core.plugin_system:Skipping extension 'colcon_notification.desktop_notification.win32': Not used on non-Windows systems
[10.116s] INFO:colcon.colcon_notification.desktop_notification:Sending desktop notification using 'notify2'
[10.144s] DEBUG:colcon.colcon_core.event_reactor:joined thread
[10.145s] INFO:colcon.colcon_core.shell:Creating prefix script '/home/kronbii/github-repos/ROS2-Smart-Home-System/install/local_setup.ps1'
[10.146s] INFO:colcon.colcon_core.shell:Creating prefix util module '/home/kronbii/github-repos/ROS2-Smart-Home-System/install/_local_setup_util_ps1.py'
[10.146s] INFO:colcon.colcon_core.shell:Creating prefix chain script '/home/kronbii/github-repos/ROS2-Smart-Home-System/install/setup.ps1'
[10.147s] INFO:colcon.colcon_core.shell:Creating prefix script '/home/kronbii/github-repos/ROS2-Smart-Home-System/install/local_setup.sh'
[10.147s] INFO:colcon.colcon_core.shell:Creating prefix util module '/home/kronbii/github-repos/ROS2-Smart-Home-System/install/_local_setup_util_sh.py'
[10.148s] INFO:colcon.colcon_core.shell:Creating prefix chain script '/home/kronbii/github-repos/ROS2-Smart-Home-System/install/setup.sh'
[10.148s] INFO:colcon.colcon_core.shell:Creating prefix script '/home/kronbii/github-repos/ROS2-Smart-Home-System/install/local_setup.bash'
[10.149s] INFO:colcon.colcon_core.shell:Creating prefix chain script '/home/kronbii/github-repos/ROS2-Smart-Home-System/install/setup.bash'
[10.149s] INFO:colcon.colcon_core.shell:Creating prefix script '/home/kronbii/github-repos/ROS2-Smart-Home-System/install/local_setup.zsh'
[10.150s] INFO:colcon.colcon_core.shell:Creating prefix chain script '/home/kronbii/github-repos/ROS2-Smart-Home-System/install/setup.zsh'
